INFO - 2024-09-13 08:42:00 --> Session: Class initialized using 'CodeIgniter\Session\Handlers\FileHandler' driver.
INFO - 2024-09-13 08:42:04 --> Session: Class initialized using 'CodeIgniter\Session\Handlers\FileHandler' driver.
INFO - 2024-09-13 08:43:08 --> Session: Class initialized using 'CodeIgniter\Session\Handlers\FileHandler' driver.
INFO - 2024-09-13 08:43:09 --> Session: Class initialized using 'CodeIgniter\Session\Handlers\FileHandler' driver.
INFO - 2024-09-13 08:43:29 --> Session: Class initialized using 'CodeIgniter\Session\Handlers\FileHandler' driver.
INFO - 2024-09-13 08:57:36 --> Session: Class initialized using 'CodeIgniter\Session\Handlers\FileHandler' driver.
INFO - 2024-09-13 10:16:26 --> Session: Class initialized using 'CodeIgniter\Session\Handlers\FileHandler' driver.
INFO - 2024-09-13 10:16:40 --> Session: Class initialized using 'CodeIgniter\Session\Handlers\FileHandler' driver.
INFO - 2024-09-13 13:01:19 --> Session: Class initialized using 'CodeIgniter\Session\Handlers\FileHandler' driver.
INFO - 2024-09-13 13:01:21 --> Session: Class initialized using 'CodeIgniter\Session\Handlers\FileHandler' driver.
INFO - 2024-09-13 13:01:22 --> Session: Class initialized using 'CodeIgniter\Session\Handlers\FileHandler' driver.
INFO - 2024-09-13 13:03:08 --> Session: Class initialized using 'CodeIgniter\Session\Handlers\FileHandler' driver.
INFO - 2024-09-13 13:04:19 --> Session: Class initialized using 'CodeIgniter\Session\Handlers\FileHandler' driver.
INFO - 2024-09-13 13:04:38 --> Session: Class initialized using 'CodeIgniter\Session\Handlers\FileHandler' driver.
INFO - 2024-09-13 13:04:38 --> Session: Class initialized using 'CodeIgniter\Session\Handlers\FileHandler' driver.
CRITICAL - 2024-09-13 13:04:39 --> ErrorException: Attempt to read property "nim_nis" on array
in APPPATH\Views\Admin\v_rekapSiswa.php on line 138.
 1 APPPATH\Views\Admin\v_rekapSiswa.php(138): CodeIgniter\Debug\Exceptions->errorHandler(2, 'Attempt to read property "nim_nis" on array', 'C:\\Absensi-Prakerin-\\app\\Views\\Admin\\v_rekapSiswa.php', 138)
 2 SYSTEMPATH\View\View.php(228): include('C:\\Absensi-Prakerin-\\app\\Views\\Admin\\v_rekapSiswa.php')
 3 SYSTEMPATH\View\View.php(231): CodeIgniter\View\View->CodeIgniter\View\{closure}()
 4 SYSTEMPATH\Common.php(1178): CodeIgniter\View\View->render('Admin/v_rekapSiswa', [], true)
 5 APPPATH\Controllers\Admin\Admin.php(459): view('Admin/v_rekapSiswa', [...])
 6 SYSTEMPATH\CodeIgniter.php(943): App\Controllers\Admin\Admin->rekap_siswa()
 7 SYSTEMPATH\CodeIgniter.php(503): CodeIgniter\CodeIgniter->runController(Object(App\Controllers\Admin\Admin))
 8 SYSTEMPATH\CodeIgniter.php(361): CodeIgniter\CodeIgniter->handleRequest(null, Object(Config\Cache), false)
 9 FCPATH\index.php(79): CodeIgniter\CodeIgniter->run()
10 SYSTEMPATH\Commands\Server\rewrite.php(47): require_once('C:\\Absensi-Prakerin-\\public\\index.php')
INFO - 2024-09-13 13:04:48 --> Session: Class initialized using 'CodeIgniter\Session\Handlers\FileHandler' driver.
INFO - 2024-09-13 13:05:13 --> Session: Class initialized using 'CodeIgniter\Session\Handlers\FileHandler' driver.
INFO - 2024-09-13 13:05:14 --> Session: Class initialized using 'CodeIgniter\Session\Handlers\FileHandler' driver.
CRITICAL - 2024-09-13 13:05:14 --> ErrorException: Attempt to read property "nim_nis" on array
in APPPATH\Views\Admin\v_rekapSiswa.php on line 138.
 1 APPPATH\Views\Admin\v_rekapSiswa.php(138): CodeIgniter\Debug\Exceptions->errorHandler(2, 'Attempt to read property "nim_nis" on array', 'C:\\Absensi-Prakerin-\\app\\Views\\Admin\\v_rekapSiswa.php', 138)
 2 SYSTEMPATH\View\View.php(228): include('C:\\Absensi-Prakerin-\\app\\Views\\Admin\\v_rekapSiswa.php')
 3 SYSTEMPATH\View\View.php(231): CodeIgniter\View\View->CodeIgniter\View\{closure}()
 4 SYSTEMPATH\Common.php(1178): CodeIgniter\View\View->render('Admin/v_rekapSiswa', [], true)
 5 APPPATH\Controllers\Admin\Admin.php(459): view('Admin/v_rekapSiswa', [...])
 6 SYSTEMPATH\CodeIgniter.php(943): App\Controllers\Admin\Admin->rekap_siswa()
 7 SYSTEMPATH\CodeIgniter.php(503): CodeIgniter\CodeIgniter->runController(Object(App\Controllers\Admin\Admin))
 8 SYSTEMPATH\CodeIgniter.php(361): CodeIgniter\CodeIgniter->handleRequest(null, Object(Config\Cache), false)
 9 FCPATH\index.php(79): CodeIgniter\CodeIgniter->run()
10 SYSTEMPATH\Commands\Server\rewrite.php(47): require_once('C:\\Absensi-Prakerin-\\public\\index.php')
INFO - 2024-09-13 13:05:28 --> Session: Class initialized using 'CodeIgniter\Session\Handlers\FileHandler' driver.
INFO - 2024-09-13 13:05:51 --> Session: Class initialized using 'CodeIgniter\Session\Handlers\FileHandler' driver.
INFO - 2024-09-13 13:06:14 --> Session: Class initialized using 'CodeIgniter\Session\Handlers\FileHandler' driver.
INFO - 2024-09-13 13:06:28 --> Session: Class initialized using 'CodeIgniter\Session\Handlers\FileHandler' driver.
INFO - 2024-09-13 13:06:28 --> Session: Class initialized using 'CodeIgniter\Session\Handlers\FileHandler' driver.
CRITICAL - 2024-09-13 13:06:28 --> ErrorException: Attempt to read property "nim_nis" on array
in APPPATH\Views\Admin\v_rekapSiswa.php on line 138.
 1 APPPATH\Views\Admin\v_rekapSiswa.php(138): CodeIgniter\Debug\Exceptions->errorHandler(2, 'Attempt to read property "nim_nis" on array', 'C:\\Absensi-Prakerin-\\app\\Views\\Admin\\v_rekapSiswa.php', 138)
 2 SYSTEMPATH\View\View.php(228): include('C:\\Absensi-Prakerin-\\app\\Views\\Admin\\v_rekapSiswa.php')
 3 SYSTEMPATH\View\View.php(231): CodeIgniter\View\View->CodeIgniter\View\{closure}()
 4 SYSTEMPATH\Common.php(1178): CodeIgniter\View\View->render('Admin/v_rekapSiswa', [], true)
 5 APPPATH\Controllers\Admin\Admin.php(459): view('Admin/v_rekapSiswa', [...])
 6 SYSTEMPATH\CodeIgniter.php(943): App\Controllers\Admin\Admin->rekap_siswa()
 7 SYSTEMPATH\CodeIgniter.php(503): CodeIgniter\CodeIgniter->runController(Object(App\Controllers\Admin\Admin))
 8 SYSTEMPATH\CodeIgniter.php(361): CodeIgniter\CodeIgniter->handleRequest(null, Object(Config\Cache), false)
 9 FCPATH\index.php(79): CodeIgniter\CodeIgniter->run()
10 SYSTEMPATH\Commands\Server\rewrite.php(47): require_once('C:\\Absensi-Prakerin-\\public\\index.php')
INFO - 2024-09-13 13:06:39 --> Session: Class initialized using 'CodeIgniter\Session\Handlers\FileHandler' driver.
