INFO - 2024-10-18 10:51:53 --> Session: Class initialized using 'CodeIgniter\Session\Handlers\FileHandler' driver.
INFO - 2024-10-18 10:51:59 --> Session: Class initialized using 'CodeIgniter\Session\Handlers\FileHandler' driver.
INFO - 2024-10-18 10:53:54 --> Session: Class initialized using 'CodeIgniter\Session\Handlers\FileHandler' driver.
INFO - 2024-10-18 10:54:22 --> Session: Class initialized using 'CodeIgniter\Session\Handlers\FileHandler' driver.
INFO - 2024-10-18 10:54:28 --> Session: Class initialized using 'CodeIgniter\Session\Handlers\FileHandler' driver.
INFO - 2024-10-18 10:57:21 --> Session: Class initialized using 'CodeIgniter\Session\Handlers\FileHandler' driver.
INFO - 2024-10-18 10:57:31 --> Session: Class initialized using 'CodeIgniter\Session\Handlers\FileHandler' driver.
INFO - 2024-10-18 10:57:49 --> Session: Class initialized using 'CodeIgniter\Session\Handlers\FileHandler' driver.
INFO - 2024-10-18 10:58:09 --> Session: Class initialized using 'CodeIgniter\Session\Handlers\FileHandler' driver.
INFO - 2024-10-18 10:58:15 --> Session: Class initialized using 'CodeIgniter\Session\Handlers\FileHandler' driver.
INFO - 2024-10-18 10:58:28 --> Session: Class initialized using 'CodeIgniter\Session\Handlers\FileHandler' driver.
INFO - 2024-10-18 10:58:29 --> Session: Class initialized using 'CodeIgniter\Session\Handlers\FileHandler' driver.
INFO - 2024-10-18 10:58:36 --> Session: Class initialized using 'CodeIgniter\Session\Handlers\FileHandler' driver.
INFO - 2024-10-18 10:59:03 --> Session: Class initialized using 'CodeIgniter\Session\Handlers\FileHandler' driver.
INFO - 2024-10-18 11:00:07 --> Session: Class initialized using 'CodeIgniter\Session\Handlers\FileHandler' driver.
INFO - 2024-10-18 11:00:27 --> Session: Class initialized using 'CodeIgniter\Session\Handlers\FileHandler' driver.
INFO - 2024-10-18 11:00:28 --> Session: Class initialized using 'CodeIgniter\Session\Handlers\FileHandler' driver.
INFO - 2024-10-18 11:00:42 --> Session: Class initialized using 'CodeIgniter\Session\Handlers\FileHandler' driver.
INFO - 2024-10-18 11:06:26 --> Session: Class initialized using 'CodeIgniter\Session\Handlers\FileHandler' driver.
INFO - 2024-10-18 11:15:49 --> Session: Class initialized using 'CodeIgniter\Session\Handlers\FileHandler' driver.
INFO - 2024-10-18 11:33:17 --> Session: Class initialized using 'CodeIgniter\Session\Handlers\FileHandler' driver.
CRITICAL - 2024-10-18 11:33:17 --> ErrorException: Undefined array key "foto_absen"
in APPPATH\Views\User\v_historyActivity.php on line 48.
 1 APPPATH\Views\User\v_historyActivity.php(48): CodeIgniter\Debug\Exceptions->errorHandler(2, 'Undefined array key "foto_absen"', 'D:\\Absensi-Prakerin-\\app\\Views\\User\\v_historyActivity.php', 48)
 2 SYSTEMPATH\View\View.php(228): include('D:\\Absensi-Prakerin-\\app\\Views\\User\\v_historyActivity.php')
 3 SYSTEMPATH\View\View.php(231): CodeIgniter\View\View->CodeIgniter\View\{closure}()
 4 SYSTEMPATH\Common.php(1178): CodeIgniter\View\View->render('User/v_historyActivity', [], true)
 5 APPPATH\Controllers\User\User.php(448): view('User/v_historyActivity', [...])
 6 SYSTEMPATH\CodeIgniter.php(943): App\Controllers\User\User->historyActivity()
 7 SYSTEMPATH\CodeIgniter.php(503): CodeIgniter\CodeIgniter->runController(Object(App\Controllers\User\User))
 8 SYSTEMPATH\CodeIgniter.php(361): CodeIgniter\CodeIgniter->handleRequest(null, Object(Config\Cache), false)
 9 FCPATH\index.php(79): CodeIgniter\CodeIgniter->run()
10 SYSTEMPATH\Commands\Server\rewrite.php(47): require_once('D:\\Absensi-Prakerin-\\public\\index.php')
INFO - 2024-10-18 11:37:08 --> Session: Class initialized using 'CodeIgniter\Session\Handlers\FileHandler' driver.
CRITICAL - 2024-10-18 11:37:08 --> ParseError: syntax error, unexpected token "}"
in APPPATH\Views\User\v_historyActivity.php on line 32.
 1 SYSTEMPATH\View\View.php(231): CodeIgniter\View\View->CodeIgniter\View\{closure}()
 2 SYSTEMPATH\Common.php(1178): CodeIgniter\View\View->render('User/v_historyActivity', [], true)
 3 APPPATH\Controllers\User\User.php(448): view('User/v_historyActivity', [...])
 4 SYSTEMPATH\CodeIgniter.php(943): App\Controllers\User\User->historyActivity()
 5 SYSTEMPATH\CodeIgniter.php(503): CodeIgniter\CodeIgniter->runController(Object(App\Controllers\User\User))
 6 SYSTEMPATH\CodeIgniter.php(361): CodeIgniter\CodeIgniter->handleRequest(null, Object(Config\Cache), false)
 7 FCPATH\index.php(79): CodeIgniter\CodeIgniter->run()
 8 SYSTEMPATH\Commands\Server\rewrite.php(47): require_once('D:\\Absensi-Prakerin-\\public\\index.php')
INFO - 2024-10-18 11:37:10 --> Session: Class initialized using 'CodeIgniter\Session\Handlers\FileHandler' driver.
CRITICAL - 2024-10-18 11:37:10 --> ParseError: syntax error, unexpected token "}"
in APPPATH\Views\User\v_historyActivity.php on line 32.
 1 SYSTEMPATH\View\View.php(231): CodeIgniter\View\View->CodeIgniter\View\{closure}()
 2 SYSTEMPATH\Common.php(1178): CodeIgniter\View\View->render('User/v_historyActivity', [], true)
 3 APPPATH\Controllers\User\User.php(448): view('User/v_historyActivity', [...])
 4 SYSTEMPATH\CodeIgniter.php(943): App\Controllers\User\User->historyActivity()
 5 SYSTEMPATH\CodeIgniter.php(503): CodeIgniter\CodeIgniter->runController(Object(App\Controllers\User\User))
 6 SYSTEMPATH\CodeIgniter.php(361): CodeIgniter\CodeIgniter->handleRequest(null, Object(Config\Cache), false)
 7 FCPATH\index.php(79): CodeIgniter\CodeIgniter->run()
 8 SYSTEMPATH\Commands\Server\rewrite.php(47): require_once('D:\\Absensi-Prakerin-\\public\\index.php')
INFO - 2024-10-18 11:37:21 --> Session: Class initialized using 'CodeIgniter\Session\Handlers\FileHandler' driver.
INFO - 2024-10-18 11:37:28 --> Session: Class initialized using 'CodeIgniter\Session\Handlers\FileHandler' driver.
INFO - 2024-10-18 11:37:31 --> Session: Class initialized using 'CodeIgniter\Session\Handlers\FileHandler' driver.
INFO - 2024-10-18 11:39:26 --> Session: Class initialized using 'CodeIgniter\Session\Handlers\FileHandler' driver.
INFO - 2024-10-18 11:39:30 --> Session: Class initialized using 'CodeIgniter\Session\Handlers\FileHandler' driver.
INFO - 2024-10-18 11:39:34 --> Session: Class initialized using 'CodeIgniter\Session\Handlers\FileHandler' driver.
INFO - 2024-10-18 11:40:09 --> Session: Class initialized using 'CodeIgniter\Session\Handlers\FileHandler' driver.
INFO - 2024-10-18 11:40:25 --> Session: Class initialized using 'CodeIgniter\Session\Handlers\FileHandler' driver.
INFO - 2024-10-18 11:41:52 --> Session: Class initialized using 'CodeIgniter\Session\Handlers\FileHandler' driver.
CRITICAL - 2024-10-18 11:41:52 --> ErrorException: Undefined variable $nama_instansi
in APPPATH\Views\User\v_history_attendance.php on line 46.
 1 APPPATH\Views\User\v_history_attendance.php(46): CodeIgniter\Debug\Exceptions->errorHandler(2, 'Undefined variable $nama_instansi', 'D:\\Absensi-Prakerin-\\app\\Views\\User\\v_history_attendance.php', 46)
 2 SYSTEMPATH\View\View.php(228): include('D:\\Absensi-Prakerin-\\app\\Views\\User\\v_history_attendance.php')
 3 SYSTEMPATH\View\View.php(231): CodeIgniter\View\View->CodeIgniter\View\{closure}()
 4 SYSTEMPATH\Common.php(1178): CodeIgniter\View\View->render('User/v_history_attendance', [], true)
 5 APPPATH\Controllers\User\User.php(243): view('User/v_history_attendance', [...])
 6 SYSTEMPATH\CodeIgniter.php(943): App\Controllers\User\User->historyAttendace()
 7 SYSTEMPATH\CodeIgniter.php(503): CodeIgniter\CodeIgniter->runController(Object(App\Controllers\User\User))
 8 SYSTEMPATH\CodeIgniter.php(361): CodeIgniter\CodeIgniter->handleRequest(null, Object(Config\Cache), false)
 9 FCPATH\index.php(79): CodeIgniter\CodeIgniter->run()
10 SYSTEMPATH\Commands\Server\rewrite.php(47): require_once('D:\\Absensi-Prakerin-\\public\\index.php')
INFO - 2024-10-18 11:43:06 --> Session: Class initialized using 'CodeIgniter\Session\Handlers\FileHandler' driver.
CRITICAL - 2024-10-18 11:43:06 --> ErrorException: Undefined variable $nama_instansi
in APPPATH\Views\User\v_history_attendance.php on line 46.
 1 APPPATH\Views\User\v_history_attendance.php(46): CodeIgniter\Debug\Exceptions->errorHandler(2, 'Undefined variable $nama_instansi', 'D:\\Absensi-Prakerin-\\app\\Views\\User\\v_history_attendance.php', 46)
 2 SYSTEMPATH\View\View.php(228): include('D:\\Absensi-Prakerin-\\app\\Views\\User\\v_history_attendance.php')
 3 SYSTEMPATH\View\View.php(231): CodeIgniter\View\View->CodeIgniter\View\{closure}()
 4 SYSTEMPATH\Common.php(1178): CodeIgniter\View\View->render('User/v_history_attendance', [], true)
 5 APPPATH\Controllers\User\User.php(243): view('User/v_history_attendance', [...])
 6 SYSTEMPATH\CodeIgniter.php(943): App\Controllers\User\User->historyAttendace()
 7 SYSTEMPATH\CodeIgniter.php(503): CodeIgniter\CodeIgniter->runController(Object(App\Controllers\User\User))
 8 SYSTEMPATH\CodeIgniter.php(361): CodeIgniter\CodeIgniter->handleRequest(null, Object(Config\Cache), false)
 9 FCPATH\index.php(79): CodeIgniter\CodeIgniter->run()
10 SYSTEMPATH\Commands\Server\rewrite.php(47): require_once('D:\\Absensi-Prakerin-\\public\\index.php')
INFO - 2024-10-18 11:44:51 --> Session: Class initialized using 'CodeIgniter\Session\Handlers\FileHandler' driver.
ERROR - 2024-10-18 11:44:51 --> mysqli_sql_exception: Unknown column 'id' in 'order clause' in D:\Absensi-Prakerin-\vendor\codeigniter4\framework\system\Database\MySQLi\Connection.php:306
Stack trace:
#0 D:\Absensi-Prakerin-\vendor\codeigniter4\framework\system\Database\MySQLi\Connection.php(306): mysqli->query('SELECT *\nFROM `...', 0)
#1 D:\Absensi-Prakerin-\vendor\codeigniter4\framework\system\Database\BaseConnection.php(693): CodeIgniter\Database\MySQLi\Connection->execute('SELECT *\nFROM `...')
#2 D:\Absensi-Prakerin-\vendor\codeigniter4\framework\system\Database\BaseConnection.php(607): CodeIgniter\Database\BaseConnection->simpleQuery('SELECT *\nFROM `...')
#3 D:\Absensi-Prakerin-\vendor\codeigniter4\framework\system\Database\BaseBuilder.php(1616): CodeIgniter\Database\BaseConnection->query('SELECT *\nFROM `...', Array, false)
#4 D:\Absensi-Prakerin-\vendor\codeigniter4\framework\system\Model.php(243): CodeIgniter\Database\BaseBuilder->get()
#5 D:\Absensi-Prakerin-\vendor\codeigniter4\framework\system\BaseModel.php(641): CodeIgniter\Model->doFindAll(10, 0)
#6 D:\Absensi-Prakerin-\vendor\codeigniter4\framework\system\BaseModel.php(1246): CodeIgniter\BaseModel->findAll(10, 0)
#7 D:\Absensi-Prakerin-\app\Controllers\User\User.php(226): CodeIgniter\BaseModel->paginate(10, 'absensi')
#8 D:\Absensi-Prakerin-\vendor\codeigniter4\framework\system\CodeIgniter.php(943): App\Controllers\User\User->historyAttendace()
#9 D:\Absensi-Prakerin-\vendor\codeigniter4\framework\system\CodeIgniter.php(503): CodeIgniter\CodeIgniter->runController(Object(App\Controllers\User\User))
#10 D:\Absensi-Prakerin-\vendor\codeigniter4\framework\system\CodeIgniter.php(361): CodeIgniter\CodeIgniter->handleRequest(NULL, Object(Config\Cache), false)
#11 D:\Absensi-Prakerin-\public\index.php(79): CodeIgniter\CodeIgniter->run()
#12 D:\Absensi-Prakerin-\vendor\codeigniter4\framework\system\Commands\Server\rewrite.php(47): require_once('D:\\Absensi-Prak...')
#13 {main}
CRITICAL - 2024-10-18 11:44:51 --> CodeIgniter\Database\Exceptions\DatabaseException: Unknown column 'id' in 'order clause'
in SYSTEMPATH\Database\BaseConnection.php on line 647.
 1 SYSTEMPATH\Database\BaseBuilder.php(1616): CodeIgniter\Database\BaseConnection->query('SELECT *
FROM `member`
WHERE `nim_nis` = :nim_nis:
ORDER BY `id` DESC
 LIMIT 10', [...], false)
 2 SYSTEMPATH\Model.php(243): CodeIgniter\Database\BaseBuilder->get()
 3 SYSTEMPATH\BaseModel.php(641): CodeIgniter\Model->doFindAll(10, 0)
 4 SYSTEMPATH\BaseModel.php(1246): CodeIgniter\BaseModel->findAll(10, 0)
 5 APPPATH\Controllers\User\User.php(226): CodeIgniter\BaseModel->paginate(10, 'absensi')
 6 SYSTEMPATH\CodeIgniter.php(943): App\Controllers\User\User->historyAttendace()
 7 SYSTEMPATH\CodeIgniter.php(503): CodeIgniter\CodeIgniter->runController(Object(App\Controllers\User\User))
 8 SYSTEMPATH\CodeIgniter.php(361): CodeIgniter\CodeIgniter->handleRequest(null, Object(Config\Cache), false)
 9 FCPATH\index.php(79): CodeIgniter\CodeIgniter->run()
10 SYSTEMPATH\Commands\Server\rewrite.php(47): require_once('D:\\Absensi-Prakerin-\\public\\index.php')
CRITICAL - 2024-10-18 11:44:51 --> [Caused by] CodeIgniter\Database\Exceptions\DatabaseException: Unknown column 'id' in 'order clause'
in SYSTEMPATH\Database\MySQLi\Connection.php on line 311.
 1 SYSTEMPATH\Database\BaseConnection.php(693): CodeIgniter\Database\MySQLi\Connection->execute('SELECT *
FROM `member`
WHERE `nim_nis` = \'141141\'
ORDER BY `id` DESC
 LIMIT 10')
 2 SYSTEMPATH\Database\BaseConnection.php(607): CodeIgniter\Database\BaseConnection->simpleQuery('SELECT *
FROM `member`
WHERE `nim_nis` = \'141141\'
ORDER BY `id` DESC
 LIMIT 10')
 3 SYSTEMPATH\Database\BaseBuilder.php(1616): CodeIgniter\Database\BaseConnection->query('SELECT *
FROM `member`
WHERE `nim_nis` = :nim_nis:
ORDER BY `id` DESC
 LIMIT 10', [...], false)
 4 SYSTEMPATH\Model.php(243): CodeIgniter\Database\BaseBuilder->get()
 5 SYSTEMPATH\BaseModel.php(641): CodeIgniter\Model->doFindAll(10, 0)
 6 SYSTEMPATH\BaseModel.php(1246): CodeIgniter\BaseModel->findAll(10, 0)
 7 APPPATH\Controllers\User\User.php(226): CodeIgniter\BaseModel->paginate(10, 'absensi')
 8 SYSTEMPATH\CodeIgniter.php(943): App\Controllers\User\User->historyAttendace()
 9 SYSTEMPATH\CodeIgniter.php(503): CodeIgniter\CodeIgniter->runController(Object(App\Controllers\User\User))
10 SYSTEMPATH\CodeIgniter.php(361): CodeIgniter\CodeIgniter->handleRequest(null, Object(Config\Cache), false)
11 FCPATH\index.php(79): CodeIgniter\CodeIgniter->run()
12 SYSTEMPATH\Commands\Server\rewrite.php(47): require_once('D:\\Absensi-Prakerin-\\public\\index.php')
CRITICAL - 2024-10-18 11:44:51 --> [Caused by] mysqli_sql_exception: Unknown column 'id' in 'order clause'
in SYSTEMPATH\Database\MySQLi\Connection.php on line 306.
 1 SYSTEMPATH\Database\MySQLi\Connection.php(306): mysqli->query('SELECT *
FROM `member`
WHERE `nim_nis` = \'141141\'
ORDER BY `id` DESC
 LIMIT 10', 0)
 2 SYSTEMPATH\Database\BaseConnection.php(693): CodeIgniter\Database\MySQLi\Connection->execute('SELECT *
FROM `member`
WHERE `nim_nis` = \'141141\'
ORDER BY `id` DESC
 LIMIT 10')
 3 SYSTEMPATH\Database\BaseConnection.php(607): CodeIgniter\Database\BaseConnection->simpleQuery('SELECT *
FROM `member`
WHERE `nim_nis` = \'141141\'
ORDER BY `id` DESC
 LIMIT 10')
 4 SYSTEMPATH\Database\BaseBuilder.php(1616): CodeIgniter\Database\BaseConnection->query('SELECT *
FROM `member`
WHERE `nim_nis` = :nim_nis:
ORDER BY `id` DESC
 LIMIT 10', [...], false)
 5 SYSTEMPATH\Model.php(243): CodeIgniter\Database\BaseBuilder->get()
 6 SYSTEMPATH\BaseModel.php(641): CodeIgniter\Model->doFindAll(10, 0)
 7 SYSTEMPATH\BaseModel.php(1246): CodeIgniter\BaseModel->findAll(10, 0)
 8 APPPATH\Controllers\User\User.php(226): CodeIgniter\BaseModel->paginate(10, 'absensi')
 9 SYSTEMPATH\CodeIgniter.php(943): App\Controllers\User\User->historyAttendace()
10 SYSTEMPATH\CodeIgniter.php(503): CodeIgniter\CodeIgniter->runController(Object(App\Controllers\User\User))
11 SYSTEMPATH\CodeIgniter.php(361): CodeIgniter\CodeIgniter->handleRequest(null, Object(Config\Cache), false)
12 FCPATH\index.php(79): CodeIgniter\CodeIgniter->run()
13 SYSTEMPATH\Commands\Server\rewrite.php(47): require_once('D:\\Absensi-Prakerin-\\public\\index.php')
INFO - 2024-10-18 11:45:15 --> Session: Class initialized using 'CodeIgniter\Session\Handlers\FileHandler' driver.
CRITICAL - 2024-10-18 11:45:15 --> ErrorException: Undefined variable $nama_instansi
in APPPATH\Views\User\v_history_attendance.php on line 46.
 1 APPPATH\Views\User\v_history_attendance.php(46): CodeIgniter\Debug\Exceptions->errorHandler(2, 'Undefined variable $nama_instansi', 'D:\\Absensi-Prakerin-\\app\\Views\\User\\v_history_attendance.php', 46)
 2 SYSTEMPATH\View\View.php(228): include('D:\\Absensi-Prakerin-\\app\\Views\\User\\v_history_attendance.php')
 3 SYSTEMPATH\View\View.php(231): CodeIgniter\View\View->CodeIgniter\View\{closure}()
 4 SYSTEMPATH\Common.php(1178): CodeIgniter\View\View->render('User/v_history_attendance', [], true)
 5 APPPATH\Controllers\User\User.php(245): view('User/v_history_attendance', [...])
 6 SYSTEMPATH\CodeIgniter.php(943): App\Controllers\User\User->historyAttendace()
 7 SYSTEMPATH\CodeIgniter.php(503): CodeIgniter\CodeIgniter->runController(Object(App\Controllers\User\User))
 8 SYSTEMPATH\CodeIgniter.php(361): CodeIgniter\CodeIgniter->handleRequest(null, Object(Config\Cache), false)
 9 FCPATH\index.php(79): CodeIgniter\CodeIgniter->run()
10 SYSTEMPATH\Commands\Server\rewrite.php(47): require_once('D:\\Absensi-Prakerin-\\public\\index.php')
INFO - 2024-10-18 11:45:51 --> Session: Class initialized using 'CodeIgniter\Session\Handlers\FileHandler' driver.
INFO - 2024-10-18 11:45:56 --> Session: Class initialized using 'CodeIgniter\Session\Handlers\FileHandler' driver.
CRITICAL - 2024-10-18 11:45:56 --> ErrorException: Undefined variable $nama_instansi
in APPPATH\Views\User\v_history_attendance.php on line 46.
 1 APPPATH\Views\User\v_history_attendance.php(46): CodeIgniter\Debug\Exceptions->errorHandler(2, 'Undefined variable $nama_instansi', 'D:\\Absensi-Prakerin-\\app\\Views\\User\\v_history_attendance.php', 46)
 2 SYSTEMPATH\View\View.php(228): include('D:\\Absensi-Prakerin-\\app\\Views\\User\\v_history_attendance.php')
 3 SYSTEMPATH\View\View.php(231): CodeIgniter\View\View->CodeIgniter\View\{closure}()
 4 SYSTEMPATH\Common.php(1178): CodeIgniter\View\View->render('User/v_history_attendance', [], true)
 5 APPPATH\Controllers\User\User.php(245): view('User/v_history_attendance', [...])
 6 SYSTEMPATH\CodeIgniter.php(943): App\Controllers\User\User->historyAttendace()
 7 SYSTEMPATH\CodeIgniter.php(503): CodeIgniter\CodeIgniter->runController(Object(App\Controllers\User\User))
 8 SYSTEMPATH\CodeIgniter.php(361): CodeIgniter\CodeIgniter->handleRequest(null, Object(Config\Cache), false)
 9 FCPATH\index.php(79): CodeIgniter\CodeIgniter->run()
10 SYSTEMPATH\Commands\Server\rewrite.php(47): require_once('D:\\Absensi-Prakerin-\\public\\index.php')
INFO - 2024-10-18 11:46:01 --> Session: Class initialized using 'CodeIgniter\Session\Handlers\FileHandler' driver.
INFO - 2024-10-18 11:50:43 --> Session: Class initialized using 'CodeIgniter\Session\Handlers\FileHandler' driver.
INFO - 2024-10-18 11:50:47 --> Session: Class initialized using 'CodeIgniter\Session\Handlers\FileHandler' driver.
INFO - 2024-10-18 11:51:42 --> Session: Class initialized using 'CodeIgniter\Session\Handlers\FileHandler' driver.
