INFO - 2024-02-12 09:40:34 --> Session: Class initialized using 'CodeIgniter\Session\Handlers\FileHandler' driver.
INFO - 2024-02-12 09:40:34 --> Session: Class initialized using 'CodeIgniter\Session\Handlers\FileHandler' driver.
INFO - 2024-02-12 09:40:45 --> Session: Class initialized using 'CodeIgniter\Session\Handlers\FileHandler' driver.
CRITICAL - 2024-02-12 09:40:45 --> Undefined array key 0
in APPPATH/Helpers/global_fungsi_helper.php on line 86.
 1 APPPATH/Helpers/global_fungsi_helper.php(86): CodeIgniter\Debug\Exceptions->errorHandler()
 2 APPPATH/Views/Admin/v_dataAbsen.php(129): tanggal_indo()
 3 SYSTEMPATH/View/View.php(226): include('/var/www/html/server/app/Views/Admin/v_dataAbsen.php')
 4 SYSTEMPATH/View/View.php(229): CodeIgniter\View\View->CodeIgniter\View\{closure}()
 5 SYSTEMPATH/Common.php(1188): CodeIgniter\View\View->render()
 6 APPPATH/Controllers/Admin/Admin.php(95): view()
 7 SYSTEMPATH/CodeIgniter.php(919): App\Controllers\Admin\Admin->data_absen()
 8 SYSTEMPATH/CodeIgniter.php(494): CodeIgniter\CodeIgniter->runController()
 9 SYSTEMPATH/CodeIgniter.php(353): CodeIgniter\CodeIgniter->handleRequest()
10 FCPATH/index.php(79): CodeIgniter\CodeIgniter->run()
INFO - 2024-02-12 09:54:06 --> Session: Class initialized using 'CodeIgniter\Session\Handlers\FileHandler' driver.
CRITICAL - 2024-02-12 09:54:06 --> Undefined array key 0
in APPPATH/Helpers/global_fungsi_helper.php on line 87.
 1 APPPATH/Helpers/global_fungsi_helper.php(87): CodeIgniter\Debug\Exceptions->errorHandler()
 2 APPPATH/Views/Admin/v_dataAbsen.php(129): tanggal_indo()
 3 SYSTEMPATH/View/View.php(226): include('/var/www/html/server/app/Views/Admin/v_dataAbsen.php')
 4 SYSTEMPATH/View/View.php(229): CodeIgniter\View\View->CodeIgniter\View\{closure}()
 5 SYSTEMPATH/Common.php(1188): CodeIgniter\View\View->render()
 6 APPPATH/Controllers/Admin/Admin.php(95): view()
 7 SYSTEMPATH/CodeIgniter.php(919): App\Controllers\Admin\Admin->data_absen()
 8 SYSTEMPATH/CodeIgniter.php(494): CodeIgniter\CodeIgniter->runController()
 9 SYSTEMPATH/CodeIgniter.php(353): CodeIgniter\CodeIgniter->handleRequest()
10 FCPATH/index.php(79): CodeIgniter\CodeIgniter->run()
INFO - 2024-02-12 09:55:36 --> Session: Class initialized using 'CodeIgniter\Session\Handlers\FileHandler' driver.
INFO - 2024-02-12 09:55:36 --> Session: Class initialized using 'CodeIgniter\Session\Handlers\FileHandler' driver.
INFO - 2024-02-12 09:55:36 --> Session: Class initialized using 'CodeIgniter\Session\Handlers\FileHandler' driver.
INFO - 2024-02-12 09:57:22 --> Session: Class initialized using 'CodeIgniter\Session\Handlers\FileHandler' driver.
CRITICAL - 2024-02-12 09:57:23 --> Undefined array key 0
in APPPATH/Helpers/global_fungsi_helper.php on line 87.
 1 APPPATH/Helpers/global_fungsi_helper.php(87): CodeIgniter\Debug\Exceptions->errorHandler()
 2 APPPATH/Views/Admin/v_dataAbsen.php(129): tanggal_indo()
 3 SYSTEMPATH/View/View.php(226): include('/var/www/html/server/app/Views/Admin/v_dataAbsen.php')
 4 SYSTEMPATH/View/View.php(229): CodeIgniter\View\View->CodeIgniter\View\{closure}()
 5 SYSTEMPATH/Common.php(1188): CodeIgniter\View\View->render()
 6 APPPATH/Controllers/Admin/Admin.php(95): view()
 7 SYSTEMPATH/CodeIgniter.php(919): App\Controllers\Admin\Admin->data_absen()
 8 SYSTEMPATH/CodeIgniter.php(494): CodeIgniter\CodeIgniter->runController()
 9 SYSTEMPATH/CodeIgniter.php(353): CodeIgniter\CodeIgniter->handleRequest()
10 FCPATH/index.php(79): CodeIgniter\CodeIgniter->run()
INFO - 2024-02-12 09:57:42 --> Session: Class initialized using 'CodeIgniter\Session\Handlers\FileHandler' driver.
CRITICAL - 2024-02-12 09:57:43 --> Undefined array key 0
in APPPATH/Helpers/global_fungsi_helper.php on line 87.
 1 APPPATH/Helpers/global_fungsi_helper.php(87): CodeIgniter\Debug\Exceptions->errorHandler()
 2 APPPATH/Views/Admin/v_dataAbsen.php(129): tanggal_indo()
 3 SYSTEMPATH/View/View.php(226): include('/var/www/html/server/app/Views/Admin/v_dataAbsen.php')
 4 SYSTEMPATH/View/View.php(229): CodeIgniter\View\View->CodeIgniter\View\{closure}()
 5 SYSTEMPATH/Common.php(1188): CodeIgniter\View\View->render()
 6 APPPATH/Controllers/Admin/Admin.php(95): view()
 7 SYSTEMPATH/CodeIgniter.php(919): App\Controllers\Admin\Admin->data_absen()
 8 SYSTEMPATH/CodeIgniter.php(494): CodeIgniter\CodeIgniter->runController()
 9 SYSTEMPATH/CodeIgniter.php(353): CodeIgniter\CodeIgniter->handleRequest()
10 FCPATH/index.php(79): CodeIgniter\CodeIgniter->run()
INFO - 2024-02-12 09:59:15 --> Session: Class initialized using 'CodeIgniter\Session\Handlers\FileHandler' driver.
CRITICAL - 2024-02-12 09:59:15 --> Undefined array key 0
in APPPATH/Helpers/global_fungsi_helper.php on line 85.
 1 APPPATH/Helpers/global_fungsi_helper.php(85): CodeIgniter\Debug\Exceptions->errorHandler()
 2 APPPATH/Views/Admin/v_dataAbsen.php(129): tanggal_indo()
 3 SYSTEMPATH/View/View.php(226): include('/var/www/html/server/app/Views/Admin/v_dataAbsen.php')
 4 SYSTEMPATH/View/View.php(229): CodeIgniter\View\View->CodeIgniter\View\{closure}()
 5 SYSTEMPATH/Common.php(1188): CodeIgniter\View\View->render()
 6 APPPATH/Controllers/Admin/Admin.php(95): view()
 7 SYSTEMPATH/CodeIgniter.php(919): App\Controllers\Admin\Admin->data_absen()
 8 SYSTEMPATH/CodeIgniter.php(494): CodeIgniter\CodeIgniter->runController()
 9 SYSTEMPATH/CodeIgniter.php(353): CodeIgniter\CodeIgniter->handleRequest()
10 FCPATH/index.php(79): CodeIgniter\CodeIgniter->run()
INFO - 2024-02-12 10:12:12 --> Session: Class initialized using 'CodeIgniter\Session\Handlers\FileHandler' driver.
CRITICAL - 2024-02-12 10:12:13 --> Undefined array key 12
in APPPATH/Helpers/global_fungsi_helper.php on line 86.
 1 APPPATH/Helpers/global_fungsi_helper.php(86): CodeIgniter\Debug\Exceptions->errorHandler()
 2 APPPATH/Views/Admin/v_dataAbsen.php(129): tanggal_indo()
 3 SYSTEMPATH/View/View.php(226): include('/var/www/html/server/app/Views/Admin/v_dataAbsen.php')
 4 SYSTEMPATH/View/View.php(229): CodeIgniter\View\View->CodeIgniter\View\{closure}()
 5 SYSTEMPATH/Common.php(1188): CodeIgniter\View\View->render()
 6 APPPATH/Controllers/Admin/Admin.php(95): view()
 7 SYSTEMPATH/CodeIgniter.php(919): App\Controllers\Admin\Admin->data_absen()
 8 SYSTEMPATH/CodeIgniter.php(494): CodeIgniter\CodeIgniter->runController()
 9 SYSTEMPATH/CodeIgniter.php(353): CodeIgniter\CodeIgniter->handleRequest()
10 FCPATH/index.php(79): CodeIgniter\CodeIgniter->run()
INFO - 2024-02-12 10:12:54 --> Session: Class initialized using 'CodeIgniter\Session\Handlers\FileHandler' driver.
CRITICAL - 2024-02-12 10:12:54 --> Undefined array key 12
in APPPATH/Helpers/global_fungsi_helper.php on line 86.
 1 APPPATH/Helpers/global_fungsi_helper.php(86): CodeIgniter\Debug\Exceptions->errorHandler()
 2 APPPATH/Views/Admin/v_dataAbsen.php(129): tanggal_indo()
 3 SYSTEMPATH/View/View.php(226): include('/var/www/html/server/app/Views/Admin/v_dataAbsen.php')
 4 SYSTEMPATH/View/View.php(229): CodeIgniter\View\View->CodeIgniter\View\{closure}()
 5 SYSTEMPATH/Common.php(1188): CodeIgniter\View\View->render()
 6 APPPATH/Controllers/Admin/Admin.php(95): view()
 7 SYSTEMPATH/CodeIgniter.php(919): App\Controllers\Admin\Admin->data_absen()
 8 SYSTEMPATH/CodeIgniter.php(494): CodeIgniter\CodeIgniter->runController()
 9 SYSTEMPATH/CodeIgniter.php(353): CodeIgniter\CodeIgniter->handleRequest()
10 FCPATH/index.php(79): CodeIgniter\CodeIgniter->run()
INFO - 2024-02-12 10:12:56 --> Session: Class initialized using 'CodeIgniter\Session\Handlers\FileHandler' driver.
CRITICAL - 2024-02-12 10:12:56 --> Undefined array key 12
in APPPATH/Helpers/global_fungsi_helper.php on line 86.
 1 APPPATH/Helpers/global_fungsi_helper.php(86): CodeIgniter\Debug\Exceptions->errorHandler()
 2 APPPATH/Views/Admin/v_dataAbsen.php(129): tanggal_indo()
 3 SYSTEMPATH/View/View.php(226): include('/var/www/html/server/app/Views/Admin/v_dataAbsen.php')
 4 SYSTEMPATH/View/View.php(229): CodeIgniter\View\View->CodeIgniter\View\{closure}()
 5 SYSTEMPATH/Common.php(1188): CodeIgniter\View\View->render()
 6 APPPATH/Controllers/Admin/Admin.php(95): view()
 7 SYSTEMPATH/CodeIgniter.php(919): App\Controllers\Admin\Admin->data_absen()
 8 SYSTEMPATH/CodeIgniter.php(494): CodeIgniter\CodeIgniter->runController()
 9 SYSTEMPATH/CodeIgniter.php(353): CodeIgniter\CodeIgniter->handleRequest()
10 FCPATH/index.php(79): CodeIgniter\CodeIgniter->run()
INFO - 2024-02-12 10:17:42 --> Session: Class initialized using 'CodeIgniter\Session\Handlers\FileHandler' driver.
CRITICAL - 2024-02-12 10:17:42 --> Undefined array key 12
in APPPATH/Helpers/global_fungsi_helper.php on line 87.
 1 APPPATH/Helpers/global_fungsi_helper.php(87): CodeIgniter\Debug\Exceptions->errorHandler()
 2 APPPATH/Views/Admin/v_dataAbsen.php(129): tanggal_indo()
 3 SYSTEMPATH/View/View.php(226): include('/var/www/html/server/app/Views/Admin/v_dataAbsen.php')
 4 SYSTEMPATH/View/View.php(229): CodeIgniter\View\View->CodeIgniter\View\{closure}()
 5 SYSTEMPATH/Common.php(1188): CodeIgniter\View\View->render()
 6 APPPATH/Controllers/Admin/Admin.php(95): view()
 7 SYSTEMPATH/CodeIgniter.php(919): App\Controllers\Admin\Admin->data_absen()
 8 SYSTEMPATH/CodeIgniter.php(494): CodeIgniter\CodeIgniter->runController()
 9 SYSTEMPATH/CodeIgniter.php(353): CodeIgniter\CodeIgniter->handleRequest()
10 FCPATH/index.php(79): CodeIgniter\CodeIgniter->run()
INFO - 2024-02-12 10:18:22 --> Session: Class initialized using 'CodeIgniter\Session\Handlers\FileHandler' driver.
CRITICAL - 2024-02-12 10:18:22 --> Undefined array key 0
in APPPATH/Helpers/global_fungsi_helper.php on line 87.
 1 APPPATH/Helpers/global_fungsi_helper.php(87): CodeIgniter\Debug\Exceptions->errorHandler()
 2 APPPATH/Views/Admin/v_dataAbsen.php(129): tanggal_indo()
 3 SYSTEMPATH/View/View.php(226): include('/var/www/html/server/app/Views/Admin/v_dataAbsen.php')
 4 SYSTEMPATH/View/View.php(229): CodeIgniter\View\View->CodeIgniter\View\{closure}()
 5 SYSTEMPATH/Common.php(1188): CodeIgniter\View\View->render()
 6 APPPATH/Controllers/Admin/Admin.php(95): view()
 7 SYSTEMPATH/CodeIgniter.php(919): App\Controllers\Admin\Admin->data_absen()
 8 SYSTEMPATH/CodeIgniter.php(494): CodeIgniter\CodeIgniter->runController()
 9 SYSTEMPATH/CodeIgniter.php(353): CodeIgniter\CodeIgniter->handleRequest()
10 FCPATH/index.php(79): CodeIgniter\CodeIgniter->run()
INFO - 2024-02-12 10:20:50 --> Session: Class initialized using 'CodeIgniter\Session\Handlers\FileHandler' driver.
CRITICAL - 2024-02-12 10:20:50 --> Call to undefined function formatDate()
in APPPATH/Helpers/global_fungsi_helper.php on line 84.
 1 SYSTEMPATH/Common.php(667): include_once()
 2 APPPATH/Filters/AuthFilter.php(15): helper()
 3 SYSTEMPATH/Filters/Filters.php(182): App\Filters\AuthFilter->before()
 4 SYSTEMPATH/CodeIgniter.php(466): CodeIgniter\Filters\Filters->run()
 5 SYSTEMPATH/CodeIgniter.php(353): CodeIgniter\CodeIgniter->handleRequest()
 6 FCPATH/index.php(79): CodeIgniter\CodeIgniter->run()
INFO - 2024-02-12 10:21:22 --> Session: Class initialized using 'CodeIgniter\Session\Handlers\FileHandler' driver.
INFO - 2024-02-12 10:22:32 --> Session: Class initialized using 'CodeIgniter\Session\Handlers\FileHandler' driver.
INFO - 2024-02-12 10:22:32 --> Session: Class initialized using 'CodeIgniter\Session\Handlers\FileHandler' driver.
INFO - 2024-02-12 10:23:21 --> Session: Class initialized using 'CodeIgniter\Session\Handlers\FileHandler' driver.
INFO - 2024-02-12 10:24:04 --> Session: Class initialized using 'CodeIgniter\Session\Handlers\FileHandler' driver.
INFO - 2024-02-12 10:24:04 --> Session: Class initialized using 'CodeIgniter\Session\Handlers\FileHandler' driver.
INFO - 2024-02-12 10:27:01 --> Session: Class initialized using 'CodeIgniter\Session\Handlers\FileHandler' driver.
INFO - 2024-02-12 10:27:48 --> Session: Class initialized using 'CodeIgniter\Session\Handlers\FileHandler' driver.
INFO - 2024-02-12 10:27:54 --> Session: Class initialized using 'CodeIgniter\Session\Handlers\FileHandler' driver.
INFO - 2024-02-12 10:30:06 --> Session: Class initialized using 'CodeIgniter\Session\Handlers\FileHandler' driver.
INFO - 2024-02-12 11:05:23 --> Session: Class initialized using 'CodeIgniter\Session\Handlers\FileHandler' driver.
ERROR - 2024-02-12 11:05:23 --> Error connecting to the database: Error: Class "SQLite3" not found in C:\Users\LENOVO\Desktop\server\vendor\codeigniter4\framework\system\Database\SQLite3\Connection.php:89
Stack trace:
#0 C:\Users\LENOVO\Desktop\server\vendor\codeigniter4\framework\system\Database\BaseConnection.php(391): CodeIgniter\Database\SQLite3\Connection->connect(false)
#1 C:\Users\LENOVO\Desktop\server\vendor\codeigniter4\framework\system\Database\SQLite3\Connection.php(59): CodeIgniter\Database\BaseConnection->initialize()
#2 C:\Users\LENOVO\Desktop\server\vendor\codeigniter4\framework\system\Database\BaseConnection.php(574): CodeIgniter\Database\SQLite3\Connection->initialize()
#3 C:\Users\LENOVO\Desktop\server\vendor\codeigniter4\framework\system\Database\BaseBuilder.php(1615): CodeIgniter\Database\BaseConnection->query('SELECT *\nFROM `...', Array, false)
#4 C:\Users\LENOVO\Desktop\server\vendor\codeigniter4\framework\system\Model.php(264): CodeIgniter\Database\BaseBuilder->get()
#5 C:\Users\LENOVO\Desktop\server\vendor\codeigniter4\framework\system\BaseModel.php(662): CodeIgniter\Model->doFirst()
#6 C:\Users\LENOVO\Desktop\server\app\Filters\AuthFilter.php(19): CodeIgniter\BaseModel->first()
#7 C:\Users\LENOVO\Desktop\server\vendor\codeigniter4\framework\system\Filters\Filters.php(182): App\Filters\AuthFilter->before(Object(CodeIgniter\HTTP\IncomingRequest), NULL)
#8 C:\Users\LENOVO\Desktop\server\vendor\codeigniter4\framework\system\CodeIgniter.php(466): CodeIgniter\Filters\Filters->run('admin/dashboard', 'before')
#9 C:\Users\LENOVO\Desktop\server\vendor\codeigniter4\framework\system\CodeIgniter.php(353): CodeIgniter\CodeIgniter->handleRequest(NULL, Object(Config\Cache), false)
#10 C:\Users\LENOVO\Desktop\server\public\index.php(79): CodeIgniter\CodeIgniter->run()
#11 C:\Users\LENOVO\Desktop\server\vendor\codeigniter4\framework\system\Commands\Server\rewrite.php(47): require_once('C:\\Users\\LENOVO...')
#12 {main}
CRITICAL - 2024-02-12 11:05:23 --> Unable to connect to the database.
Main connection [SQLite3]: Class "SQLite3" not found
in SYSTEMPATH\Database\BaseConnection.php on line 427.
 1 SYSTEMPATH\Database\SQLite3\Connection.php(59): CodeIgniter\Database\BaseConnection->initialize()
 2 SYSTEMPATH\Database\BaseConnection.php(574): CodeIgniter\Database\SQLite3\Connection->initialize()
 3 SYSTEMPATH\Database\BaseBuilder.php(1615): CodeIgniter\Database\BaseConnection->query('SELECT *
FROM `db_member`
WHERE `member_id` IS NULL
 LIMIT 1', [], false)
 4 SYSTEMPATH\Model.php(264): CodeIgniter\Database\BaseBuilder->get()
 5 SYSTEMPATH\BaseModel.php(662): CodeIgniter\Model->doFirst()
 6 APPPATH\Filters\AuthFilter.php(19): CodeIgniter\BaseModel->first()
 7 SYSTEMPATH\Filters\Filters.php(182): App\Filters\AuthFilter->before(Object(CodeIgniter\HTTP\IncomingRequest), null)
 8 SYSTEMPATH\CodeIgniter.php(466): CodeIgniter\Filters\Filters->run('admin/dashboard', 'before')
 9 SYSTEMPATH\CodeIgniter.php(353): CodeIgniter\CodeIgniter->handleRequest(null, Object(Config\Cache), false)
10 FCPATH\index.php(79): CodeIgniter\CodeIgniter->run()
11 SYSTEMPATH\Commands\Server\rewrite.php(47): require_once('C:\\Users\\LENOVO\\Desktop\\server\\public\\index.php')
INFO - 2024-02-12 11:05:58 --> Session: Class initialized using 'CodeIgniter\Session\Handlers\FileHandler' driver.
ERROR - 2024-02-12 11:05:58 --> Error connecting to the database: Error: Class "SQLite3" not found in C:\Users\LENOVO\Desktop\server\vendor\codeigniter4\framework\system\Database\SQLite3\Connection.php:89
Stack trace:
#0 C:\Users\LENOVO\Desktop\server\vendor\codeigniter4\framework\system\Database\BaseConnection.php(391): CodeIgniter\Database\SQLite3\Connection->connect(false)
#1 C:\Users\LENOVO\Desktop\server\vendor\codeigniter4\framework\system\Database\SQLite3\Connection.php(59): CodeIgniter\Database\BaseConnection->initialize()
#2 C:\Users\LENOVO\Desktop\server\vendor\codeigniter4\framework\system\Database\BaseConnection.php(574): CodeIgniter\Database\SQLite3\Connection->initialize()
#3 C:\Users\LENOVO\Desktop\server\vendor\codeigniter4\framework\system\Database\BaseBuilder.php(1615): CodeIgniter\Database\BaseConnection->query('SELECT *\nFROM `...', Array, false)
#4 C:\Users\LENOVO\Desktop\server\vendor\codeigniter4\framework\system\Model.php(264): CodeIgniter\Database\BaseBuilder->get()
#5 C:\Users\LENOVO\Desktop\server\vendor\codeigniter4\framework\system\BaseModel.php(662): CodeIgniter\Model->doFirst()
#6 C:\Users\LENOVO\Desktop\server\app\Filters\AuthFilter.php(19): CodeIgniter\BaseModel->first()
#7 C:\Users\LENOVO\Desktop\server\vendor\codeigniter4\framework\system\Filters\Filters.php(182): App\Filters\AuthFilter->before(Object(CodeIgniter\HTTP\IncomingRequest), NULL)
#8 C:\Users\LENOVO\Desktop\server\vendor\codeigniter4\framework\system\CodeIgniter.php(466): CodeIgniter\Filters\Filters->run('admin/dashboard', 'before')
#9 C:\Users\LENOVO\Desktop\server\vendor\codeigniter4\framework\system\CodeIgniter.php(353): CodeIgniter\CodeIgniter->handleRequest(NULL, Object(Config\Cache), false)
#10 C:\Users\LENOVO\Desktop\server\public\index.php(79): CodeIgniter\CodeIgniter->run()
#11 C:\Users\LENOVO\Desktop\server\vendor\codeigniter4\framework\system\Commands\Server\rewrite.php(47): require_once('C:\\Users\\LENOVO...')
#12 {main}
CRITICAL - 2024-02-12 11:05:58 --> Unable to connect to the database.
Main connection [SQLite3]: Class "SQLite3" not found
in SYSTEMPATH\Database\BaseConnection.php on line 427.
 1 SYSTEMPATH\Database\SQLite3\Connection.php(59): CodeIgniter\Database\BaseConnection->initialize()
 2 SYSTEMPATH\Database\BaseConnection.php(574): CodeIgniter\Database\SQLite3\Connection->initialize()
 3 SYSTEMPATH\Database\BaseBuilder.php(1615): CodeIgniter\Database\BaseConnection->query('SELECT *
FROM `db_member`
WHERE `member_id` IS NULL
 LIMIT 1', [], false)
 4 SYSTEMPATH\Model.php(264): CodeIgniter\Database\BaseBuilder->get()
 5 SYSTEMPATH\BaseModel.php(662): CodeIgniter\Model->doFirst()
 6 APPPATH\Filters\AuthFilter.php(19): CodeIgniter\BaseModel->first()
 7 SYSTEMPATH\Filters\Filters.php(182): App\Filters\AuthFilter->before(Object(CodeIgniter\HTTP\IncomingRequest), null)
 8 SYSTEMPATH\CodeIgniter.php(466): CodeIgniter\Filters\Filters->run('admin/dashboard', 'before')
 9 SYSTEMPATH\CodeIgniter.php(353): CodeIgniter\CodeIgniter->handleRequest(null, Object(Config\Cache), false)
10 FCPATH\index.php(79): CodeIgniter\CodeIgniter->run()
11 SYSTEMPATH\Commands\Server\rewrite.php(47): require_once('C:\\Users\\LENOVO\\Desktop\\server\\public\\index.php')
INFO - 2024-02-12 11:08:12 --> Session: Class initialized using 'CodeIgniter\Session\Handlers\FileHandler' driver.
ERROR - 2024-02-12 11:08:12 --> Error connecting to the database: Error: Class "SQLite3" not found in C:\xampp\htdocs\server\vendor\codeigniter4\framework\system\Database\SQLite3\Connection.php:89
Stack trace:
#0 C:\xampp\htdocs\server\vendor\codeigniter4\framework\system\Database\BaseConnection.php(391): CodeIgniter\Database\SQLite3\Connection->connect(false)
#1 C:\xampp\htdocs\server\vendor\codeigniter4\framework\system\Database\SQLite3\Connection.php(59): CodeIgniter\Database\BaseConnection->initialize()
#2 C:\xampp\htdocs\server\vendor\codeigniter4\framework\system\Database\BaseConnection.php(574): CodeIgniter\Database\SQLite3\Connection->initialize()
#3 C:\xampp\htdocs\server\vendor\codeigniter4\framework\system\Database\BaseBuilder.php(1615): CodeIgniter\Database\BaseConnection->query('SELECT *\nFROM `...', Array, false)
#4 C:\xampp\htdocs\server\vendor\codeigniter4\framework\system\Model.php(264): CodeIgniter\Database\BaseBuilder->get()
#5 C:\xampp\htdocs\server\vendor\codeigniter4\framework\system\BaseModel.php(662): CodeIgniter\Model->doFirst()
#6 C:\xampp\htdocs\server\app\Filters\AuthFilter.php(19): CodeIgniter\BaseModel->first()
#7 C:\xampp\htdocs\server\vendor\codeigniter4\framework\system\Filters\Filters.php(182): App\Filters\AuthFilter->before(Object(CodeIgniter\HTTP\IncomingRequest), NULL)
#8 C:\xampp\htdocs\server\vendor\codeigniter4\framework\system\CodeIgniter.php(466): CodeIgniter\Filters\Filters->run('admin/dashboard', 'before')
#9 C:\xampp\htdocs\server\vendor\codeigniter4\framework\system\CodeIgniter.php(353): CodeIgniter\CodeIgniter->handleRequest(NULL, Object(Config\Cache), false)
#10 C:\xampp\htdocs\server\public\index.php(79): CodeIgniter\CodeIgniter->run()
#11 C:\xampp\htdocs\server\vendor\codeigniter4\framework\system\Commands\Server\rewrite.php(47): require_once('C:\\xampp\\htdocs...')
#12 {main}
CRITICAL - 2024-02-12 11:08:12 --> Unable to connect to the database.
Main connection [SQLite3]: Class "SQLite3" not found
in SYSTEMPATH\Database\BaseConnection.php on line 427.
 1 SYSTEMPATH\Database\SQLite3\Connection.php(59): CodeIgniter\Database\BaseConnection->initialize()
 2 SYSTEMPATH\Database\BaseConnection.php(574): CodeIgniter\Database\SQLite3\Connection->initialize()
 3 SYSTEMPATH\Database\BaseBuilder.php(1615): CodeIgniter\Database\BaseConnection->query('SELECT *
FROM `db_member`
WHERE `member_id` IS NULL
 LIMIT 1', [], false)
 4 SYSTEMPATH\Model.php(264): CodeIgniter\Database\BaseBuilder->get()
 5 SYSTEMPATH\BaseModel.php(662): CodeIgniter\Model->doFirst()
 6 APPPATH\Filters\AuthFilter.php(19): CodeIgniter\BaseModel->first()
 7 SYSTEMPATH\Filters\Filters.php(182): App\Filters\AuthFilter->before(Object(CodeIgniter\HTTP\IncomingRequest), null)
 8 SYSTEMPATH\CodeIgniter.php(466): CodeIgniter\Filters\Filters->run('admin/dashboard', 'before')
 9 SYSTEMPATH\CodeIgniter.php(353): CodeIgniter\CodeIgniter->handleRequest(null, Object(Config\Cache), false)
10 FCPATH\index.php(79): CodeIgniter\CodeIgniter->run()
11 SYSTEMPATH\Commands\Server\rewrite.php(47): require_once('C:\\xampp\\htdocs\\server\\public\\index.php')
INFO - 2024-02-12 11:09:11 --> Session: Class initialized using 'CodeIgniter\Session\Handlers\FileHandler' driver.
INFO - 2024-02-12 11:09:11 --> Session: Class initialized using 'CodeIgniter\Session\Handlers\FileHandler' driver.
INFO - 2024-02-12 11:09:44 --> Session: Class initialized using 'CodeIgniter\Session\Handlers\FileHandler' driver.
INFO - 2024-02-12 11:10:27 --> Session: Class initialized using 'CodeIgniter\Session\Handlers\FileHandler' driver.
INFO - 2024-02-12 11:10:27 --> Session: Class initialized using 'CodeIgniter\Session\Handlers\FileHandler' driver.
INFO - 2024-02-12 11:10:33 --> Session: Class initialized using 'CodeIgniter\Session\Handlers\FileHandler' driver.
INFO - 2024-02-12 11:12:09 --> Session: Class initialized using 'CodeIgniter\Session\Handlers\FileHandler' driver.
INFO - 2024-02-12 11:13:42 --> Session: Class initialized using 'CodeIgniter\Session\Handlers\FileHandler' driver.
INFO - 2024-02-12 11:14:26 --> Session: Class initialized using 'CodeIgniter\Session\Handlers\FileHandler' driver.
INFO - 2024-02-12 11:14:38 --> Session: Class initialized using 'CodeIgniter\Session\Handlers\FileHandler' driver.
INFO - 2024-02-12 11:14:43 --> Session: Class initialized using 'CodeIgniter\Session\Handlers\FileHandler' driver.
INFO - 2024-02-12 11:15:33 --> Session: Class initialized using 'CodeIgniter\Session\Handlers\FileHandler' driver.
INFO - 2024-02-12 11:15:42 --> Session: Class initialized using 'CodeIgniter\Session\Handlers\FileHandler' driver.
INFO - 2024-02-12 11:16:18 --> Session: Class initialized using 'CodeIgniter\Session\Handlers\FileHandler' driver.
INFO - 2024-02-12 11:18:14 --> Session: Class initialized using 'CodeIgniter\Session\Handlers\FileHandler' driver.
INFO - 2024-02-12 11:18:20 --> Session: Class initialized using 'CodeIgniter\Session\Handlers\FileHandler' driver.
INFO - 2024-02-12 11:18:20 --> Session: Class initialized using 'CodeIgniter\Session\Handlers\FileHandler' driver.
INFO - 2024-02-12 11:19:28 --> Session: Class initialized using 'CodeIgniter\Session\Handlers\FileHandler' driver.
INFO - 2024-02-12 11:19:31 --> Session: Class initialized using 'CodeIgniter\Session\Handlers\FileHandler' driver.
INFO - 2024-02-12 11:20:48 --> Session: Class initialized using 'CodeIgniter\Session\Handlers\FileHandler' driver.
INFO - 2024-02-12 11:21:02 --> Session: Class initialized using 'CodeIgniter\Session\Handlers\FileHandler' driver.
INFO - 2024-02-12 11:21:13 --> Session: Class initialized using 'CodeIgniter\Session\Handlers\FileHandler' driver.
INFO - 2024-02-12 11:21:43 --> Session: Class initialized using 'CodeIgniter\Session\Handlers\FileHandler' driver.
INFO - 2024-02-12 11:24:14 --> Session: Class initialized using 'CodeIgniter\Session\Handlers\FileHandler' driver.
INFO - 2024-02-12 11:26:05 --> Session: Class initialized using 'CodeIgniter\Session\Handlers\FileHandler' driver.
INFO - 2024-02-12 11:26:23 --> Session: Class initialized using 'CodeIgniter\Session\Handlers\FileHandler' driver.
INFO - 2024-02-12 11:27:18 --> Session: Class initialized using 'CodeIgniter\Session\Handlers\FileHandler' driver.
INFO - 2024-02-12 11:27:59 --> Session: Class initialized using 'CodeIgniter\Session\Handlers\FileHandler' driver.
INFO - 2024-02-12 11:29:55 --> Session: Class initialized using 'CodeIgniter\Session\Handlers\FileHandler' driver.
INFO - 2024-02-12 11:52:32 --> Session: Class initialized using 'CodeIgniter\Session\Handlers\FileHandler' driver.
INFO - 2024-02-12 11:53:10 --> Session: Class initialized using 'CodeIgniter\Session\Handlers\FileHandler' driver.
INFO - 2024-02-12 11:53:41 --> Session: Class initialized using 'CodeIgniter\Session\Handlers\FileHandler' driver.
INFO - 2024-02-12 11:54:26 --> Session: Class initialized using 'CodeIgniter\Session\Handlers\FileHandler' driver.
INFO - 2024-02-12 11:55:18 --> Session: Class initialized using 'CodeIgniter\Session\Handlers\FileHandler' driver.
INFO - 2024-02-12 11:55:19 --> Session: Class initialized using 'CodeIgniter\Session\Handlers\FileHandler' driver.
INFO - 2024-02-12 11:56:44 --> Session: Class initialized using 'CodeIgniter\Session\Handlers\FileHandler' driver.
INFO - 2024-02-12 11:57:18 --> Session: Class initialized using 'CodeIgniter\Session\Handlers\FileHandler' driver.
INFO - 2024-02-12 12:04:45 --> Session: Class initialized using 'CodeIgniter\Session\Handlers\FileHandler' driver.
INFO - 2024-02-12 12:04:45 --> Session: Class initialized using 'CodeIgniter\Session\Handlers\FileHandler' driver.
INFO - 2024-02-12 12:06:04 --> Session: Class initialized using 'CodeIgniter\Session\Handlers\FileHandler' driver.
