INFO - 2024-09-09 09:45:46 --> Session: Class initialized using 'CodeIgniter\Session\Handlers\FileHandler' driver.
INFO - 2024-09-09 09:45:48 --> Session: Class initialized using 'CodeIgniter\Session\Handlers\FileHandler' driver.
INFO - 2024-09-09 09:46:13 --> Session: Class initialized using 'CodeIgniter\Session\Handlers\FileHandler' driver.
INFO - 2024-09-09 09:46:18 --> Session: Class initialized using 'CodeIgniter\Session\Handlers\FileHandler' driver.
INFO - 2024-09-09 09:47:09 --> Session: Class initialized using 'CodeIgniter\Session\Handlers\FileHandler' driver.
INFO - 2024-09-09 09:47:27 --> Session: Class initialized using 'CodeIgniter\Session\Handlers\FileHandler' driver.
INFO - 2024-09-09 09:48:45 --> Session: Class initialized using 'CodeIgniter\Session\Handlers\FileHandler' driver.
INFO - 2024-09-09 09:48:52 --> Session: Class initialized using 'CodeIgniter\Session\Handlers\FileHandler' driver.
INFO - 2024-09-09 09:49:09 --> Session: Class initialized using 'CodeIgniter\Session\Handlers\FileHandler' driver.
INFO - 2024-09-09 09:49:10 --> Session: Class initialized using 'CodeIgniter\Session\Handlers\FileHandler' driver.
INFO - 2024-09-09 09:51:13 --> Session: Class initialized using 'CodeIgniter\Session\Handlers\FileHandler' driver.
INFO - 2024-09-09 09:52:30 --> Session: Class initialized using 'CodeIgniter\Session\Handlers\FileHandler' driver.
INFO - 2024-09-09 09:52:47 --> Session: Class initialized using 'CodeIgniter\Session\Handlers\FileHandler' driver.
INFO - 2024-09-09 09:52:48 --> Session: Class initialized using 'CodeIgniter\Session\Handlers\FileHandler' driver.
INFO - 2024-09-09 09:53:00 --> Session: Class initialized using 'CodeIgniter\Session\Handlers\FileHandler' driver.
INFO - 2024-09-09 09:53:51 --> Session: Class initialized using 'CodeIgniter\Session\Handlers\FileHandler' driver.
INFO - 2024-09-09 09:57:52 --> Session: Class initialized using 'CodeIgniter\Session\Handlers\FileHandler' driver.
INFO - 2024-09-09 09:58:54 --> Session: Class initialized using 'CodeIgniter\Session\Handlers\FileHandler' driver.
INFO - 2024-09-09 09:59:18 --> Session: Class initialized using 'CodeIgniter\Session\Handlers\FileHandler' driver.
INFO - 2024-09-09 10:00:11 --> Session: Class initialized using 'CodeIgniter\Session\Handlers\FileHandler' driver.
INFO - 2024-09-09 10:00:19 --> Session: Class initialized using 'CodeIgniter\Session\Handlers\FileHandler' driver.
INFO - 2024-09-09 10:00:44 --> Session: Class initialized using 'CodeIgniter\Session\Handlers\FileHandler' driver.
INFO - 2024-09-09 10:01:41 --> Session: Class initialized using 'CodeIgniter\Session\Handlers\FileHandler' driver.
INFO - 2024-09-09 10:01:41 --> Session: Class initialized using 'CodeIgniter\Session\Handlers\FileHandler' driver.
INFO - 2024-09-09 10:01:48 --> Session: Class initialized using 'CodeIgniter\Session\Handlers\FileHandler' driver.
INFO - 2024-09-09 10:02:20 --> Session: Class initialized using 'CodeIgniter\Session\Handlers\FileHandler' driver.
INFO - 2024-09-09 10:03:02 --> Session: Class initialized using 'CodeIgniter\Session\Handlers\FileHandler' driver.
INFO - 2024-09-09 10:03:02 --> Session: Class initialized using 'CodeIgniter\Session\Handlers\FileHandler' driver.
INFO - 2024-09-09 10:03:12 --> Session: Class initialized using 'CodeIgniter\Session\Handlers\FileHandler' driver.
INFO - 2024-09-09 10:06:09 --> Session: Class initialized using 'CodeIgniter\Session\Handlers\FileHandler' driver.
CRITICAL - 2024-09-09 10:06:10 --> ErrorException: Undefined array key "alpha"
in APPPATH\Views\Admin\v_rekapSiswa.php on line 163.
 1 APPPATH\Views\Admin\v_rekapSiswa.php(163): CodeIgniter\Debug\Exceptions->errorHandler(2, 'Undefined array key "alpha"', 'C:\\Absensi-Prakerin-\\app\\Views\\Admin\\v_rekapSiswa.php', 163)
 2 SYSTEMPATH\View\View.php(228): include('C:\\Absensi-Prakerin-\\app\\Views\\Admin\\v_rekapSiswa.php')
 3 SYSTEMPATH\View\View.php(231): CodeIgniter\View\View->CodeIgniter\View\{closure}()
 4 SYSTEMPATH\Common.php(1178): CodeIgniter\View\View->render('Admin/v_rekapSiswa', [], true)
 5 APPPATH\Controllers\Admin\Admin.php(458): view('Admin/v_rekapSiswa', [...])
 6 SYSTEMPATH\CodeIgniter.php(943): App\Controllers\Admin\Admin->rekap_siswa()
 7 SYSTEMPATH\CodeIgniter.php(503): CodeIgniter\CodeIgniter->runController(Object(App\Controllers\Admin\Admin))
 8 SYSTEMPATH\CodeIgniter.php(361): CodeIgniter\CodeIgniter->handleRequest(null, Object(Config\Cache), false)
 9 FCPATH\index.php(79): CodeIgniter\CodeIgniter->run()
10 SYSTEMPATH\Commands\Server\rewrite.php(47): require_once('C:\\Absensi-Prakerin-\\public\\index.php')
INFO - 2024-09-09 10:06:20 --> Session: Class initialized using 'CodeIgniter\Session\Handlers\FileHandler' driver.
INFO - 2024-09-09 10:08:02 --> Session: Class initialized using 'CodeIgniter\Session\Handlers\FileHandler' driver.
CRITICAL - 2024-09-09 10:08:02 --> ErrorException: Undefined property: stdClass::$status
in APPPATH\Views\Admin\v_rekapSiswa.php on line 138.
 1 APPPATH\Views\Admin\v_rekapSiswa.php(138): CodeIgniter\Debug\Exceptions->errorHandler(2, 'Undefined property: stdClass::$status', 'C:\\Absensi-Prakerin-\\app\\Views\\Admin\\v_rekapSiswa.php', 138)
 2 SYSTEMPATH\View\View.php(228): include('C:\\Absensi-Prakerin-\\app\\Views\\Admin\\v_rekapSiswa.php')
 3 SYSTEMPATH\View\View.php(231): CodeIgniter\View\View->CodeIgniter\View\{closure}()
 4 SYSTEMPATH\Common.php(1178): CodeIgniter\View\View->render('Admin/v_rekapSiswa', [], true)
 5 APPPATH\Controllers\Admin\Admin.php(458): view('Admin/v_rekapSiswa', [...])
 6 SYSTEMPATH\CodeIgniter.php(943): App\Controllers\Admin\Admin->rekap_siswa()
 7 SYSTEMPATH\CodeIgniter.php(503): CodeIgniter\CodeIgniter->runController(Object(App\Controllers\Admin\Admin))
 8 SYSTEMPATH\CodeIgniter.php(361): CodeIgniter\CodeIgniter->handleRequest(null, Object(Config\Cache), false)
 9 FCPATH\index.php(79): CodeIgniter\CodeIgniter->run()
10 SYSTEMPATH\Commands\Server\rewrite.php(47): require_once('C:\\Absensi-Prakerin-\\public\\index.php')
INFO - 2024-09-09 10:08:50 --> Session: Class initialized using 'CodeIgniter\Session\Handlers\FileHandler' driver.
CRITICAL - 2024-09-09 10:08:50 --> ErrorException: Undefined property: stdClass::$nama_lengkap
in APPPATH\Views\Admin\v_rekapSiswa.php on line 141.
 1 APPPATH\Views\Admin\v_rekapSiswa.php(141): CodeIgniter\Debug\Exceptions->errorHandler(2, 'Undefined property: stdClass::$nama_lengkap', 'C:\\Absensi-Prakerin-\\app\\Views\\Admin\\v_rekapSiswa.php', 141)
 2 SYSTEMPATH\View\View.php(228): include('C:\\Absensi-Prakerin-\\app\\Views\\Admin\\v_rekapSiswa.php')
 3 SYSTEMPATH\View\View.php(231): CodeIgniter\View\View->CodeIgniter\View\{closure}()
 4 SYSTEMPATH\Common.php(1178): CodeIgniter\View\View->render('Admin/v_rekapSiswa', [], true)
 5 APPPATH\Controllers\Admin\Admin.php(458): view('Admin/v_rekapSiswa', [...])
 6 SYSTEMPATH\CodeIgniter.php(943): App\Controllers\Admin\Admin->rekap_siswa()
 7 SYSTEMPATH\CodeIgniter.php(503): CodeIgniter\CodeIgniter->runController(Object(App\Controllers\Admin\Admin))
 8 SYSTEMPATH\CodeIgniter.php(361): CodeIgniter\CodeIgniter->handleRequest(null, Object(Config\Cache), false)
 9 FCPATH\index.php(79): CodeIgniter\CodeIgniter->run()
10 SYSTEMPATH\Commands\Server\rewrite.php(47): require_once('C:\\Absensi-Prakerin-\\public\\index.php')
INFO - 2024-09-09 10:09:54 --> Session: Class initialized using 'CodeIgniter\Session\Handlers\FileHandler' driver.
CRITICAL - 2024-09-09 10:09:54 --> ErrorException: Undefined variable $user
in APPPATH\Views\Admin\v_rekapSiswa.php on line 138.
 1 APPPATH\Views\Admin\v_rekapSiswa.php(138): CodeIgniter\Debug\Exceptions->errorHandler(2, 'Undefined variable $user', 'C:\\Absensi-Prakerin-\\app\\Views\\Admin\\v_rekapSiswa.php', 138)
 2 SYSTEMPATH\View\View.php(228): include('C:\\Absensi-Prakerin-\\app\\Views\\Admin\\v_rekapSiswa.php')
 3 SYSTEMPATH\View\View.php(231): CodeIgniter\View\View->CodeIgniter\View\{closure}()
 4 SYSTEMPATH\Common.php(1178): CodeIgniter\View\View->render('Admin/v_rekapSiswa', [], true)
 5 APPPATH\Controllers\Admin\Admin.php(458): view('Admin/v_rekapSiswa', [...])
 6 SYSTEMPATH\CodeIgniter.php(943): App\Controllers\Admin\Admin->rekap_siswa()
 7 SYSTEMPATH\CodeIgniter.php(503): CodeIgniter\CodeIgniter->runController(Object(App\Controllers\Admin\Admin))
 8 SYSTEMPATH\CodeIgniter.php(361): CodeIgniter\CodeIgniter->handleRequest(null, Object(Config\Cache), false)
 9 FCPATH\index.php(79): CodeIgniter\CodeIgniter->run()
10 SYSTEMPATH\Commands\Server\rewrite.php(47): require_once('C:\\Absensi-Prakerin-\\public\\index.php')
INFO - 2024-09-09 10:11:31 --> Session: Class initialized using 'CodeIgniter\Session\Handlers\FileHandler' driver.
CRITICAL - 2024-09-09 10:11:31 --> ErrorException: Undefined variable $nama_lengkap
in APPPATH\Views\Admin\v_rekapSiswa.php on line 147.
 1 APPPATH\Views\Admin\v_rekapSiswa.php(147): CodeIgniter\Debug\Exceptions->errorHandler(2, 'Undefined variable $nama_lengkap', 'C:\\Absensi-Prakerin-\\app\\Views\\Admin\\v_rekapSiswa.php', 147)
 2 SYSTEMPATH\View\View.php(228): include('C:\\Absensi-Prakerin-\\app\\Views\\Admin\\v_rekapSiswa.php')
 3 SYSTEMPATH\View\View.php(231): CodeIgniter\View\View->CodeIgniter\View\{closure}()
 4 SYSTEMPATH\Common.php(1178): CodeIgniter\View\View->render('Admin/v_rekapSiswa', [], true)
 5 APPPATH\Controllers\Admin\Admin.php(458): view('Admin/v_rekapSiswa', [...])
 6 SYSTEMPATH\CodeIgniter.php(943): App\Controllers\Admin\Admin->rekap_siswa()
 7 SYSTEMPATH\CodeIgniter.php(503): CodeIgniter\CodeIgniter->runController(Object(App\Controllers\Admin\Admin))
 8 SYSTEMPATH\CodeIgniter.php(361): CodeIgniter\CodeIgniter->handleRequest(null, Object(Config\Cache), false)
 9 FCPATH\index.php(79): CodeIgniter\CodeIgniter->run()
10 SYSTEMPATH\Commands\Server\rewrite.php(47): require_once('C:\\Absensi-Prakerin-\\public\\index.php')
INFO - 2024-09-09 10:12:16 --> Session: Class initialized using 'CodeIgniter\Session\Handlers\FileHandler' driver.
CRITICAL - 2024-09-09 10:12:17 --> ErrorException: Undefined variable $nama_lengkap
in APPPATH\Views\Admin\v_rekapSiswa.php on line 147.
 1 APPPATH\Views\Admin\v_rekapSiswa.php(147): CodeIgniter\Debug\Exceptions->errorHandler(2, 'Undefined variable $nama_lengkap', 'C:\\Absensi-Prakerin-\\app\\Views\\Admin\\v_rekapSiswa.php', 147)
 2 SYSTEMPATH\View\View.php(228): include('C:\\Absensi-Prakerin-\\app\\Views\\Admin\\v_rekapSiswa.php')
 3 SYSTEMPATH\View\View.php(231): CodeIgniter\View\View->CodeIgniter\View\{closure}()
 4 SYSTEMPATH\Common.php(1178): CodeIgniter\View\View->render('Admin/v_rekapSiswa', [], true)
 5 APPPATH\Controllers\Admin\Admin.php(459): view('Admin/v_rekapSiswa', [...])
 6 SYSTEMPATH\CodeIgniter.php(943): App\Controllers\Admin\Admin->rekap_siswa()
 7 SYSTEMPATH\CodeIgniter.php(503): CodeIgniter\CodeIgniter->runController(Object(App\Controllers\Admin\Admin))
 8 SYSTEMPATH\CodeIgniter.php(361): CodeIgniter\CodeIgniter->handleRequest(null, Object(Config\Cache), false)
 9 FCPATH\index.php(79): CodeIgniter\CodeIgniter->run()
10 SYSTEMPATH\Commands\Server\rewrite.php(47): require_once('C:\\Absensi-Prakerin-\\public\\index.php')
INFO - 2024-09-09 10:12:19 --> Session: Class initialized using 'CodeIgniter\Session\Handlers\FileHandler' driver.
CRITICAL - 2024-09-09 10:12:19 --> ErrorException: Undefined variable $nama_lengkap
in APPPATH\Views\Admin\v_rekapSiswa.php on line 147.
 1 APPPATH\Views\Admin\v_rekapSiswa.php(147): CodeIgniter\Debug\Exceptions->errorHandler(2, 'Undefined variable $nama_lengkap', 'C:\\Absensi-Prakerin-\\app\\Views\\Admin\\v_rekapSiswa.php', 147)
 2 SYSTEMPATH\View\View.php(228): include('C:\\Absensi-Prakerin-\\app\\Views\\Admin\\v_rekapSiswa.php')
 3 SYSTEMPATH\View\View.php(231): CodeIgniter\View\View->CodeIgniter\View\{closure}()
 4 SYSTEMPATH\Common.php(1178): CodeIgniter\View\View->render('Admin/v_rekapSiswa', [], true)
 5 APPPATH\Controllers\Admin\Admin.php(459): view('Admin/v_rekapSiswa', [...])
 6 SYSTEMPATH\CodeIgniter.php(943): App\Controllers\Admin\Admin->rekap_siswa()
 7 SYSTEMPATH\CodeIgniter.php(503): CodeIgniter\CodeIgniter->runController(Object(App\Controllers\Admin\Admin))
 8 SYSTEMPATH\CodeIgniter.php(361): CodeIgniter\CodeIgniter->handleRequest(null, Object(Config\Cache), false)
 9 FCPATH\index.php(79): CodeIgniter\CodeIgniter->run()
10 SYSTEMPATH\Commands\Server\rewrite.php(47): require_once('C:\\Absensi-Prakerin-\\public\\index.php')
INFO - 2024-09-09 10:12:24 --> Session: Class initialized using 'CodeIgniter\Session\Handlers\FileHandler' driver.
CRITICAL - 2024-09-09 10:12:25 --> ErrorException: Undefined variable $nama_lengkap
in APPPATH\Views\Admin\v_rekapSiswa.php on line 147.
 1 APPPATH\Views\Admin\v_rekapSiswa.php(147): CodeIgniter\Debug\Exceptions->errorHandler(2, 'Undefined variable $nama_lengkap', 'C:\\Absensi-Prakerin-\\app\\Views\\Admin\\v_rekapSiswa.php', 147)
 2 SYSTEMPATH\View\View.php(228): include('C:\\Absensi-Prakerin-\\app\\Views\\Admin\\v_rekapSiswa.php')
 3 SYSTEMPATH\View\View.php(231): CodeIgniter\View\View->CodeIgniter\View\{closure}()
 4 SYSTEMPATH\Common.php(1178): CodeIgniter\View\View->render('Admin/v_rekapSiswa', [], true)
 5 APPPATH\Controllers\Admin\Admin.php(459): view('Admin/v_rekapSiswa', [...])
 6 SYSTEMPATH\CodeIgniter.php(943): App\Controllers\Admin\Admin->rekap_siswa()
 7 SYSTEMPATH\CodeIgniter.php(503): CodeIgniter\CodeIgniter->runController(Object(App\Controllers\Admin\Admin))
 8 SYSTEMPATH\CodeIgniter.php(361): CodeIgniter\CodeIgniter->handleRequest(null, Object(Config\Cache), false)
 9 FCPATH\index.php(79): CodeIgniter\CodeIgniter->run()
10 SYSTEMPATH\Commands\Server\rewrite.php(47): require_once('C:\\Absensi-Prakerin-\\public\\index.php')
INFO - 2024-09-09 10:12:46 --> Session: Class initialized using 'CodeIgniter\Session\Handlers\FileHandler' driver.
CRITICAL - 2024-09-09 10:12:46 --> ErrorException: Undefined variable $nim_nis
in APPPATH\Views\Admin\v_rekapSiswa.php on line 148.
 1 APPPATH\Views\Admin\v_rekapSiswa.php(148): CodeIgniter\Debug\Exceptions->errorHandler(2, 'Undefined variable $nim_nis', 'C:\\Absensi-Prakerin-\\app\\Views\\Admin\\v_rekapSiswa.php', 148)
 2 SYSTEMPATH\View\View.php(228): include('C:\\Absensi-Prakerin-\\app\\Views\\Admin\\v_rekapSiswa.php')
 3 SYSTEMPATH\View\View.php(231): CodeIgniter\View\View->CodeIgniter\View\{closure}()
 4 SYSTEMPATH\Common.php(1178): CodeIgniter\View\View->render('Admin/v_rekapSiswa', [], true)
 5 APPPATH\Controllers\Admin\Admin.php(459): view('Admin/v_rekapSiswa', [...])
 6 SYSTEMPATH\CodeIgniter.php(943): App\Controllers\Admin\Admin->rekap_siswa()
 7 SYSTEMPATH\CodeIgniter.php(503): CodeIgniter\CodeIgniter->runController(Object(App\Controllers\Admin\Admin))
 8 SYSTEMPATH\CodeIgniter.php(361): CodeIgniter\CodeIgniter->handleRequest(null, Object(Config\Cache), false)
 9 FCPATH\index.php(79): CodeIgniter\CodeIgniter->run()
10 SYSTEMPATH\Commands\Server\rewrite.php(47): require_once('C:\\Absensi-Prakerin-\\public\\index.php')
INFO - 2024-09-09 10:13:58 --> Session: Class initialized using 'CodeIgniter\Session\Handlers\FileHandler' driver.
INFO - 2024-09-09 10:14:19 --> Session: Class initialized using 'CodeIgniter\Session\Handlers\FileHandler' driver.
CRITICAL - 2024-09-09 10:14:19 --> ErrorException: Undefined property: stdClass::$nama_lengkap
in APPPATH\Views\Admin\v_rekapData.php on line 140.
 1 APPPATH\Views\Admin\v_rekapData.php(140): CodeIgniter\Debug\Exceptions->errorHandler(2, 'Undefined property: stdClass::$nama_lengkap', 'C:\\Absensi-Prakerin-\\app\\Views\\Admin\\v_rekapData.php', 140)
 2 SYSTEMPATH\View\View.php(228): include('C:\\Absensi-Prakerin-\\app\\Views\\Admin\\v_rekapData.php')
 3 SYSTEMPATH\View\View.php(231): CodeIgniter\View\View->CodeIgniter\View\{closure}()
 4 SYSTEMPATH\Common.php(1178): CodeIgniter\View\View->render('admin/v_rekapData', [], true)
 5 APPPATH\Controllers\Print\Pdf.php(74): view('admin/v_rekapData', [...])
 6 SYSTEMPATH\CodeIgniter.php(943): App\Controllers\Print\Pdf->generatePDF()
 7 SYSTEMPATH\CodeIgniter.php(503): CodeIgniter\CodeIgniter->runController(Object(App\Controllers\Print\Pdf))
 8 SYSTEMPATH\CodeIgniter.php(361): CodeIgniter\CodeIgniter->handleRequest(null, Object(Config\Cache), false)
 9 FCPATH\index.php(79): CodeIgniter\CodeIgniter->run()
10 SYSTEMPATH\Commands\Server\rewrite.php(47): require_once('C:\\Absensi-Prakerin-\\public\\index.php')
INFO - 2024-09-09 10:18:53 --> Session: Class initialized using 'CodeIgniter\Session\Handlers\FileHandler' driver.
INFO - 2024-09-09 10:19:00 --> Session: Class initialized using 'CodeIgniter\Session\Handlers\FileHandler' driver.
INFO - 2024-09-09 10:19:47 --> Session: Class initialized using 'CodeIgniter\Session\Handlers\FileHandler' driver.
INFO - 2024-09-09 10:21:16 --> Session: Class initialized using 'CodeIgniter\Session\Handlers\FileHandler' driver.
INFO - 2024-09-09 10:21:47 --> Session: Class initialized using 'CodeIgniter\Session\Handlers\FileHandler' driver.
INFO - 2024-09-09 10:22:14 --> Session: Class initialized using 'CodeIgniter\Session\Handlers\FileHandler' driver.
INFO - 2024-09-09 10:23:04 --> Session: Class initialized using 'CodeIgniter\Session\Handlers\FileHandler' driver.
INFO - 2024-09-09 10:25:10 --> Session: Class initialized using 'CodeIgniter\Session\Handlers\FileHandler' driver.
INFO - 2024-09-09 10:25:11 --> Session: Class initialized using 'CodeIgniter\Session\Handlers\FileHandler' driver.
CRITICAL - 2024-09-09 10:25:11 --> ErrorException: Attempt to read property "nim_nis" on array
in APPPATH\Views\Admin\v_rekapSiswa.php on line 138.
 1 APPPATH\Views\Admin\v_rekapSiswa.php(138): CodeIgniter\Debug\Exceptions->errorHandler(2, 'Attempt to read property "nim_nis" on array', 'C:\\Absensi-Prakerin-\\app\\Views\\Admin\\v_rekapSiswa.php', 138)
 2 SYSTEMPATH\View\View.php(228): include('C:\\Absensi-Prakerin-\\app\\Views\\Admin\\v_rekapSiswa.php')
 3 SYSTEMPATH\View\View.php(231): CodeIgniter\View\View->CodeIgniter\View\{closure}()
 4 SYSTEMPATH\Common.php(1178): CodeIgniter\View\View->render('Admin/v_rekapSiswa', [], true)
 5 APPPATH\Controllers\Admin\Admin.php(458): view('Admin/v_rekapSiswa', [...])
 6 SYSTEMPATH\CodeIgniter.php(943): App\Controllers\Admin\Admin->rekap_siswa()
 7 SYSTEMPATH\CodeIgniter.php(503): CodeIgniter\CodeIgniter->runController(Object(App\Controllers\Admin\Admin))
 8 SYSTEMPATH\CodeIgniter.php(361): CodeIgniter\CodeIgniter->handleRequest(null, Object(Config\Cache), false)
 9 FCPATH\index.php(79): CodeIgniter\CodeIgniter->run()
10 SYSTEMPATH\Commands\Server\rewrite.php(47): require_once('C:\\Absensi-Prakerin-\\public\\index.php')
INFO - 2024-09-09 10:26:20 --> Session: Class initialized using 'CodeIgniter\Session\Handlers\FileHandler' driver.
INFO - 2024-09-09 10:26:47 --> Session: Class initialized using 'CodeIgniter\Session\Handlers\FileHandler' driver.
INFO - 2024-09-09 10:26:47 --> Session: Class initialized using 'CodeIgniter\Session\Handlers\FileHandler' driver.
CRITICAL - 2024-09-09 10:26:47 --> ErrorException: Attempt to read property "nim_nis" on array
in APPPATH\Views\Admin\v_rekapSiswa.php on line 138.
 1 APPPATH\Views\Admin\v_rekapSiswa.php(138): CodeIgniter\Debug\Exceptions->errorHandler(2, 'Attempt to read property "nim_nis" on array', 'C:\\Absensi-Prakerin-\\app\\Views\\Admin\\v_rekapSiswa.php', 138)
 2 SYSTEMPATH\View\View.php(228): include('C:\\Absensi-Prakerin-\\app\\Views\\Admin\\v_rekapSiswa.php')
 3 SYSTEMPATH\View\View.php(231): CodeIgniter\View\View->CodeIgniter\View\{closure}()
 4 SYSTEMPATH\Common.php(1178): CodeIgniter\View\View->render('Admin/v_rekapSiswa', [], true)
 5 APPPATH\Controllers\Admin\Admin.php(458): view('Admin/v_rekapSiswa', [...])
 6 SYSTEMPATH\CodeIgniter.php(943): App\Controllers\Admin\Admin->rekap_siswa()
 7 SYSTEMPATH\CodeIgniter.php(503): CodeIgniter\CodeIgniter->runController(Object(App\Controllers\Admin\Admin))
 8 SYSTEMPATH\CodeIgniter.php(361): CodeIgniter\CodeIgniter->handleRequest(null, Object(Config\Cache), false)
 9 FCPATH\index.php(79): CodeIgniter\CodeIgniter->run()
10 SYSTEMPATH\Commands\Server\rewrite.php(47): require_once('C:\\Absensi-Prakerin-\\public\\index.php')
INFO - 2024-09-09 10:27:38 --> Session: Class initialized using 'CodeIgniter\Session\Handlers\FileHandler' driver.
CRITICAL - 2024-09-09 10:27:38 --> ErrorException: Undefined variable $nim_nis
in APPPATH\Views\Admin\v_rekapSiswa.php on line 148.
 1 APPPATH\Views\Admin\v_rekapSiswa.php(148): CodeIgniter\Debug\Exceptions->errorHandler(2, 'Undefined variable $nim_nis', 'C:\\Absensi-Prakerin-\\app\\Views\\Admin\\v_rekapSiswa.php', 148)
 2 SYSTEMPATH\View\View.php(228): include('C:\\Absensi-Prakerin-\\app\\Views\\Admin\\v_rekapSiswa.php')
 3 SYSTEMPATH\View\View.php(231): CodeIgniter\View\View->CodeIgniter\View\{closure}()
 4 SYSTEMPATH\Common.php(1178): CodeIgniter\View\View->render('Admin/v_rekapSiswa', [], true)
 5 APPPATH\Controllers\Admin\Admin.php(458): view('Admin/v_rekapSiswa', [...])
 6 SYSTEMPATH\CodeIgniter.php(943): App\Controllers\Admin\Admin->rekap_siswa()
 7 SYSTEMPATH\CodeIgniter.php(503): CodeIgniter\CodeIgniter->runController(Object(App\Controllers\Admin\Admin))
 8 SYSTEMPATH\CodeIgniter.php(361): CodeIgniter\CodeIgniter->handleRequest(null, Object(Config\Cache), false)
 9 FCPATH\index.php(79): CodeIgniter\CodeIgniter->run()
10 SYSTEMPATH\Commands\Server\rewrite.php(47): require_once('C:\\Absensi-Prakerin-\\public\\index.php')
INFO - 2024-09-09 10:27:50 --> Session: Class initialized using 'CodeIgniter\Session\Handlers\FileHandler' driver.
INFO - 2024-09-09 10:28:10 --> Session: Class initialized using 'CodeIgniter\Session\Handlers\FileHandler' driver.
INFO - 2024-09-09 10:28:10 --> Session: Class initialized using 'CodeIgniter\Session\Handlers\FileHandler' driver.
CRITICAL - 2024-09-09 10:28:10 --> ErrorException: Attempt to read property "nim_nis" on array
in APPPATH\Views\Admin\v_rekapSiswa.php on line 138.
 1 APPPATH\Views\Admin\v_rekapSiswa.php(138): CodeIgniter\Debug\Exceptions->errorHandler(2, 'Attempt to read property "nim_nis" on array', 'C:\\Absensi-Prakerin-\\app\\Views\\Admin\\v_rekapSiswa.php', 138)
 2 SYSTEMPATH\View\View.php(228): include('C:\\Absensi-Prakerin-\\app\\Views\\Admin\\v_rekapSiswa.php')
 3 SYSTEMPATH\View\View.php(231): CodeIgniter\View\View->CodeIgniter\View\{closure}()
 4 SYSTEMPATH\Common.php(1178): CodeIgniter\View\View->render('Admin/v_rekapSiswa', [], true)
 5 APPPATH\Controllers\Admin\Admin.php(458): view('Admin/v_rekapSiswa', [...])
 6 SYSTEMPATH\CodeIgniter.php(943): App\Controllers\Admin\Admin->rekap_siswa()
 7 SYSTEMPATH\CodeIgniter.php(503): CodeIgniter\CodeIgniter->runController(Object(App\Controllers\Admin\Admin))
 8 SYSTEMPATH\CodeIgniter.php(361): CodeIgniter\CodeIgniter->handleRequest(null, Object(Config\Cache), false)
 9 FCPATH\index.php(79): CodeIgniter\CodeIgniter->run()
10 SYSTEMPATH\Commands\Server\rewrite.php(47): require_once('C:\\Absensi-Prakerin-\\public\\index.php')
INFO - 2024-09-09 10:28:49 --> Session: Class initialized using 'CodeIgniter\Session\Handlers\FileHandler' driver.
CRITICAL - 2024-09-09 10:28:50 --> ErrorException: Undefined property: stdClass::$namaLengkap
in APPPATH\Views\Admin\v_rekapSiswa.php on line 141.
 1 APPPATH\Views\Admin\v_rekapSiswa.php(141): CodeIgniter\Debug\Exceptions->errorHandler(2, 'Undefined property: stdClass::$namaLengkap', 'C:\\Absensi-Prakerin-\\app\\Views\\Admin\\v_rekapSiswa.php', 141)
 2 SYSTEMPATH\View\View.php(228): include('C:\\Absensi-Prakerin-\\app\\Views\\Admin\\v_rekapSiswa.php')
 3 SYSTEMPATH\View\View.php(231): CodeIgniter\View\View->CodeIgniter\View\{closure}()
 4 SYSTEMPATH\Common.php(1178): CodeIgniter\View\View->render('Admin/v_rekapSiswa', [], true)
 5 APPPATH\Controllers\Admin\Admin.php(458): view('Admin/v_rekapSiswa', [...])
 6 SYSTEMPATH\CodeIgniter.php(943): App\Controllers\Admin\Admin->rekap_siswa()
 7 SYSTEMPATH\CodeIgniter.php(503): CodeIgniter\CodeIgniter->runController(Object(App\Controllers\Admin\Admin))
 8 SYSTEMPATH\CodeIgniter.php(361): CodeIgniter\CodeIgniter->handleRequest(null, Object(Config\Cache), false)
 9 FCPATH\index.php(79): CodeIgniter\CodeIgniter->run()
10 SYSTEMPATH\Commands\Server\rewrite.php(47): require_once('C:\\Absensi-Prakerin-\\public\\index.php')
INFO - 2024-09-09 10:29:02 --> Session: Class initialized using 'CodeIgniter\Session\Handlers\FileHandler' driver.
CRITICAL - 2024-09-09 10:29:02 --> ErrorException: Undefined property: stdClass::$namaLengkap
in APPPATH\Views\Admin\v_rekapSiswa.php on line 141.
 1 APPPATH\Views\Admin\v_rekapSiswa.php(141): CodeIgniter\Debug\Exceptions->errorHandler(2, 'Undefined property: stdClass::$namaLengkap', 'C:\\Absensi-Prakerin-\\app\\Views\\Admin\\v_rekapSiswa.php', 141)
 2 SYSTEMPATH\View\View.php(228): include('C:\\Absensi-Prakerin-\\app\\Views\\Admin\\v_rekapSiswa.php')
 3 SYSTEMPATH\View\View.php(231): CodeIgniter\View\View->CodeIgniter\View\{closure}()
 4 SYSTEMPATH\Common.php(1178): CodeIgniter\View\View->render('Admin/v_rekapSiswa', [], true)
 5 APPPATH\Controllers\Admin\Admin.php(458): view('Admin/v_rekapSiswa', [...])
 6 SYSTEMPATH\CodeIgniter.php(943): App\Controllers\Admin\Admin->rekap_siswa()
 7 SYSTEMPATH\CodeIgniter.php(503): CodeIgniter\CodeIgniter->runController(Object(App\Controllers\Admin\Admin))
 8 SYSTEMPATH\CodeIgniter.php(361): CodeIgniter\CodeIgniter->handleRequest(null, Object(Config\Cache), false)
 9 FCPATH\index.php(79): CodeIgniter\CodeIgniter->run()
10 SYSTEMPATH\Commands\Server\rewrite.php(47): require_once('C:\\Absensi-Prakerin-\\public\\index.php')
INFO - 2024-09-09 10:29:16 --> Session: Class initialized using 'CodeIgniter\Session\Handlers\FileHandler' driver.
INFO - 2024-09-09 10:29:29 --> Session: Class initialized using 'CodeIgniter\Session\Handlers\FileHandler' driver.
INFO - 2024-09-09 10:29:30 --> Session: Class initialized using 'CodeIgniter\Session\Handlers\FileHandler' driver.
CRITICAL - 2024-09-09 10:29:30 --> ErrorException: Attempt to read property "nama_lengkap" on array
in APPPATH\Views\Admin\v_rekapSiswa.php on line 141.
 1 APPPATH\Views\Admin\v_rekapSiswa.php(141): CodeIgniter\Debug\Exceptions->errorHandler(2, 'Attempt to read property "nama_lengkap" on array', 'C:\\Absensi-Prakerin-\\app\\Views\\Admin\\v_rekapSiswa.php', 141)
 2 SYSTEMPATH\View\View.php(228): include('C:\\Absensi-Prakerin-\\app\\Views\\Admin\\v_rekapSiswa.php')
 3 SYSTEMPATH\View\View.php(231): CodeIgniter\View\View->CodeIgniter\View\{closure}()
 4 SYSTEMPATH\Common.php(1178): CodeIgniter\View\View->render('Admin/v_rekapSiswa', [], true)
 5 APPPATH\Controllers\Admin\Admin.php(458): view('Admin/v_rekapSiswa', [...])
 6 SYSTEMPATH\CodeIgniter.php(943): App\Controllers\Admin\Admin->rekap_siswa()
 7 SYSTEMPATH\CodeIgniter.php(503): CodeIgniter\CodeIgniter->runController(Object(App\Controllers\Admin\Admin))
 8 SYSTEMPATH\CodeIgniter.php(361): CodeIgniter\CodeIgniter->handleRequest(null, Object(Config\Cache), false)
 9 FCPATH\index.php(79): CodeIgniter\CodeIgniter->run()
10 SYSTEMPATH\Commands\Server\rewrite.php(47): require_once('C:\\Absensi-Prakerin-\\public\\index.php')
INFO - 2024-09-09 10:30:29 --> Session: Class initialized using 'CodeIgniter\Session\Handlers\FileHandler' driver.
CRITICAL - 2024-09-09 10:30:30 --> Error: Cannot use object of type stdClass as array
in APPPATH\Views\Admin\v_rekapSiswa.php on line 141.
 1 SYSTEMPATH\View\View.php(228): include()
 2 SYSTEMPATH\View\View.php(231): CodeIgniter\View\View->CodeIgniter\View\{closure}()
 3 SYSTEMPATH\Common.php(1178): CodeIgniter\View\View->render('Admin/v_rekapSiswa', [], true)
 4 APPPATH\Controllers\Admin\Admin.php(458): view('Admin/v_rekapSiswa', [...])
 5 SYSTEMPATH\CodeIgniter.php(943): App\Controllers\Admin\Admin->rekap_siswa()
 6 SYSTEMPATH\CodeIgniter.php(503): CodeIgniter\CodeIgniter->runController(Object(App\Controllers\Admin\Admin))
 7 SYSTEMPATH\CodeIgniter.php(361): CodeIgniter\CodeIgniter->handleRequest(null, Object(Config\Cache), false)
 8 FCPATH\index.php(79): CodeIgniter\CodeIgniter->run()
 9 SYSTEMPATH\Commands\Server\rewrite.php(47): require_once('C:\\Absensi-Prakerin-\\public\\index.php')
INFO - 2024-09-09 10:31:15 --> Session: Class initialized using 'CodeIgniter\Session\Handlers\FileHandler' driver.
CRITICAL - 2024-09-09 10:31:15 --> ErrorException: Array to string conversion
in APPPATH\Views\Admin\v_rekapSiswa.php on line 141.
 1 APPPATH\Views\Admin\v_rekapSiswa.php(141): CodeIgniter\Debug\Exceptions->errorHandler(2, 'Array to string conversion', 'C:\\Absensi-Prakerin-\\app\\Views\\Admin\\v_rekapSiswa.php', 141)
 2 SYSTEMPATH\View\View.php(228): include('C:\\Absensi-Prakerin-\\app\\Views\\Admin\\v_rekapSiswa.php')
 3 SYSTEMPATH\View\View.php(231): CodeIgniter\View\View->CodeIgniter\View\{closure}()
 4 SYSTEMPATH\Common.php(1178): CodeIgniter\View\View->render('Admin/v_rekapSiswa', [], true)
 5 APPPATH\Controllers\Admin\Admin.php(458): view('Admin/v_rekapSiswa', [...])
 6 SYSTEMPATH\CodeIgniter.php(943): App\Controllers\Admin\Admin->rekap_siswa()
 7 SYSTEMPATH\CodeIgniter.php(503): CodeIgniter\CodeIgniter->runController(Object(App\Controllers\Admin\Admin))
 8 SYSTEMPATH\CodeIgniter.php(361): CodeIgniter\CodeIgniter->handleRequest(null, Object(Config\Cache), false)
 9 FCPATH\index.php(79): CodeIgniter\CodeIgniter->run()
10 SYSTEMPATH\Commands\Server\rewrite.php(47): require_once('C:\\Absensi-Prakerin-\\public\\index.php')
INFO - 2024-09-09 10:31:31 --> Session: Class initialized using 'CodeIgniter\Session\Handlers\FileHandler' driver.
CRITICAL - 2024-09-09 10:31:31 --> ParseError: syntax error, unexpected token "=>", expecting "," or ";"
in APPPATH\Views\Admin\v_rekapSiswa.php on line 141.
 1 SYSTEMPATH\View\View.php(231): CodeIgniter\View\View->CodeIgniter\View\{closure}()
 2 SYSTEMPATH\Common.php(1178): CodeIgniter\View\View->render('Admin/v_rekapSiswa', [], true)
 3 APPPATH\Controllers\Admin\Admin.php(458): view('Admin/v_rekapSiswa', [...])
 4 SYSTEMPATH\CodeIgniter.php(943): App\Controllers\Admin\Admin->rekap_siswa()
 5 SYSTEMPATH\CodeIgniter.php(503): CodeIgniter\CodeIgniter->runController(Object(App\Controllers\Admin\Admin))
 6 SYSTEMPATH\CodeIgniter.php(361): CodeIgniter\CodeIgniter->handleRequest(null, Object(Config\Cache), false)
 7 FCPATH\index.php(79): CodeIgniter\CodeIgniter->run()
 8 SYSTEMPATH\Commands\Server\rewrite.php(47): require_once('C:\\Absensi-Prakerin-\\public\\index.php')
INFO - 2024-09-09 10:31:42 --> Session: Class initialized using 'CodeIgniter\Session\Handlers\FileHandler' driver.
INFO - 2024-09-09 10:32:00 --> Session: Class initialized using 'CodeIgniter\Session\Handlers\FileHandler' driver.
INFO - 2024-09-09 10:32:01 --> Session: Class initialized using 'CodeIgniter\Session\Handlers\FileHandler' driver.
CRITICAL - 2024-09-09 10:32:01 --> ErrorException: Attempt to read property "nama_lengkap" on array
in APPPATH\Views\Admin\v_rekapSiswa.php on line 141.
 1 APPPATH\Views\Admin\v_rekapSiswa.php(141): CodeIgniter\Debug\Exceptions->errorHandler(2, 'Attempt to read property "nama_lengkap" on array', 'C:\\Absensi-Prakerin-\\app\\Views\\Admin\\v_rekapSiswa.php', 141)
 2 SYSTEMPATH\View\View.php(228): include('C:\\Absensi-Prakerin-\\app\\Views\\Admin\\v_rekapSiswa.php')
 3 SYSTEMPATH\View\View.php(231): CodeIgniter\View\View->CodeIgniter\View\{closure}()
 4 SYSTEMPATH\Common.php(1178): CodeIgniter\View\View->render('Admin/v_rekapSiswa', [], true)
 5 APPPATH\Controllers\Admin\Admin.php(458): view('Admin/v_rekapSiswa', [...])
 6 SYSTEMPATH\CodeIgniter.php(943): App\Controllers\Admin\Admin->rekap_siswa()
 7 SYSTEMPATH\CodeIgniter.php(503): CodeIgniter\CodeIgniter->runController(Object(App\Controllers\Admin\Admin))
 8 SYSTEMPATH\CodeIgniter.php(361): CodeIgniter\CodeIgniter->handleRequest(null, Object(Config\Cache), false)
 9 FCPATH\index.php(79): CodeIgniter\CodeIgniter->run()
10 SYSTEMPATH\Commands\Server\rewrite.php(47): require_once('C:\\Absensi-Prakerin-\\public\\index.php')
INFO - 2024-09-09 10:32:29 --> Session: Class initialized using 'CodeIgniter\Session\Handlers\FileHandler' driver.
INFO - 2024-09-09 10:33:15 --> Session: Class initialized using 'CodeIgniter\Session\Handlers\FileHandler' driver.
INFO - 2024-09-09 10:33:50 --> Session: Class initialized using 'CodeIgniter\Session\Handlers\FileHandler' driver.
CRITICAL - 2024-09-09 10:33:50 --> ErrorException: Undefined property: stdClass::$nama_lengkap
in APPPATH\Views\Admin\v_rekapSiswa.php on line 147.
 1 APPPATH\Views\Admin\v_rekapSiswa.php(147): CodeIgniter\Debug\Exceptions->errorHandler(2, 'Undefined property: stdClass::$nama_lengkap', 'C:\\Absensi-Prakerin-\\app\\Views\\Admin\\v_rekapSiswa.php', 147)
 2 SYSTEMPATH\View\View.php(228): include('C:\\Absensi-Prakerin-\\app\\Views\\Admin\\v_rekapSiswa.php')
 3 SYSTEMPATH\View\View.php(231): CodeIgniter\View\View->CodeIgniter\View\{closure}()
 4 SYSTEMPATH\Common.php(1178): CodeIgniter\View\View->render('Admin/v_rekapSiswa', [], true)
 5 APPPATH\Controllers\Admin\Admin.php(459): view('Admin/v_rekapSiswa', [...])
 6 SYSTEMPATH\CodeIgniter.php(943): App\Controllers\Admin\Admin->rekap_siswa()
 7 SYSTEMPATH\CodeIgniter.php(503): CodeIgniter\CodeIgniter->runController(Object(App\Controllers\Admin\Admin))
 8 SYSTEMPATH\CodeIgniter.php(361): CodeIgniter\CodeIgniter->handleRequest(null, Object(Config\Cache), false)
 9 FCPATH\index.php(79): CodeIgniter\CodeIgniter->run()
10 SYSTEMPATH\Commands\Server\rewrite.php(47): require_once('C:\\Absensi-Prakerin-\\public\\index.php')
INFO - 2024-09-09 10:34:32 --> Session: Class initialized using 'CodeIgniter\Session\Handlers\FileHandler' driver.
CRITICAL - 2024-09-09 10:34:32 --> ErrorException: Undefined variable $nim_nis
in APPPATH\Views\Admin\v_rekapSiswa.php on line 148.
 1 APPPATH\Views\Admin\v_rekapSiswa.php(148): CodeIgniter\Debug\Exceptions->errorHandler(2, 'Undefined variable $nim_nis', 'C:\\Absensi-Prakerin-\\app\\Views\\Admin\\v_rekapSiswa.php', 148)
 2 SYSTEMPATH\View\View.php(228): include('C:\\Absensi-Prakerin-\\app\\Views\\Admin\\v_rekapSiswa.php')
 3 SYSTEMPATH\View\View.php(231): CodeIgniter\View\View->CodeIgniter\View\{closure}()
 4 SYSTEMPATH\Common.php(1178): CodeIgniter\View\View->render('Admin/v_rekapSiswa', [], true)
 5 APPPATH\Controllers\Admin\Admin.php(459): view('Admin/v_rekapSiswa', [...])
 6 SYSTEMPATH\CodeIgniter.php(943): App\Controllers\Admin\Admin->rekap_siswa()
 7 SYSTEMPATH\CodeIgniter.php(503): CodeIgniter\CodeIgniter->runController(Object(App\Controllers\Admin\Admin))
 8 SYSTEMPATH\CodeIgniter.php(361): CodeIgniter\CodeIgniter->handleRequest(null, Object(Config\Cache), false)
 9 FCPATH\index.php(79): CodeIgniter\CodeIgniter->run()
10 SYSTEMPATH\Commands\Server\rewrite.php(47): require_once('C:\\Absensi-Prakerin-\\public\\index.php')
INFO - 2024-09-09 10:35:04 --> Session: Class initialized using 'CodeIgniter\Session\Handlers\FileHandler' driver.
INFO - 2024-09-09 10:36:00 --> Session: Class initialized using 'CodeIgniter\Session\Handlers\FileHandler' driver.
INFO - 2024-09-09 10:37:39 --> Session: Class initialized using 'CodeIgniter\Session\Handlers\FileHandler' driver.
CRITICAL - 2024-09-09 10:37:39 --> ErrorException: Undefined variable $total
in APPPATH\Views\Admin\v_rekapSiswa.php on line 164.
 1 APPPATH\Views\Admin\v_rekapSiswa.php(164): CodeIgniter\Debug\Exceptions->errorHandler(2, 'Undefined variable $total', 'C:\\Absensi-Prakerin-\\app\\Views\\Admin\\v_rekapSiswa.php', 164)
 2 SYSTEMPATH\View\View.php(228): include('C:\\Absensi-Prakerin-\\app\\Views\\Admin\\v_rekapSiswa.php')
 3 SYSTEMPATH\View\View.php(231): CodeIgniter\View\View->CodeIgniter\View\{closure}()
 4 SYSTEMPATH\Common.php(1178): CodeIgniter\View\View->render('Admin/v_rekapSiswa', [], true)
 5 APPPATH\Controllers\Admin\Admin.php(460): view('Admin/v_rekapSiswa', [...])
 6 SYSTEMPATH\CodeIgniter.php(943): App\Controllers\Admin\Admin->rekap_siswa()
 7 SYSTEMPATH\CodeIgniter.php(503): CodeIgniter\CodeIgniter->runController(Object(App\Controllers\Admin\Admin))
 8 SYSTEMPATH\CodeIgniter.php(361): CodeIgniter\CodeIgniter->handleRequest(null, Object(Config\Cache), false)
 9 FCPATH\index.php(79): CodeIgniter\CodeIgniter->run()
10 SYSTEMPATH\Commands\Server\rewrite.php(47): require_once('C:\\Absensi-Prakerin-\\public\\index.php')
INFO - 2024-09-09 10:38:35 --> Session: Class initialized using 'CodeIgniter\Session\Handlers\FileHandler' driver.
CRITICAL - 2024-09-09 10:38:35 --> ErrorException: Undefined variable $totalAbsent
in APPPATH\Views\Admin\v_rekapSiswa.php on line 164.
 1 APPPATH\Views\Admin\v_rekapSiswa.php(164): CodeIgniter\Debug\Exceptions->errorHandler(2, 'Undefined variable $totalAbsent', 'C:\\Absensi-Prakerin-\\app\\Views\\Admin\\v_rekapSiswa.php', 164)
 2 SYSTEMPATH\View\View.php(228): include('C:\\Absensi-Prakerin-\\app\\Views\\Admin\\v_rekapSiswa.php')
 3 SYSTEMPATH\View\View.php(231): CodeIgniter\View\View->CodeIgniter\View\{closure}()
 4 SYSTEMPATH\Common.php(1178): CodeIgniter\View\View->render('Admin/v_rekapSiswa', [], true)
 5 APPPATH\Controllers\Admin\Admin.php(460): view('Admin/v_rekapSiswa', [...])
 6 SYSTEMPATH\CodeIgniter.php(943): App\Controllers\Admin\Admin->rekap_siswa()
 7 SYSTEMPATH\CodeIgniter.php(503): CodeIgniter\CodeIgniter->runController(Object(App\Controllers\Admin\Admin))
 8 SYSTEMPATH\CodeIgniter.php(361): CodeIgniter\CodeIgniter->handleRequest(null, Object(Config\Cache), false)
 9 FCPATH\index.php(79): CodeIgniter\CodeIgniter->run()
10 SYSTEMPATH\Commands\Server\rewrite.php(47): require_once('C:\\Absensi-Prakerin-\\public\\index.php')
INFO - 2024-09-09 10:40:07 --> Session: Class initialized using 'CodeIgniter\Session\Handlers\FileHandler' driver.
CRITICAL - 2024-09-09 10:40:08 --> Error: Cannot use a scalar value as an array
in APPPATH\Controllers\Admin\Admin.php on line 396.
 1 SYSTEMPATH\CodeIgniter.php(943): App\Controllers\Admin\Admin->rekap_siswa()
 2 SYSTEMPATH\CodeIgniter.php(503): CodeIgniter\CodeIgniter->runController(Object(App\Controllers\Admin\Admin))
 3 SYSTEMPATH\CodeIgniter.php(361): CodeIgniter\CodeIgniter->handleRequest(null, Object(Config\Cache), false)
 4 FCPATH\index.php(79): CodeIgniter\CodeIgniter->run()
 5 SYSTEMPATH\Commands\Server\rewrite.php(47): require_once('C:\\Absensi-Prakerin-\\public\\index.php')
INFO - 2024-09-09 10:41:09 --> Session: Class initialized using 'CodeIgniter\Session\Handlers\FileHandler' driver.
CRITICAL - 2024-09-09 10:41:09 --> Error: Cannot use a scalar value as an array
in APPPATH\Controllers\Admin\Admin.php on line 396.
 1 SYSTEMPATH\CodeIgniter.php(943): App\Controllers\Admin\Admin->rekap_siswa()
 2 SYSTEMPATH\CodeIgniter.php(503): CodeIgniter\CodeIgniter->runController(Object(App\Controllers\Admin\Admin))
 3 SYSTEMPATH\CodeIgniter.php(361): CodeIgniter\CodeIgniter->handleRequest(null, Object(Config\Cache), false)
 4 FCPATH\index.php(79): CodeIgniter\CodeIgniter->run()
 5 SYSTEMPATH\Commands\Server\rewrite.php(47): require_once('C:\\Absensi-Prakerin-\\public\\index.php')
INFO - 2024-09-09 10:41:24 --> Session: Class initialized using 'CodeIgniter\Session\Handlers\FileHandler' driver.
INFO - 2024-09-09 10:41:41 --> Session: Class initialized using 'CodeIgniter\Session\Handlers\FileHandler' driver.
INFO - 2024-09-09 10:42:42 --> Session: Class initialized using 'CodeIgniter\Session\Handlers\FileHandler' driver.
INFO - 2024-09-09 10:42:43 --> Session: Class initialized using 'CodeIgniter\Session\Handlers\FileHandler' driver.
INFO - 2024-09-09 10:42:51 --> Session: Class initialized using 'CodeIgniter\Session\Handlers\FileHandler' driver.
INFO - 2024-09-09 10:45:36 --> Session: Class initialized using 'CodeIgniter\Session\Handlers\FileHandler' driver.
INFO - 2024-09-09 10:46:18 --> Session: Class initialized using 'CodeIgniter\Session\Handlers\FileHandler' driver.
INFO - 2024-09-09 10:46:27 --> Session: Class initialized using 'CodeIgniter\Session\Handlers\FileHandler' driver.
INFO - 2024-09-09 10:52:08 --> Session: Class initialized using 'CodeIgniter\Session\Handlers\FileHandler' driver.
INFO - 2024-09-09 10:52:12 --> Session: Class initialized using 'CodeIgniter\Session\Handlers\FileHandler' driver.
INFO - 2024-09-09 10:52:25 --> Session: Class initialized using 'CodeIgniter\Session\Handlers\FileHandler' driver.
INFO - 2024-09-09 10:52:26 --> Session: Class initialized using 'CodeIgniter\Session\Handlers\FileHandler' driver.
INFO - 2024-09-09 10:53:50 --> Session: Class initialized using 'CodeIgniter\Session\Handlers\FileHandler' driver.
INFO - 2024-09-09 10:53:56 --> Session: Class initialized using 'CodeIgniter\Session\Handlers\FileHandler' driver.
INFO - 2024-09-09 10:53:56 --> Session: Class initialized using 'CodeIgniter\Session\Handlers\FileHandler' driver.
INFO - 2024-09-09 10:54:29 --> Session: Class initialized using 'CodeIgniter\Session\Handlers\FileHandler' driver.
INFO - 2024-09-09 10:54:29 --> Session: Class initialized using 'CodeIgniter\Session\Handlers\FileHandler' driver.
INFO - 2024-09-09 10:55:25 --> Session: Class initialized using 'CodeIgniter\Session\Handlers\FileHandler' driver.
INFO - 2024-09-09 10:55:25 --> Session: Class initialized using 'CodeIgniter\Session\Handlers\FileHandler' driver.
INFO - 2024-09-09 10:57:20 --> Session: Class initialized using 'CodeIgniter\Session\Handlers\FileHandler' driver.
INFO - 2024-09-09 10:57:20 --> Session: Class initialized using 'CodeIgniter\Session\Handlers\FileHandler' driver.
INFO - 2024-09-09 10:57:39 --> Session: Class initialized using 'CodeIgniter\Session\Handlers\FileHandler' driver.
INFO - 2024-09-09 10:57:54 --> Session: Class initialized using 'CodeIgniter\Session\Handlers\FileHandler' driver.
INFO - 2024-09-09 10:58:36 --> Session: Class initialized using 'CodeIgniter\Session\Handlers\FileHandler' driver.
INFO - 2024-09-09 10:58:36 --> Session: Class initialized using 'CodeIgniter\Session\Handlers\FileHandler' driver.
INFO - 2024-09-09 11:00:59 --> Session: Class initialized using 'CodeIgniter\Session\Handlers\FileHandler' driver.
INFO - 2024-09-09 11:02:37 --> Session: Class initialized using 'CodeIgniter\Session\Handlers\FileHandler' driver.
INFO - 2024-09-09 11:02:53 --> Session: Class initialized using 'CodeIgniter\Session\Handlers\FileHandler' driver.
INFO - 2024-09-09 11:03:48 --> Session: Class initialized using 'CodeIgniter\Session\Handlers\FileHandler' driver.
INFO - 2024-09-09 11:05:23 --> Session: Class initialized using 'CodeIgniter\Session\Handlers\FileHandler' driver.
INFO - 2024-09-09 11:05:37 --> Session: Class initialized using 'CodeIgniter\Session\Handlers\FileHandler' driver.
INFO - 2024-09-09 11:05:47 --> Session: Class initialized using 'CodeIgniter\Session\Handlers\FileHandler' driver.
INFO - 2024-09-09 11:06:43 --> Session: Class initialized using 'CodeIgniter\Session\Handlers\FileHandler' driver.
INFO - 2024-09-09 11:06:43 --> Session: Class initialized using 'CodeIgniter\Session\Handlers\FileHandler' driver.
INFO - 2024-09-09 11:06:52 --> Session: Class initialized using 'CodeIgniter\Session\Handlers\FileHandler' driver.
INFO - 2024-09-09 11:07:50 --> Session: Class initialized using 'CodeIgniter\Session\Handlers\FileHandler' driver.
INFO - 2024-09-09 11:13:43 --> Session: Class initialized using 'CodeIgniter\Session\Handlers\FileHandler' driver.
CRITICAL - 2024-09-09 11:13:43 --> ErrorException: Undefined property: stdClass::$nama_lengkap
in APPPATH\Views\Admin\v_rekapData.php on line 140.
 1 APPPATH\Views\Admin\v_rekapData.php(140): CodeIgniter\Debug\Exceptions->errorHandler(2, 'Undefined property: stdClass::$nama_lengkap', 'C:\\Absensi-Prakerin-\\app\\Views\\Admin\\v_rekapData.php', 140)
 2 SYSTEMPATH\View\View.php(228): include('C:\\Absensi-Prakerin-\\app\\Views\\Admin\\v_rekapData.php')
 3 SYSTEMPATH\View\View.php(231): CodeIgniter\View\View->CodeIgniter\View\{closure}()
 4 SYSTEMPATH\Common.php(1178): CodeIgniter\View\View->render('admin/v_rekapData', [], true)
 5 APPPATH\Controllers\Print\Pdf.php(74): view('admin/v_rekapData', [...])
 6 SYSTEMPATH\CodeIgniter.php(943): App\Controllers\Print\Pdf->generatePDF()
 7 SYSTEMPATH\CodeIgniter.php(503): CodeIgniter\CodeIgniter->runController(Object(App\Controllers\Print\Pdf))
 8 SYSTEMPATH\CodeIgniter.php(361): CodeIgniter\CodeIgniter->handleRequest(null, Object(Config\Cache), false)
 9 FCPATH\index.php(79): CodeIgniter\CodeIgniter->run()
10 SYSTEMPATH\Commands\Server\rewrite.php(47): require_once('C:\\Absensi-Prakerin-\\public\\index.php')
INFO - 2024-09-09 11:15:57 --> Session: Class initialized using 'CodeIgniter\Session\Handlers\FileHandler' driver.
INFO - 2024-09-09 11:16:05 --> Session: Class initialized using 'CodeIgniter\Session\Handlers\FileHandler' driver.
CRITICAL - 2024-09-09 11:16:05 --> ErrorException: Undefined variable $user
in APPPATH\Views\Admin\v_rekapData.php on line 138.
 1 APPPATH\Views\Admin\v_rekapData.php(138): CodeIgniter\Debug\Exceptions->errorHandler(2, 'Undefined variable $user', 'C:\\Absensi-Prakerin-\\app\\Views\\Admin\\v_rekapData.php', 138)
 2 SYSTEMPATH\View\View.php(228): include('C:\\Absensi-Prakerin-\\app\\Views\\Admin\\v_rekapData.php')
 3 SYSTEMPATH\View\View.php(231): CodeIgniter\View\View->CodeIgniter\View\{closure}()
 4 SYSTEMPATH\Common.php(1178): CodeIgniter\View\View->render('admin/v_rekapData', [], true)
 5 APPPATH\Controllers\Print\Pdf.php(74): view('admin/v_rekapData', [...])
 6 SYSTEMPATH\CodeIgniter.php(943): App\Controllers\Print\Pdf->generatePDF()
 7 SYSTEMPATH\CodeIgniter.php(503): CodeIgniter\CodeIgniter->runController(Object(App\Controllers\Print\Pdf))
 8 SYSTEMPATH\CodeIgniter.php(361): CodeIgniter\CodeIgniter->handleRequest(null, Object(Config\Cache), false)
 9 FCPATH\index.php(79): CodeIgniter\CodeIgniter->run()
10 SYSTEMPATH\Commands\Server\rewrite.php(47): require_once('C:\\Absensi-Prakerin-\\public\\index.php')
INFO - 2024-09-09 11:18:48 --> Session: Class initialized using 'CodeIgniter\Session\Handlers\FileHandler' driver.
INFO - 2024-09-09 11:18:55 --> Session: Class initialized using 'CodeIgniter\Session\Handlers\FileHandler' driver.
CRITICAL - 2024-09-09 11:18:55 --> ErrorException: Undefined variable $user
in APPPATH\Views\Admin\v_rekapData.php on line 138.
 1 APPPATH\Views\Admin\v_rekapData.php(138): CodeIgniter\Debug\Exceptions->errorHandler(2, 'Undefined variable $user', 'C:\\Absensi-Prakerin-\\app\\Views\\Admin\\v_rekapData.php', 138)
 2 SYSTEMPATH\View\View.php(228): include('C:\\Absensi-Prakerin-\\app\\Views\\Admin\\v_rekapData.php')
 3 SYSTEMPATH\View\View.php(231): CodeIgniter\View\View->CodeIgniter\View\{closure}()
 4 SYSTEMPATH\Common.php(1178): CodeIgniter\View\View->render('admin/v_rekapData', [], true)
 5 APPPATH\Controllers\Print\Pdf.php(74): view('admin/v_rekapData', [...])
 6 SYSTEMPATH\CodeIgniter.php(943): App\Controllers\Print\Pdf->generatePDF()
 7 SYSTEMPATH\CodeIgniter.php(503): CodeIgniter\CodeIgniter->runController(Object(App\Controllers\Print\Pdf))
 8 SYSTEMPATH\CodeIgniter.php(361): CodeIgniter\CodeIgniter->handleRequest(null, Object(Config\Cache), false)
 9 FCPATH\index.php(79): CodeIgniter\CodeIgniter->run()
10 SYSTEMPATH\Commands\Server\rewrite.php(47): require_once('C:\\Absensi-Prakerin-\\public\\index.php')
INFO - 2024-09-09 11:22:20 --> Session: Class initialized using 'CodeIgniter\Session\Handlers\FileHandler' driver.
CRITICAL - 2024-09-09 11:22:20 --> ErrorException: Undefined variable $user
in APPPATH\Views\Admin\v_rekapData.php on line 138.
 1 APPPATH\Views\Admin\v_rekapData.php(138): CodeIgniter\Debug\Exceptions->errorHandler(2, 'Undefined variable $user', 'C:\\Absensi-Prakerin-\\app\\Views\\Admin\\v_rekapData.php', 138)
 2 SYSTEMPATH\View\View.php(228): include('C:\\Absensi-Prakerin-\\app\\Views\\Admin\\v_rekapData.php')
 3 SYSTEMPATH\View\View.php(231): CodeIgniter\View\View->CodeIgniter\View\{closure}()
 4 SYSTEMPATH\Common.php(1178): CodeIgniter\View\View->render('admin/v_rekapData', [], true)
 5 APPPATH\Controllers\Print\Pdf.php(74): view('admin/v_rekapData', [...])
 6 SYSTEMPATH\CodeIgniter.php(943): App\Controllers\Print\Pdf->generatePDF()
 7 SYSTEMPATH\CodeIgniter.php(503): CodeIgniter\CodeIgniter->runController(Object(App\Controllers\Print\Pdf))
 8 SYSTEMPATH\CodeIgniter.php(361): CodeIgniter\CodeIgniter->handleRequest(null, Object(Config\Cache), false)
 9 FCPATH\index.php(79): CodeIgniter\CodeIgniter->run()
10 SYSTEMPATH\Commands\Server\rewrite.php(47): require_once('C:\\Absensi-Prakerin-\\public\\index.php')
INFO - 2024-09-09 11:24:20 --> Session: Class initialized using 'CodeIgniter\Session\Handlers\FileHandler' driver.
CRITICAL - 2024-09-09 11:24:20 --> ErrorException: foreach() argument must be of type array|object, null given
in APPPATH\Views\Admin\v_rekapData.php on line 137.
 1 APPPATH\Views\Admin\v_rekapData.php(137): CodeIgniter\Debug\Exceptions->errorHandler(2, 'foreach() argument must be of type array|object, null given', 'C:\\Absensi-Prakerin-\\app\\Views\\Admin\\v_rekapData.php', 137)
 2 SYSTEMPATH\View\View.php(228): include('C:\\Absensi-Prakerin-\\app\\Views\\Admin\\v_rekapData.php')
 3 SYSTEMPATH\View\View.php(231): CodeIgniter\View\View->CodeIgniter\View\{closure}()
 4 SYSTEMPATH\Common.php(1178): CodeIgniter\View\View->render('admin/v_rekapData', [], true)
 5 APPPATH\Controllers\Print\Pdf.php(76): view('admin/v_rekapData', [...])
 6 SYSTEMPATH\CodeIgniter.php(943): App\Controllers\Print\Pdf->generatePDF()
 7 SYSTEMPATH\CodeIgniter.php(503): CodeIgniter\CodeIgniter->runController(Object(App\Controllers\Print\Pdf))
 8 SYSTEMPATH\CodeIgniter.php(361): CodeIgniter\CodeIgniter->handleRequest(null, Object(Config\Cache), false)
 9 FCPATH\index.php(79): CodeIgniter\CodeIgniter->run()
10 SYSTEMPATH\Commands\Server\rewrite.php(47): require_once('C:\\Absensi-Prakerin-\\public\\index.php')
INFO - 2024-09-09 11:24:38 --> Session: Class initialized using 'CodeIgniter\Session\Handlers\FileHandler' driver.
INFO - 2024-09-09 11:24:47 --> Session: Class initialized using 'CodeIgniter\Session\Handlers\FileHandler' driver.
CRITICAL - 2024-09-09 11:24:47 --> ErrorException: foreach() argument must be of type array|object, null given
in APPPATH\Views\Admin\v_rekapData.php on line 137.
 1 APPPATH\Views\Admin\v_rekapData.php(137): CodeIgniter\Debug\Exceptions->errorHandler(2, 'foreach() argument must be of type array|object, null given', 'C:\\Absensi-Prakerin-\\app\\Views\\Admin\\v_rekapData.php', 137)
 2 SYSTEMPATH\View\View.php(228): include('C:\\Absensi-Prakerin-\\app\\Views\\Admin\\v_rekapData.php')
 3 SYSTEMPATH\View\View.php(231): CodeIgniter\View\View->CodeIgniter\View\{closure}()
 4 SYSTEMPATH\Common.php(1178): CodeIgniter\View\View->render('admin/v_rekapData', [], true)
 5 APPPATH\Controllers\Print\Pdf.php(76): view('admin/v_rekapData', [...])
 6 SYSTEMPATH\CodeIgniter.php(943): App\Controllers\Print\Pdf->generatePDF()
 7 SYSTEMPATH\CodeIgniter.php(503): CodeIgniter\CodeIgniter->runController(Object(App\Controllers\Print\Pdf))
 8 SYSTEMPATH\CodeIgniter.php(361): CodeIgniter\CodeIgniter->handleRequest(null, Object(Config\Cache), false)
 9 FCPATH\index.php(79): CodeIgniter\CodeIgniter->run()
10 SYSTEMPATH\Commands\Server\rewrite.php(47): require_once('C:\\Absensi-Prakerin-\\public\\index.php')
INFO - 2024-09-09 11:26:54 --> Session: Class initialized using 'CodeIgniter\Session\Handlers\FileHandler' driver.
CRITICAL - 2024-09-09 11:26:54 --> ErrorException: Undefined variable $nama_lengkap
in APPPATH\Views\Admin\v_rekapData.php on line 140.
 1 APPPATH\Views\Admin\v_rekapData.php(140): CodeIgniter\Debug\Exceptions->errorHandler(2, 'Undefined variable $nama_lengkap', 'C:\\Absensi-Prakerin-\\app\\Views\\Admin\\v_rekapData.php', 140)
 2 SYSTEMPATH\View\View.php(228): include('C:\\Absensi-Prakerin-\\app\\Views\\Admin\\v_rekapData.php')
 3 SYSTEMPATH\View\View.php(231): CodeIgniter\View\View->CodeIgniter\View\{closure}()
 4 SYSTEMPATH\Common.php(1178): CodeIgniter\View\View->render('admin/v_rekapData', [], true)
 5 APPPATH\Controllers\Print\Pdf.php(74): view('admin/v_rekapData', [...])
 6 SYSTEMPATH\CodeIgniter.php(943): App\Controllers\Print\Pdf->generatePDF()
 7 SYSTEMPATH\CodeIgniter.php(503): CodeIgniter\CodeIgniter->runController(Object(App\Controllers\Print\Pdf))
 8 SYSTEMPATH\CodeIgniter.php(361): CodeIgniter\CodeIgniter->handleRequest(null, Object(Config\Cache), false)
 9 FCPATH\index.php(79): CodeIgniter\CodeIgniter->run()
10 SYSTEMPATH\Commands\Server\rewrite.php(47): require_once('C:\\Absensi-Prakerin-\\public\\index.php')
INFO - 2024-09-09 11:27:35 --> Session: Class initialized using 'CodeIgniter\Session\Handlers\FileHandler' driver.
INFO - 2024-09-09 11:27:48 --> Session: Class initialized using 'CodeIgniter\Session\Handlers\FileHandler' driver.
CRITICAL - 2024-09-09 11:27:48 --> ErrorException: Undefined variable $nama_lengkap
in APPPATH\Views\Admin\v_rekapData.php on line 140.
 1 APPPATH\Views\Admin\v_rekapData.php(140): CodeIgniter\Debug\Exceptions->errorHandler(2, 'Undefined variable $nama_lengkap', 'C:\\Absensi-Prakerin-\\app\\Views\\Admin\\v_rekapData.php', 140)
 2 SYSTEMPATH\View\View.php(228): include('C:\\Absensi-Prakerin-\\app\\Views\\Admin\\v_rekapData.php')
 3 SYSTEMPATH\View\View.php(231): CodeIgniter\View\View->CodeIgniter\View\{closure}()
 4 SYSTEMPATH\Common.php(1178): CodeIgniter\View\View->render('admin/v_rekapData', [], true)
 5 APPPATH\Controllers\Print\Pdf.php(74): view('admin/v_rekapData', [...])
 6 SYSTEMPATH\CodeIgniter.php(943): App\Controllers\Print\Pdf->generatePDF()
 7 SYSTEMPATH\CodeIgniter.php(503): CodeIgniter\CodeIgniter->runController(Object(App\Controllers\Print\Pdf))
 8 SYSTEMPATH\CodeIgniter.php(361): CodeIgniter\CodeIgniter->handleRequest(null, Object(Config\Cache), false)
 9 FCPATH\index.php(79): CodeIgniter\CodeIgniter->run()
10 SYSTEMPATH\Commands\Server\rewrite.php(47): require_once('C:\\Absensi-Prakerin-\\public\\index.php')
INFO - 2024-09-09 11:27:58 --> Session: Class initialized using 'CodeIgniter\Session\Handlers\FileHandler' driver.
INFO - 2024-09-09 11:29:12 --> Session: Class initialized using 'CodeIgniter\Session\Handlers\FileHandler' driver.
INFO - 2024-09-09 11:29:23 --> Session: Class initialized using 'CodeIgniter\Session\Handlers\FileHandler' driver.
CRITICAL - 2024-09-09 11:29:23 --> ErrorException: Undefined variable $user
in APPPATH\Views\Admin\v_rekapData.php on line 138.
 1 APPPATH\Views\Admin\v_rekapData.php(138): CodeIgniter\Debug\Exceptions->errorHandler(2, 'Undefined variable $user', 'C:\\Absensi-Prakerin-\\app\\Views\\Admin\\v_rekapData.php', 138)
 2 SYSTEMPATH\View\View.php(228): include('C:\\Absensi-Prakerin-\\app\\Views\\Admin\\v_rekapData.php')
 3 SYSTEMPATH\View\View.php(231): CodeIgniter\View\View->CodeIgniter\View\{closure}()
 4 SYSTEMPATH\Common.php(1178): CodeIgniter\View\View->render('admin/v_rekapData', [], true)
 5 APPPATH\Controllers\Print\Pdf.php(74): view('admin/v_rekapData', [...])
 6 SYSTEMPATH\CodeIgniter.php(943): App\Controllers\Print\Pdf->generatePDF()
 7 SYSTEMPATH\CodeIgniter.php(503): CodeIgniter\CodeIgniter->runController(Object(App\Controllers\Print\Pdf))
 8 SYSTEMPATH\CodeIgniter.php(361): CodeIgniter\CodeIgniter->handleRequest(null, Object(Config\Cache), false)
 9 FCPATH\index.php(79): CodeIgniter\CodeIgniter->run()
10 SYSTEMPATH\Commands\Server\rewrite.php(47): require_once('C:\\Absensi-Prakerin-\\public\\index.php')
INFO - 2024-09-09 11:29:49 --> Session: Class initialized using 'CodeIgniter\Session\Handlers\FileHandler' driver.
CRITICAL - 2024-09-09 11:29:49 --> Error: Call to a member function where() on null
in APPPATH\Views\Admin\v_rekapData.php on line 138.
 1 SYSTEMPATH\View\View.php(228): include()
 2 SYSTEMPATH\View\View.php(231): CodeIgniter\View\View->CodeIgniter\View\{closure}()
 3 SYSTEMPATH\Common.php(1178): CodeIgniter\View\View->render('admin/v_rekapData', [], true)
 4 APPPATH\Controllers\Print\Pdf.php(75): view('admin/v_rekapData', [...])
 5 SYSTEMPATH\CodeIgniter.php(943): App\Controllers\Print\Pdf->generatePDF()
 6 SYSTEMPATH\CodeIgniter.php(503): CodeIgniter\CodeIgniter->runController(Object(App\Controllers\Print\Pdf))
 7 SYSTEMPATH\CodeIgniter.php(361): CodeIgniter\CodeIgniter->handleRequest(null, Object(Config\Cache), false)
 8 FCPATH\index.php(79): CodeIgniter\CodeIgniter->run()
 9 SYSTEMPATH\Commands\Server\rewrite.php(47): require_once('C:\\Absensi-Prakerin-\\public\\index.php')
INFO - 2024-09-09 11:29:53 --> Session: Class initialized using 'CodeIgniter\Session\Handlers\FileHandler' driver.
CRITICAL - 2024-09-09 11:29:53 --> Error: Call to a member function where() on null
in APPPATH\Views\Admin\v_rekapData.php on line 138.
 1 SYSTEMPATH\View\View.php(228): include()
 2 SYSTEMPATH\View\View.php(231): CodeIgniter\View\View->CodeIgniter\View\{closure}()
 3 SYSTEMPATH\Common.php(1178): CodeIgniter\View\View->render('admin/v_rekapData', [], true)
 4 APPPATH\Controllers\Print\Pdf.php(75): view('admin/v_rekapData', [...])
 5 SYSTEMPATH\CodeIgniter.php(943): App\Controllers\Print\Pdf->generatePDF()
 6 SYSTEMPATH\CodeIgniter.php(503): CodeIgniter\CodeIgniter->runController(Object(App\Controllers\Print\Pdf))
 7 SYSTEMPATH\CodeIgniter.php(361): CodeIgniter\CodeIgniter->handleRequest(null, Object(Config\Cache), false)
 8 FCPATH\index.php(79): CodeIgniter\CodeIgniter->run()
 9 SYSTEMPATH\Commands\Server\rewrite.php(47): require_once('C:\\Absensi-Prakerin-\\public\\index.php')
INFO - 2024-09-09 11:30:18 --> Session: Class initialized using 'CodeIgniter\Session\Handlers\FileHandler' driver.
CRITICAL - 2024-09-09 11:30:18 --> ErrorException: Undefined variable $dataUser
in APPPATH\Views\Admin\v_rekapData.php on line 138.
 1 APPPATH\Views\Admin\v_rekapData.php(138): CodeIgniter\Debug\Exceptions->errorHandler(2, 'Undefined variable $dataUser', 'C:\\Absensi-Prakerin-\\app\\Views\\Admin\\v_rekapData.php', 138)
 2 SYSTEMPATH\View\View.php(228): include('C:\\Absensi-Prakerin-\\app\\Views\\Admin\\v_rekapData.php')
 3 SYSTEMPATH\View\View.php(231): CodeIgniter\View\View->CodeIgniter\View\{closure}()
 4 SYSTEMPATH\Common.php(1178): CodeIgniter\View\View->render('admin/v_rekapData', [], true)
 5 APPPATH\Controllers\Print\Pdf.php(75): view('admin/v_rekapData', [...])
 6 SYSTEMPATH\CodeIgniter.php(943): App\Controllers\Print\Pdf->generatePDF()
 7 SYSTEMPATH\CodeIgniter.php(503): CodeIgniter\CodeIgniter->runController(Object(App\Controllers\Print\Pdf))
 8 SYSTEMPATH\CodeIgniter.php(361): CodeIgniter\CodeIgniter->handleRequest(null, Object(Config\Cache), false)
 9 FCPATH\index.php(79): CodeIgniter\CodeIgniter->run()
10 SYSTEMPATH\Commands\Server\rewrite.php(47): require_once('C:\\Absensi-Prakerin-\\public\\index.php')
INFO - 2024-09-09 11:30:44 --> Session: Class initialized using 'CodeIgniter\Session\Handlers\FileHandler' driver.
CRITICAL - 2024-09-09 11:30:44 --> ErrorException: Undefined variable $namaLengkap
in APPPATH\Views\Admin\v_rekapData.php on line 140.
 1 APPPATH\Views\Admin\v_rekapData.php(140): CodeIgniter\Debug\Exceptions->errorHandler(2, 'Undefined variable $namaLengkap', 'C:\\Absensi-Prakerin-\\app\\Views\\Admin\\v_rekapData.php', 140)
 2 SYSTEMPATH\View\View.php(228): include('C:\\Absensi-Prakerin-\\app\\Views\\Admin\\v_rekapData.php')
 3 SYSTEMPATH\View\View.php(231): CodeIgniter\View\View->CodeIgniter\View\{closure}()
 4 SYSTEMPATH\Common.php(1178): CodeIgniter\View\View->render('admin/v_rekapData', [], true)
 5 APPPATH\Controllers\Print\Pdf.php(75): view('admin/v_rekapData', [...])
 6 SYSTEMPATH\CodeIgniter.php(943): App\Controllers\Print\Pdf->generatePDF()
 7 SYSTEMPATH\CodeIgniter.php(503): CodeIgniter\CodeIgniter->runController(Object(App\Controllers\Print\Pdf))
 8 SYSTEMPATH\CodeIgniter.php(361): CodeIgniter\CodeIgniter->handleRequest(null, Object(Config\Cache), false)
 9 FCPATH\index.php(79): CodeIgniter\CodeIgniter->run()
10 SYSTEMPATH\Commands\Server\rewrite.php(47): require_once('C:\\Absensi-Prakerin-\\public\\index.php')
INFO - 2024-09-09 11:30:52 --> Session: Class initialized using 'CodeIgniter\Session\Handlers\FileHandler' driver.
CRITICAL - 2024-09-09 11:30:52 --> ErrorException: Undefined variable $nama_lengkap
in APPPATH\Views\Admin\v_rekapData.php on line 140.
 1 APPPATH\Views\Admin\v_rekapData.php(140): CodeIgniter\Debug\Exceptions->errorHandler(2, 'Undefined variable $nama_lengkap', 'C:\\Absensi-Prakerin-\\app\\Views\\Admin\\v_rekapData.php', 140)
 2 SYSTEMPATH\View\View.php(228): include('C:\\Absensi-Prakerin-\\app\\Views\\Admin\\v_rekapData.php')
 3 SYSTEMPATH\View\View.php(231): CodeIgniter\View\View->CodeIgniter\View\{closure}()
 4 SYSTEMPATH\Common.php(1178): CodeIgniter\View\View->render('admin/v_rekapData', [], true)
 5 APPPATH\Controllers\Print\Pdf.php(75): view('admin/v_rekapData', [...])
 6 SYSTEMPATH\CodeIgniter.php(943): App\Controllers\Print\Pdf->generatePDF()
 7 SYSTEMPATH\CodeIgniter.php(503): CodeIgniter\CodeIgniter->runController(Object(App\Controllers\Print\Pdf))
 8 SYSTEMPATH\CodeIgniter.php(361): CodeIgniter\CodeIgniter->handleRequest(null, Object(Config\Cache), false)
 9 FCPATH\index.php(79): CodeIgniter\CodeIgniter->run()
10 SYSTEMPATH\Commands\Server\rewrite.php(47): require_once('C:\\Absensi-Prakerin-\\public\\index.php')
INFO - 2024-09-09 11:31:43 --> Session: Class initialized using 'CodeIgniter\Session\Handlers\FileHandler' driver.
CRITICAL - 2024-09-09 11:31:43 --> ErrorException: Undefined variable $nama_lengkap
in APPPATH\Views\Admin\v_rekapData.php on line 140.
 1 APPPATH\Views\Admin\v_rekapData.php(140): CodeIgniter\Debug\Exceptions->errorHandler(2, 'Undefined variable $nama_lengkap', 'C:\\Absensi-Prakerin-\\app\\Views\\Admin\\v_rekapData.php', 140)
 2 SYSTEMPATH\View\View.php(228): include('C:\\Absensi-Prakerin-\\app\\Views\\Admin\\v_rekapData.php')
 3 SYSTEMPATH\View\View.php(231): CodeIgniter\View\View->CodeIgniter\View\{closure}()
 4 SYSTEMPATH\Common.php(1178): CodeIgniter\View\View->render('admin/v_rekapData', [], true)
 5 APPPATH\Controllers\Print\Pdf.php(75): view('admin/v_rekapData', [...])
 6 SYSTEMPATH\CodeIgniter.php(943): App\Controllers\Print\Pdf->generatePDF()
 7 SYSTEMPATH\CodeIgniter.php(503): CodeIgniter\CodeIgniter->runController(Object(App\Controllers\Print\Pdf))
 8 SYSTEMPATH\CodeIgniter.php(361): CodeIgniter\CodeIgniter->handleRequest(null, Object(Config\Cache), false)
 9 FCPATH\index.php(79): CodeIgniter\CodeIgniter->run()
10 SYSTEMPATH\Commands\Server\rewrite.php(47): require_once('C:\\Absensi-Prakerin-\\public\\index.php')
INFO - 2024-09-09 11:31:55 --> Session: Class initialized using 'CodeIgniter\Session\Handlers\FileHandler' driver.
CRITICAL - 2024-09-09 11:31:55 --> Error: Call to a member function where() on null
in APPPATH\Views\Admin\v_rekapData.php on line 138.
 1 SYSTEMPATH\View\View.php(228): include()
 2 SYSTEMPATH\View\View.php(231): CodeIgniter\View\View->CodeIgniter\View\{closure}()
 3 SYSTEMPATH\Common.php(1178): CodeIgniter\View\View->render('admin/v_rekapData', [], true)
 4 APPPATH\Controllers\Print\Pdf.php(75): view('admin/v_rekapData', [...])
 5 SYSTEMPATH\CodeIgniter.php(943): App\Controllers\Print\Pdf->generatePDF()
 6 SYSTEMPATH\CodeIgniter.php(503): CodeIgniter\CodeIgniter->runController(Object(App\Controllers\Print\Pdf))
 7 SYSTEMPATH\CodeIgniter.php(361): CodeIgniter\CodeIgniter->handleRequest(null, Object(Config\Cache), false)
 8 FCPATH\index.php(79): CodeIgniter\CodeIgniter->run()
 9 SYSTEMPATH\Commands\Server\rewrite.php(47): require_once('C:\\Absensi-Prakerin-\\public\\index.php')
INFO - 2024-09-09 11:32:05 --> Session: Class initialized using 'CodeIgniter\Session\Handlers\FileHandler' driver.
CRITICAL - 2024-09-09 11:32:05 --> ErrorException: Undefined variable $user
in APPPATH\Views\Admin\v_rekapData.php on line 138.
 1 APPPATH\Views\Admin\v_rekapData.php(138): CodeIgniter\Debug\Exceptions->errorHandler(2, 'Undefined variable $user', 'C:\\Absensi-Prakerin-\\app\\Views\\Admin\\v_rekapData.php', 138)
 2 SYSTEMPATH\View\View.php(228): include('C:\\Absensi-Prakerin-\\app\\Views\\Admin\\v_rekapData.php')
 3 SYSTEMPATH\View\View.php(231): CodeIgniter\View\View->CodeIgniter\View\{closure}()
 4 SYSTEMPATH\Common.php(1178): CodeIgniter\View\View->render('admin/v_rekapData', [], true)
 5 APPPATH\Controllers\Print\Pdf.php(74): view('admin/v_rekapData', [...])
 6 SYSTEMPATH\CodeIgniter.php(943): App\Controllers\Print\Pdf->generatePDF()
 7 SYSTEMPATH\CodeIgniter.php(503): CodeIgniter\CodeIgniter->runController(Object(App\Controllers\Print\Pdf))
 8 SYSTEMPATH\CodeIgniter.php(361): CodeIgniter\CodeIgniter->handleRequest(null, Object(Config\Cache), false)
 9 FCPATH\index.php(79): CodeIgniter\CodeIgniter->run()
10 SYSTEMPATH\Commands\Server\rewrite.php(47): require_once('C:\\Absensi-Prakerin-\\public\\index.php')
INFO - 2024-09-09 11:32:23 --> Session: Class initialized using 'CodeIgniter\Session\Handlers\FileHandler' driver.
CRITICAL - 2024-09-09 11:32:23 --> Error: Call to a member function where() on null
in APPPATH\Views\Admin\v_rekapData.php on line 138.
 1 SYSTEMPATH\View\View.php(228): include()
 2 SYSTEMPATH\View\View.php(231): CodeIgniter\View\View->CodeIgniter\View\{closure}()
 3 SYSTEMPATH\Common.php(1178): CodeIgniter\View\View->render('admin/v_rekapData', [], true)
 4 APPPATH\Controllers\Print\Pdf.php(75): view('admin/v_rekapData', [...])
 5 SYSTEMPATH\CodeIgniter.php(943): App\Controllers\Print\Pdf->generatePDF()
 6 SYSTEMPATH\CodeIgniter.php(503): CodeIgniter\CodeIgniter->runController(Object(App\Controllers\Print\Pdf))
 7 SYSTEMPATH\CodeIgniter.php(361): CodeIgniter\CodeIgniter->handleRequest(null, Object(Config\Cache), false)
 8 FCPATH\index.php(79): CodeIgniter\CodeIgniter->run()
 9 SYSTEMPATH\Commands\Server\rewrite.php(47): require_once('C:\\Absensi-Prakerin-\\public\\index.php')
INFO - 2024-09-09 11:34:49 --> Session: Class initialized using 'CodeIgniter\Session\Handlers\FileHandler' driver.
CRITICAL - 2024-09-09 11:34:49 --> Error: Call to a member function where() on null
in APPPATH\Views\Admin\v_rekapData.php on line 138.
 1 SYSTEMPATH\View\View.php(228): include()
 2 SYSTEMPATH\View\View.php(231): CodeIgniter\View\View->CodeIgniter\View\{closure}()
 3 SYSTEMPATH\Common.php(1178): CodeIgniter\View\View->render('admin/v_rekapData', [], true)
 4 APPPATH\Controllers\Print\Pdf.php(75): view('admin/v_rekapData', [...])
 5 SYSTEMPATH\CodeIgniter.php(943): App\Controllers\Print\Pdf->generatePDF()
 6 SYSTEMPATH\CodeIgniter.php(503): CodeIgniter\CodeIgniter->runController(Object(App\Controllers\Print\Pdf))
 7 SYSTEMPATH\CodeIgniter.php(361): CodeIgniter\CodeIgniter->handleRequest(null, Object(Config\Cache), false)
 8 FCPATH\index.php(79): CodeIgniter\CodeIgniter->run()
 9 SYSTEMPATH\Commands\Server\rewrite.php(47): require_once('C:\\Absensi-Prakerin-\\public\\index.php')
INFO - 2024-09-09 11:35:05 --> Session: Class initialized using 'CodeIgniter\Session\Handlers\FileHandler' driver.
CRITICAL - 2024-09-09 11:35:05 --> Error: Call to a member function where() on null
in APPPATH\Views\Admin\v_rekapData.php on line 138.
 1 SYSTEMPATH\View\View.php(228): include()
 2 SYSTEMPATH\View\View.php(231): CodeIgniter\View\View->CodeIgniter\View\{closure}()
 3 SYSTEMPATH\Common.php(1178): CodeIgniter\View\View->render('admin/v_rekapData', [], true)
 4 APPPATH\Controllers\Print\Pdf.php(75): view('admin/v_rekapData', [...])
 5 SYSTEMPATH\CodeIgniter.php(943): App\Controllers\Print\Pdf->generatePDF()
 6 SYSTEMPATH\CodeIgniter.php(503): CodeIgniter\CodeIgniter->runController(Object(App\Controllers\Print\Pdf))
 7 SYSTEMPATH\CodeIgniter.php(361): CodeIgniter\CodeIgniter->handleRequest(null, Object(Config\Cache), false)
 8 FCPATH\index.php(79): CodeIgniter\CodeIgniter->run()
 9 SYSTEMPATH\Commands\Server\rewrite.php(47): require_once('C:\\Absensi-Prakerin-\\public\\index.php')
CRITICAL - 2024-09-09 11:37:03 --> Error: Call to undefined function App\Controllers\Print\nomor()
in APPPATH\Controllers\Print\Pdf.php on line 74.
 1 SYSTEMPATH\CodeIgniter.php(943): App\Controllers\Print\Pdf->generatePDF()
 2 SYSTEMPATH\CodeIgniter.php(503): CodeIgniter\CodeIgniter->runController(Object(App\Controllers\Print\Pdf))
 3 SYSTEMPATH\CodeIgniter.php(361): CodeIgniter\CodeIgniter->handleRequest(null, Object(Config\Cache), false)
 4 FCPATH\index.php(79): CodeIgniter\CodeIgniter->run()
 5 SYSTEMPATH\Commands\Server\rewrite.php(47): require_once('C:\\Absensi-Prakerin-\\public\\index.php')
CRITICAL - 2024-09-09 11:38:07 --> Error: Call to undefined function App\Controllers\Print\nomor()
in APPPATH\Controllers\Print\Pdf.php on line 74.
 1 SYSTEMPATH\CodeIgniter.php(943): App\Controllers\Print\Pdf->generatePDF()
 2 SYSTEMPATH\CodeIgniter.php(503): CodeIgniter\CodeIgniter->runController(Object(App\Controllers\Print\Pdf))
 3 SYSTEMPATH\CodeIgniter.php(361): CodeIgniter\CodeIgniter->handleRequest(null, Object(Config\Cache), false)
 4 FCPATH\index.php(79): CodeIgniter\CodeIgniter->run()
 5 SYSTEMPATH\Commands\Server\rewrite.php(47): require_once('C:\\Absensi-Prakerin-\\public\\index.php')
CRITICAL - 2024-09-09 11:38:08 --> Error: Call to undefined function App\Controllers\Print\nomor()
in APPPATH\Controllers\Print\Pdf.php on line 74.
 1 SYSTEMPATH\CodeIgniter.php(943): App\Controllers\Print\Pdf->generatePDF()
 2 SYSTEMPATH\CodeIgniter.php(503): CodeIgniter\CodeIgniter->runController(Object(App\Controllers\Print\Pdf))
 3 SYSTEMPATH\CodeIgniter.php(361): CodeIgniter\CodeIgniter->handleRequest(null, Object(Config\Cache), false)
 4 FCPATH\index.php(79): CodeIgniter\CodeIgniter->run()
 5 SYSTEMPATH\Commands\Server\rewrite.php(47): require_once('C:\\Absensi-Prakerin-\\public\\index.php')
INFO - 2024-09-09 11:40:23 --> Session: Class initialized using 'CodeIgniter\Session\Handlers\FileHandler' driver.
CRITICAL - 2024-09-09 11:40:23 --> ErrorException: Undefined variable $totalAbsensi
in APPPATH\Views\Admin\v_rekapData.php on line 151.
 1 APPPATH\Views\Admin\v_rekapData.php(151): CodeIgniter\Debug\Exceptions->errorHandler(2, 'Undefined variable $totalAbsensi', 'C:\\Absensi-Prakerin-\\app\\Views\\Admin\\v_rekapData.php', 151)
 2 SYSTEMPATH\View\View.php(228): include('C:\\Absensi-Prakerin-\\app\\Views\\Admin\\v_rekapData.php')
 3 SYSTEMPATH\View\View.php(231): CodeIgniter\View\View->CodeIgniter\View\{closure}()
 4 SYSTEMPATH\Common.php(1178): CodeIgniter\View\View->render('admin/v_rekapData', [], true)
 5 APPPATH\Controllers\Print\Pdf.php(77): view('admin/v_rekapData', [...])
 6 SYSTEMPATH\CodeIgniter.php(943): App\Controllers\Print\Pdf->generatePDF()
 7 SYSTEMPATH\CodeIgniter.php(503): CodeIgniter\CodeIgniter->runController(Object(App\Controllers\Print\Pdf))
 8 SYSTEMPATH\CodeIgniter.php(361): CodeIgniter\CodeIgniter->handleRequest(null, Object(Config\Cache), false)
 9 FCPATH\index.php(79): CodeIgniter\CodeIgniter->run()
10 SYSTEMPATH\Commands\Server\rewrite.php(47): require_once('C:\\Absensi-Prakerin-\\public\\index.php')
INFO - 2024-09-09 11:40:37 --> Session: Class initialized using 'CodeIgniter\Session\Handlers\FileHandler' driver.
CRITICAL - 2024-09-09 11:40:37 --> ErrorException: foreach() argument must be of type array|object, null given
in APPPATH\Views\Admin\v_rekapData.php on line 137.
 1 APPPATH\Views\Admin\v_rekapData.php(137): CodeIgniter\Debug\Exceptions->errorHandler(2, 'foreach() argument must be of type array|object, null given', 'C:\\Absensi-Prakerin-\\app\\Views\\Admin\\v_rekapData.php', 137)
 2 SYSTEMPATH\View\View.php(228): include('C:\\Absensi-Prakerin-\\app\\Views\\Admin\\v_rekapData.php')
 3 SYSTEMPATH\View\View.php(231): CodeIgniter\View\View->CodeIgniter\View\{closure}()
 4 SYSTEMPATH\Common.php(1178): CodeIgniter\View\View->render('admin/v_rekapData', [], true)
 5 APPPATH\Controllers\Print\Pdf.php(77): view('admin/v_rekapData', [...])
 6 SYSTEMPATH\CodeIgniter.php(943): App\Controllers\Print\Pdf->generatePDF()
 7 SYSTEMPATH\CodeIgniter.php(503): CodeIgniter\CodeIgniter->runController(Object(App\Controllers\Print\Pdf))
 8 SYSTEMPATH\CodeIgniter.php(361): CodeIgniter\CodeIgniter->handleRequest(null, Object(Config\Cache), false)
 9 FCPATH\index.php(79): CodeIgniter\CodeIgniter->run()
10 SYSTEMPATH\Commands\Server\rewrite.php(47): require_once('C:\\Absensi-Prakerin-\\public\\index.php')
INFO - 2024-09-09 11:42:21 --> Session: Class initialized using 'CodeIgniter\Session\Handlers\FileHandler' driver.
CRITICAL - 2024-09-09 11:42:21 --> ErrorException: foreach() argument must be of type array|object, null given
in APPPATH\Views\Admin\v_rekapData.php on line 137.
 1 APPPATH\Views\Admin\v_rekapData.php(137): CodeIgniter\Debug\Exceptions->errorHandler(2, 'foreach() argument must be of type array|object, null given', 'C:\\Absensi-Prakerin-\\app\\Views\\Admin\\v_rekapData.php', 137)
 2 SYSTEMPATH\View\View.php(228): include('C:\\Absensi-Prakerin-\\app\\Views\\Admin\\v_rekapData.php')
 3 SYSTEMPATH\View\View.php(231): CodeIgniter\View\View->CodeIgniter\View\{closure}()
 4 SYSTEMPATH\Common.php(1178): CodeIgniter\View\View->render('admin/v_rekapData', [], true)
 5 APPPATH\Controllers\Print\Pdf.php(86): view('admin/v_rekapData', [...])
 6 SYSTEMPATH\CodeIgniter.php(943): App\Controllers\Print\Pdf->generatePDF()
 7 SYSTEMPATH\CodeIgniter.php(503): CodeIgniter\CodeIgniter->runController(Object(App\Controllers\Print\Pdf))
 8 SYSTEMPATH\CodeIgniter.php(361): CodeIgniter\CodeIgniter->handleRequest(null, Object(Config\Cache), false)
 9 FCPATH\index.php(79): CodeIgniter\CodeIgniter->run()
10 SYSTEMPATH\Commands\Server\rewrite.php(47): require_once('C:\\Absensi-Prakerin-\\public\\index.php')
INFO - 2024-09-09 11:42:27 --> Session: Class initialized using 'CodeIgniter\Session\Handlers\FileHandler' driver.
CRITICAL - 2024-09-09 11:42:27 --> ErrorException: foreach() argument must be of type array|object, null given
in APPPATH\Views\Admin\v_rekapData.php on line 137.
 1 APPPATH\Views\Admin\v_rekapData.php(137): CodeIgniter\Debug\Exceptions->errorHandler(2, 'foreach() argument must be of type array|object, null given', 'C:\\Absensi-Prakerin-\\app\\Views\\Admin\\v_rekapData.php', 137)
 2 SYSTEMPATH\View\View.php(228): include('C:\\Absensi-Prakerin-\\app\\Views\\Admin\\v_rekapData.php')
 3 SYSTEMPATH\View\View.php(231): CodeIgniter\View\View->CodeIgniter\View\{closure}()
 4 SYSTEMPATH\Common.php(1178): CodeIgniter\View\View->render('admin/v_rekapData', [], true)
 5 APPPATH\Controllers\Print\Pdf.php(86): view('admin/v_rekapData', [...])
 6 SYSTEMPATH\CodeIgniter.php(943): App\Controllers\Print\Pdf->generatePDF()
 7 SYSTEMPATH\CodeIgniter.php(503): CodeIgniter\CodeIgniter->runController(Object(App\Controllers\Print\Pdf))
 8 SYSTEMPATH\CodeIgniter.php(361): CodeIgniter\CodeIgniter->handleRequest(null, Object(Config\Cache), false)
 9 FCPATH\index.php(79): CodeIgniter\CodeIgniter->run()
10 SYSTEMPATH\Commands\Server\rewrite.php(47): require_once('C:\\Absensi-Prakerin-\\public\\index.php')
CRITICAL - 2024-09-09 11:42:40 --> ErrorException: Undefined variable $totalAbsensi
in APPPATH\Views\Admin\v_rekapData.php on line 151.
 1 APPPATH\Views\Admin\v_rekapData.php(151): CodeIgniter\Debug\Exceptions->errorHandler(2, 'Undefined variable $totalAbsensi', 'C:\\Absensi-Prakerin-\\app\\Views\\Admin\\v_rekapData.php', 151)
 2 SYSTEMPATH\View\View.php(228): include('C:\\Absensi-Prakerin-\\app\\Views\\Admin\\v_rekapData.php')
 3 SYSTEMPATH\View\View.php(231): CodeIgniter\View\View->CodeIgniter\View\{closure}()
 4 SYSTEMPATH\Common.php(1178): CodeIgniter\View\View->render('admin/v_rekapData', [], true)
 5 APPPATH\Controllers\Print\Pdf.php(86): view('admin/v_rekapData', [...])
 6 SYSTEMPATH\CodeIgniter.php(943): App\Controllers\Print\Pdf->generatePDF()
 7 SYSTEMPATH\CodeIgniter.php(503): CodeIgniter\CodeIgniter->runController(Object(App\Controllers\Print\Pdf))
 8 SYSTEMPATH\CodeIgniter.php(361): CodeIgniter\CodeIgniter->handleRequest(null, Object(Config\Cache), false)
 9 FCPATH\index.php(79): CodeIgniter\CodeIgniter->run()
10 SYSTEMPATH\Commands\Server\rewrite.php(47): require_once('C:\\Absensi-Prakerin-\\public\\index.php')
CRITICAL - 2024-09-09 11:43:34 --> ErrorException: Undefined variable $totalAbsensi
in APPPATH\Views\Admin\v_rekapData.php on line 151.
 1 APPPATH\Views\Admin\v_rekapData.php(151): CodeIgniter\Debug\Exceptions->errorHandler(2, 'Undefined variable $totalAbsensi', 'C:\\Absensi-Prakerin-\\app\\Views\\Admin\\v_rekapData.php', 151)
 2 SYSTEMPATH\View\View.php(228): include('C:\\Absensi-Prakerin-\\app\\Views\\Admin\\v_rekapData.php')
 3 SYSTEMPATH\View\View.php(231): CodeIgniter\View\View->CodeIgniter\View\{closure}()
 4 SYSTEMPATH\Common.php(1178): CodeIgniter\View\View->render('admin/v_rekapData', [], true)
 5 APPPATH\Controllers\Print\Pdf.php(87): view('admin/v_rekapData', [...])
 6 SYSTEMPATH\CodeIgniter.php(943): App\Controllers\Print\Pdf->generatePDF()
 7 SYSTEMPATH\CodeIgniter.php(503): CodeIgniter\CodeIgniter->runController(Object(App\Controllers\Print\Pdf))
 8 SYSTEMPATH\CodeIgniter.php(361): CodeIgniter\CodeIgniter->handleRequest(null, Object(Config\Cache), false)
 9 FCPATH\index.php(79): CodeIgniter\CodeIgniter->run()
10 SYSTEMPATH\Commands\Server\rewrite.php(47): require_once('C:\\Absensi-Prakerin-\\public\\index.php')
CRITICAL - 2024-09-09 11:44:19 --> ErrorException: Undefined variable $totalAbsensi
in APPPATH\Views\Admin\v_rekapData.php on line 151.
 1 APPPATH\Views\Admin\v_rekapData.php(151): CodeIgniter\Debug\Exceptions->errorHandler(2, 'Undefined variable $totalAbsensi', 'C:\\Absensi-Prakerin-\\app\\Views\\Admin\\v_rekapData.php', 151)
 2 SYSTEMPATH\View\View.php(228): include('C:\\Absensi-Prakerin-\\app\\Views\\Admin\\v_rekapData.php')
 3 SYSTEMPATH\View\View.php(231): CodeIgniter\View\View->CodeIgniter\View\{closure}()
 4 SYSTEMPATH\Common.php(1178): CodeIgniter\View\View->render('admin/v_rekapData', [], true)
 5 APPPATH\Controllers\Print\Pdf.php(87): view('admin/v_rekapData', [...])
 6 SYSTEMPATH\CodeIgniter.php(943): App\Controllers\Print\Pdf->generatePDF()
 7 SYSTEMPATH\CodeIgniter.php(503): CodeIgniter\CodeIgniter->runController(Object(App\Controllers\Print\Pdf))
 8 SYSTEMPATH\CodeIgniter.php(361): CodeIgniter\CodeIgniter->handleRequest(null, Object(Config\Cache), false)
 9 FCPATH\index.php(79): CodeIgniter\CodeIgniter->run()
10 SYSTEMPATH\Commands\Server\rewrite.php(47): require_once('C:\\Absensi-Prakerin-\\public\\index.php')
INFO - 2024-09-09 11:44:32 --> Session: Class initialized using 'CodeIgniter\Session\Handlers\FileHandler' driver.
CRITICAL - 2024-09-09 11:44:39 --> ErrorException: Undefined variable $totalAbsensi
in APPPATH\Views\Admin\v_rekapData.php on line 151.
 1 APPPATH\Views\Admin\v_rekapData.php(151): CodeIgniter\Debug\Exceptions->errorHandler(2, 'Undefined variable $totalAbsensi', 'C:\\Absensi-Prakerin-\\app\\Views\\Admin\\v_rekapData.php', 151)
 2 SYSTEMPATH\View\View.php(228): include('C:\\Absensi-Prakerin-\\app\\Views\\Admin\\v_rekapData.php')
 3 SYSTEMPATH\View\View.php(231): CodeIgniter\View\View->CodeIgniter\View\{closure}()
 4 SYSTEMPATH\Common.php(1178): CodeIgniter\View\View->render('admin/v_rekapData', [], true)
 5 APPPATH\Controllers\Print\Pdf.php(87): view('admin/v_rekapData', [...])
 6 SYSTEMPATH\CodeIgniter.php(943): App\Controllers\Print\Pdf->generatePDF()
 7 SYSTEMPATH\CodeIgniter.php(503): CodeIgniter\CodeIgniter->runController(Object(App\Controllers\Print\Pdf))
 8 SYSTEMPATH\CodeIgniter.php(361): CodeIgniter\CodeIgniter->handleRequest(null, Object(Config\Cache), false)
 9 FCPATH\index.php(79): CodeIgniter\CodeIgniter->run()
10 SYSTEMPATH\Commands\Server\rewrite.php(47): require_once('C:\\Absensi-Prakerin-\\public\\index.php')
INFO - 2024-09-09 12:33:20 --> Session: Class initialized using 'CodeIgniter\Session\Handlers\FileHandler' driver.
CRITICAL - 2024-09-09 12:33:22 --> Error: Call to a member function where() on array
in APPPATH\Views\Admin\v_rekapData.php on line 139.
 1 SYSTEMPATH\View\View.php(228): include()
 2 SYSTEMPATH\View\View.php(231): CodeIgniter\View\View->CodeIgniter\View\{closure}()
 3 SYSTEMPATH\Common.php(1178): CodeIgniter\View\View->render('Admin/v_rekapData', [], true)
 4 APPPATH\Controllers\Admin\Admin.php(700): view('Admin/v_rekapData', [...])
 5 SYSTEMPATH\CodeIgniter.php(943): App\Controllers\Admin\Admin->rekapAbsensi()
 6 SYSTEMPATH\CodeIgniter.php(503): CodeIgniter\CodeIgniter->runController(Object(App\Controllers\Admin\Admin))
 7 SYSTEMPATH\CodeIgniter.php(361): CodeIgniter\CodeIgniter->handleRequest(null, Object(Config\Cache), false)
 8 FCPATH\index.php(79): CodeIgniter\CodeIgniter->run()
 9 SYSTEMPATH\Commands\Server\rewrite.php(47): require_once('C:\\Absensi-Prakerin-\\public\\index.php')
INFO - 2024-09-09 12:35:55 --> Session: Class initialized using 'CodeIgniter\Session\Handlers\FileHandler' driver.
INFO - 2024-09-09 12:36:09 --> Session: Class initialized using 'CodeIgniter\Session\Handlers\FileHandler' driver.
INFO - 2024-09-09 12:36:37 --> Session: Class initialized using 'CodeIgniter\Session\Handlers\FileHandler' driver.
CRITICAL - 2024-09-09 12:36:37 --> Error: Call to a member function where() on array
in APPPATH\Views\Admin\v_rekapData.php on line 139.
 1 SYSTEMPATH\View\View.php(228): include()
 2 SYSTEMPATH\View\View.php(231): CodeIgniter\View\View->CodeIgniter\View\{closure}()
 3 SYSTEMPATH\Common.php(1178): CodeIgniter\View\View->render('Admin/v_rekapData', [], true)
 4 APPPATH\Controllers\Admin\Admin.php(700): view('Admin/v_rekapData', [...])
 5 SYSTEMPATH\CodeIgniter.php(943): App\Controllers\Admin\Admin->rekapAbsensi()
 6 SYSTEMPATH\CodeIgniter.php(503): CodeIgniter\CodeIgniter->runController(Object(App\Controllers\Admin\Admin))
 7 SYSTEMPATH\CodeIgniter.php(361): CodeIgniter\CodeIgniter->handleRequest(null, Object(Config\Cache), false)
 8 FCPATH\index.php(79): CodeIgniter\CodeIgniter->run()
 9 SYSTEMPATH\Commands\Server\rewrite.php(47): require_once('C:\\Absensi-Prakerin-\\public\\index.php')
INFO - 2024-09-09 12:38:07 --> Session: Class initialized using 'CodeIgniter\Session\Handlers\FileHandler' driver.
