CRITICAL - 2024-02-07 08:33:00 --> Undefined array key 0
in APPPATH/Helpers/global_fungsi_helper.php on line 86.
 1 APPPATH/Helpers/global_fungsi_helper.php(86): CodeIgniter\Debug\Exceptions->errorHandler()
 2 APPPATH/Views/Admin/v_dataAbsen.php(129): tanggal_indo()
 3 SYSTEMPATH/View/View.php(226): include('/var/www/html/server/app/Views/Admin/v_dataAbsen.php')
 4 SYSTEMPATH/View/View.php(229): CodeIgniter\View\View->CodeIgniter\View\{closure}()
 5 SYSTEMPATH/Common.php(1188): CodeIgniter\View\View->render()
 6 APPPATH/Controllers/Admin/Admin.php(95): view()
 7 SYSTEMPATH/CodeIgniter.php(919): App\Controllers\Admin\Admin->data_absen()
 8 SYSTEMPATH/CodeIgniter.php(494): CodeIgniter\CodeIgniter->runController()
 9 SYSTEMPATH/CodeIgniter.php(353): CodeIgniter\CodeIgniter->handleRequest()
10 FCPATH/index.php(79): CodeIgniter\CodeIgniter->run()
CRITICAL - 2024-02-07 08:33:10 --> Undefined array key 0
in APPPATH/Helpers/global_fungsi_helper.php on line 86.
 1 APPPATH/Helpers/global_fungsi_helper.php(86): CodeIgniter\Debug\Exceptions->errorHandler()
 2 APPPATH/Views/Admin/v_dataAbsen.php(129): tanggal_indo()
 3 SYSTEMPATH/View/View.php(226): include('/var/www/html/server/app/Views/Admin/v_dataAbsen.php')
 4 SYSTEMPATH/View/View.php(229): CodeIgniter\View\View->CodeIgniter\View\{closure}()
 5 SYSTEMPATH/Common.php(1188): CodeIgniter\View\View->render()
 6 APPPATH/Controllers/Admin/Admin.php(95): view()
 7 SYSTEMPATH/CodeIgniter.php(919): App\Controllers\Admin\Admin->data_absen()
 8 SYSTEMPATH/CodeIgniter.php(494): CodeIgniter\CodeIgniter->runController()
 9 SYSTEMPATH/CodeIgniter.php(353): CodeIgniter\CodeIgniter->handleRequest()
10 FCPATH/index.php(79): CodeIgniter\CodeIgniter->run()
CRITICAL - 2024-02-07 08:33:15 --> Undefined array key 0
in APPPATH/Helpers/global_fungsi_helper.php on line 86.
 1 APPPATH/Helpers/global_fungsi_helper.php(86): CodeIgniter\Debug\Exceptions->errorHandler()
 2 APPPATH/Views/Admin/v_dataAbsen.php(129): tanggal_indo()
 3 SYSTEMPATH/View/View.php(226): include('/var/www/html/server/app/Views/Admin/v_dataAbsen.php')
 4 SYSTEMPATH/View/View.php(229): CodeIgniter\View\View->CodeIgniter\View\{closure}()
 5 SYSTEMPATH/Common.php(1188): CodeIgniter\View\View->render()
 6 APPPATH/Controllers/Admin/Admin.php(95): view()
 7 SYSTEMPATH/CodeIgniter.php(919): App\Controllers\Admin\Admin->data_absen()
 8 SYSTEMPATH/CodeIgniter.php(494): CodeIgniter\CodeIgniter->runController()
 9 SYSTEMPATH/CodeIgniter.php(353): CodeIgniter\CodeIgniter->handleRequest()
10 FCPATH/index.php(79): CodeIgniter\CodeIgniter->run()
CRITICAL - 2024-02-07 08:33:24 --> Undefined array key 0
in APPPATH/Helpers/global_fungsi_helper.php on line 86.
 1 APPPATH/Helpers/global_fungsi_helper.php(86): CodeIgniter\Debug\Exceptions->errorHandler()
 2 APPPATH/Views/Admin/v_dataAbsen.php(129): tanggal_indo()
 3 SYSTEMPATH/View/View.php(226): include('/var/www/html/server/app/Views/Admin/v_dataAbsen.php')
 4 SYSTEMPATH/View/View.php(229): CodeIgniter\View\View->CodeIgniter\View\{closure}()
 5 SYSTEMPATH/Common.php(1188): CodeIgniter\View\View->render()
 6 APPPATH/Controllers/Admin/Admin.php(95): view()
 7 SYSTEMPATH/CodeIgniter.php(919): App\Controllers\Admin\Admin->data_absen()
 8 SYSTEMPATH/CodeIgniter.php(494): CodeIgniter\CodeIgniter->runController()
 9 SYSTEMPATH/CodeIgniter.php(353): CodeIgniter\CodeIgniter->handleRequest()
10 FCPATH/index.php(79): CodeIgniter\CodeIgniter->run()
CRITICAL - 2024-02-07 08:33:36 --> Undefined array key 0
in APPPATH/Helpers/global_fungsi_helper.php on line 86.
 1 APPPATH/Helpers/global_fungsi_helper.php(86): CodeIgniter\Debug\Exceptions->errorHandler()
 2 APPPATH/Views/Admin/v_dataAbsen.php(129): tanggal_indo()
 3 SYSTEMPATH/View/View.php(226): include('/var/www/html/server/app/Views/Admin/v_dataAbsen.php')
 4 SYSTEMPATH/View/View.php(229): CodeIgniter\View\View->CodeIgniter\View\{closure}()
 5 SYSTEMPATH/Common.php(1188): CodeIgniter\View\View->render()
 6 APPPATH/Controllers/Admin/Admin.php(95): view()
 7 SYSTEMPATH/CodeIgniter.php(919): App\Controllers\Admin\Admin->data_absen()
 8 SYSTEMPATH/CodeIgniter.php(494): CodeIgniter\CodeIgniter->runController()
 9 SYSTEMPATH/CodeIgniter.php(353): CodeIgniter\CodeIgniter->handleRequest()
10 FCPATH/index.php(79): CodeIgniter\CodeIgniter->run()
CRITICAL - 2024-02-07 08:34:01 --> Undefined array key 0
in APPPATH/Helpers/global_fungsi_helper.php on line 86.
 1 APPPATH/Helpers/global_fungsi_helper.php(86): CodeIgniter\Debug\Exceptions->errorHandler()
 2 APPPATH/Views/Admin/v_dataAbsen.php(129): tanggal_indo()
 3 SYSTEMPATH/View/View.php(226): include('/var/www/html/server/app/Views/Admin/v_dataAbsen.php')
 4 SYSTEMPATH/View/View.php(229): CodeIgniter\View\View->CodeIgniter\View\{closure}()
 5 SYSTEMPATH/Common.php(1188): CodeIgniter\View\View->render()
 6 APPPATH/Controllers/Admin/Admin.php(95): view()
 7 SYSTEMPATH/CodeIgniter.php(919): App\Controllers\Admin\Admin->data_absen()
 8 SYSTEMPATH/CodeIgniter.php(494): CodeIgniter\CodeIgniter->runController()
 9 SYSTEMPATH/CodeIgniter.php(353): CodeIgniter\CodeIgniter->handleRequest()
10 FCPATH/index.php(79): CodeIgniter\CodeIgniter->run()
CRITICAL - 2024-02-07 08:34:13 --> Undefined array key 0
in APPPATH/Helpers/global_fungsi_helper.php on line 86.
 1 APPPATH/Helpers/global_fungsi_helper.php(86): CodeIgniter\Debug\Exceptions->errorHandler()
 2 APPPATH/Views/Admin/v_dataAbsen.php(129): tanggal_indo()
 3 SYSTEMPATH/View/View.php(226): include('/var/www/html/server/app/Views/Admin/v_dataAbsen.php')
 4 SYSTEMPATH/View/View.php(229): CodeIgniter\View\View->CodeIgniter\View\{closure}()
 5 SYSTEMPATH/Common.php(1188): CodeIgniter\View\View->render()
 6 APPPATH/Controllers/Admin/Admin.php(95): view()
 7 SYSTEMPATH/CodeIgniter.php(919): App\Controllers\Admin\Admin->data_absen()
 8 SYSTEMPATH/CodeIgniter.php(494): CodeIgniter\CodeIgniter->runController()
 9 SYSTEMPATH/CodeIgniter.php(353): CodeIgniter\CodeIgniter->handleRequest()
10 FCPATH/index.php(79): CodeIgniter\CodeIgniter->run()
CRITICAL - 2024-02-07 08:34:15 --> Undefined array key 0
in APPPATH/Helpers/global_fungsi_helper.php on line 86.
 1 APPPATH/Helpers/global_fungsi_helper.php(86): CodeIgniter\Debug\Exceptions->errorHandler()
 2 APPPATH/Views/Admin/v_dataAbsen.php(129): tanggal_indo()
 3 SYSTEMPATH/View/View.php(226): include('/var/www/html/server/app/Views/Admin/v_dataAbsen.php')
 4 SYSTEMPATH/View/View.php(229): CodeIgniter\View\View->CodeIgniter\View\{closure}()
 5 SYSTEMPATH/Common.php(1188): CodeIgniter\View\View->render()
 6 APPPATH/Controllers/Admin/Admin.php(95): view()
 7 SYSTEMPATH/CodeIgniter.php(919): App\Controllers\Admin\Admin->data_absen()
 8 SYSTEMPATH/CodeIgniter.php(494): CodeIgniter\CodeIgniter->runController()
 9 SYSTEMPATH/CodeIgniter.php(353): CodeIgniter\CodeIgniter->handleRequest()
10 FCPATH/index.php(79): CodeIgniter\CodeIgniter->run()
CRITICAL - 2024-02-07 08:34:28 --> Undefined array key 0
in APPPATH/Helpers/global_fungsi_helper.php on line 86.
 1 APPPATH/Helpers/global_fungsi_helper.php(86): CodeIgniter\Debug\Exceptions->errorHandler()
 2 APPPATH/Views/Admin/v_dataAbsen.php(129): tanggal_indo()
 3 SYSTEMPATH/View/View.php(226): include('/var/www/html/server/app/Views/Admin/v_dataAbsen.php')
 4 SYSTEMPATH/View/View.php(229): CodeIgniter\View\View->CodeIgniter\View\{closure}()
 5 SYSTEMPATH/Common.php(1188): CodeIgniter\View\View->render()
 6 APPPATH/Controllers/Admin/Admin.php(95): view()
 7 SYSTEMPATH/CodeIgniter.php(919): App\Controllers\Admin\Admin->data_absen()
 8 SYSTEMPATH/CodeIgniter.php(494): CodeIgniter\CodeIgniter->runController()
 9 SYSTEMPATH/CodeIgniter.php(353): CodeIgniter\CodeIgniter->handleRequest()
10 FCPATH/index.php(79): CodeIgniter\CodeIgniter->run()
CRITICAL - 2024-02-07 08:34:50 --> Undefined array key 0
in APPPATH/Helpers/global_fungsi_helper.php on line 86.
 1 APPPATH/Helpers/global_fungsi_helper.php(86): CodeIgniter\Debug\Exceptions->errorHandler()
 2 APPPATH/Views/Admin/v_dataAbsen.php(129): tanggal_indo()
 3 SYSTEMPATH/View/View.php(226): include('/var/www/html/server/app/Views/Admin/v_dataAbsen.php')
 4 SYSTEMPATH/View/View.php(229): CodeIgniter\View\View->CodeIgniter\View\{closure}()
 5 SYSTEMPATH/Common.php(1188): CodeIgniter\View\View->render()
 6 APPPATH/Controllers/Admin/Admin.php(95): view()
 7 SYSTEMPATH/CodeIgniter.php(919): App\Controllers\Admin\Admin->data_absen()
 8 SYSTEMPATH/CodeIgniter.php(494): CodeIgniter\CodeIgniter->runController()
 9 SYSTEMPATH/CodeIgniter.php(353): CodeIgniter\CodeIgniter->handleRequest()
10 FCPATH/index.php(79): CodeIgniter\CodeIgniter->run()
CRITICAL - 2024-02-07 08:34:52 --> Undefined array key 0
in APPPATH/Helpers/global_fungsi_helper.php on line 86.
 1 APPPATH/Helpers/global_fungsi_helper.php(86): CodeIgniter\Debug\Exceptions->errorHandler()
 2 APPPATH/Views/Admin/v_dataAbsen.php(129): tanggal_indo()
 3 SYSTEMPATH/View/View.php(226): include('/var/www/html/server/app/Views/Admin/v_dataAbsen.php')
 4 SYSTEMPATH/View/View.php(229): CodeIgniter\View\View->CodeIgniter\View\{closure}()
 5 SYSTEMPATH/Common.php(1188): CodeIgniter\View\View->render()
 6 APPPATH/Controllers/Admin/Admin.php(95): view()
 7 SYSTEMPATH/CodeIgniter.php(919): App\Controllers\Admin\Admin->data_absen()
 8 SYSTEMPATH/CodeIgniter.php(494): CodeIgniter\CodeIgniter->runController()
 9 SYSTEMPATH/CodeIgniter.php(353): CodeIgniter\CodeIgniter->handleRequest()
10 FCPATH/index.php(79): CodeIgniter\CodeIgniter->run()
CRITICAL - 2024-02-07 08:34:57 --> Undefined array key 0
in APPPATH/Helpers/global_fungsi_helper.php on line 86.
 1 APPPATH/Helpers/global_fungsi_helper.php(86): CodeIgniter\Debug\Exceptions->errorHandler()
 2 APPPATH/Views/Admin/v_dataAbsen.php(129): tanggal_indo()
 3 SYSTEMPATH/View/View.php(226): include('/var/www/html/server/app/Views/Admin/v_dataAbsen.php')
 4 SYSTEMPATH/View/View.php(229): CodeIgniter\View\View->CodeIgniter\View\{closure}()
 5 SYSTEMPATH/Common.php(1188): CodeIgniter\View\View->render()
 6 APPPATH/Controllers/Admin/Admin.php(95): view()
 7 SYSTEMPATH/CodeIgniter.php(919): App\Controllers\Admin\Admin->data_absen()
 8 SYSTEMPATH/CodeIgniter.php(494): CodeIgniter\CodeIgniter->runController()
 9 SYSTEMPATH/CodeIgniter.php(353): CodeIgniter\CodeIgniter->handleRequest()
10 FCPATH/index.php(79): CodeIgniter\CodeIgniter->run()
CRITICAL - 2024-02-07 08:34:59 --> Undefined array key 0
in APPPATH/Helpers/global_fungsi_helper.php on line 86.
 1 APPPATH/Helpers/global_fungsi_helper.php(86): CodeIgniter\Debug\Exceptions->errorHandler()
 2 APPPATH/Views/Admin/v_dataAbsen.php(129): tanggal_indo()
 3 SYSTEMPATH/View/View.php(226): include('/var/www/html/server/app/Views/Admin/v_dataAbsen.php')
 4 SYSTEMPATH/View/View.php(229): CodeIgniter\View\View->CodeIgniter\View\{closure}()
 5 SYSTEMPATH/Common.php(1188): CodeIgniter\View\View->render()
 6 APPPATH/Controllers/Admin/Admin.php(95): view()
 7 SYSTEMPATH/CodeIgniter.php(919): App\Controllers\Admin\Admin->data_absen()
 8 SYSTEMPATH/CodeIgniter.php(494): CodeIgniter\CodeIgniter->runController()
 9 SYSTEMPATH/CodeIgniter.php(353): CodeIgniter\CodeIgniter->handleRequest()
10 FCPATH/index.php(79): CodeIgniter\CodeIgniter->run()
CRITICAL - 2024-02-07 08:35:03 --> Undefined array key 0
in APPPATH/Helpers/global_fungsi_helper.php on line 86.
 1 APPPATH/Helpers/global_fungsi_helper.php(86): CodeIgniter\Debug\Exceptions->errorHandler()
 2 APPPATH/Views/Admin/v_rekapSiswa.php(139): tanggal_indo()
 3 SYSTEMPATH/View/View.php(226): include('/var/www/html/server/app/Views/Admin/v_rekapSiswa.php')
 4 SYSTEMPATH/View/View.php(229): CodeIgniter\View\View->CodeIgniter\View\{closure}()
 5 SYSTEMPATH/Common.php(1188): CodeIgniter\View\View->render()
 6 APPPATH/Controllers/Admin/Admin.php(383): view()
 7 SYSTEMPATH/CodeIgniter.php(919): App\Controllers\Admin\Admin->rekap_siswa()
 8 SYSTEMPATH/CodeIgniter.php(494): CodeIgniter\CodeIgniter->runController()
 9 SYSTEMPATH/CodeIgniter.php(353): CodeIgniter\CodeIgniter->handleRequest()
10 FCPATH/index.php(79): CodeIgniter\CodeIgniter->run()
CRITICAL - 2024-02-07 08:35:03 --> Undefined array key 0
in APPPATH/Helpers/global_fungsi_helper.php on line 86.
 1 APPPATH/Helpers/global_fungsi_helper.php(86): CodeIgniter\Debug\Exceptions->errorHandler()
 2 APPPATH/Views/Admin/v_dataAbsen.php(129): tanggal_indo()
 3 SYSTEMPATH/View/View.php(226): include('/var/www/html/server/app/Views/Admin/v_dataAbsen.php')
 4 SYSTEMPATH/View/View.php(229): CodeIgniter\View\View->CodeIgniter\View\{closure}()
 5 SYSTEMPATH/Common.php(1188): CodeIgniter\View\View->render()
 6 APPPATH/Controllers/Admin/Admin.php(95): view()
 7 SYSTEMPATH/CodeIgniter.php(919): App\Controllers\Admin\Admin->data_absen()
 8 SYSTEMPATH/CodeIgniter.php(494): CodeIgniter\CodeIgniter->runController()
 9 SYSTEMPATH/CodeIgniter.php(353): CodeIgniter\CodeIgniter->handleRequest()
10 FCPATH/index.php(79): CodeIgniter\CodeIgniter->run()
CRITICAL - 2024-02-07 08:35:05 --> Undefined array key 0
in APPPATH/Helpers/global_fungsi_helper.php on line 86.
 1 APPPATH/Helpers/global_fungsi_helper.php(86): CodeIgniter\Debug\Exceptions->errorHandler()
 2 APPPATH/Views/Admin/v_dataAbsen.php(129): tanggal_indo()
 3 SYSTEMPATH/View/View.php(226): include('/var/www/html/server/app/Views/Admin/v_dataAbsen.php')
 4 SYSTEMPATH/View/View.php(229): CodeIgniter\View\View->CodeIgniter\View\{closure}()
 5 SYSTEMPATH/Common.php(1188): CodeIgniter\View\View->render()
 6 APPPATH/Controllers/Admin/Admin.php(95): view()
 7 SYSTEMPATH/CodeIgniter.php(919): App\Controllers\Admin\Admin->data_absen()
 8 SYSTEMPATH/CodeIgniter.php(494): CodeIgniter\CodeIgniter->runController()
 9 SYSTEMPATH/CodeIgniter.php(353): CodeIgniter\CodeIgniter->handleRequest()
10 FCPATH/index.php(79): CodeIgniter\CodeIgniter->run()
CRITICAL - 2024-02-07 08:35:08 --> Undefined array key 0
in APPPATH/Helpers/global_fungsi_helper.php on line 86.
 1 APPPATH/Helpers/global_fungsi_helper.php(86): CodeIgniter\Debug\Exceptions->errorHandler()
 2 APPPATH/Views/Admin/v_rekapSiswa.php(139): tanggal_indo()
 3 SYSTEMPATH/View/View.php(226): include('/var/www/html/server/app/Views/Admin/v_rekapSiswa.php')
 4 SYSTEMPATH/View/View.php(229): CodeIgniter\View\View->CodeIgniter\View\{closure}()
 5 SYSTEMPATH/Common.php(1188): CodeIgniter\View\View->render()
 6 APPPATH/Controllers/Admin/Admin.php(383): view()
 7 SYSTEMPATH/CodeIgniter.php(919): App\Controllers\Admin\Admin->rekap_siswa()
 8 SYSTEMPATH/CodeIgniter.php(494): CodeIgniter\CodeIgniter->runController()
 9 SYSTEMPATH/CodeIgniter.php(353): CodeIgniter\CodeIgniter->handleRequest()
10 FCPATH/index.php(79): CodeIgniter\CodeIgniter->run()
CRITICAL - 2024-02-07 08:35:30 --> Undefined array key 0
in APPPATH/Helpers/global_fungsi_helper.php on line 86.
 1 APPPATH/Helpers/global_fungsi_helper.php(86): CodeIgniter\Debug\Exceptions->errorHandler()
 2 APPPATH/Views/Admin/v_dataAbsen.php(129): tanggal_indo()
 3 SYSTEMPATH/View/View.php(226): include('/var/www/html/server/app/Views/Admin/v_dataAbsen.php')
 4 SYSTEMPATH/View/View.php(229): CodeIgniter\View\View->CodeIgniter\View\{closure}()
 5 SYSTEMPATH/Common.php(1188): CodeIgniter\View\View->render()
 6 APPPATH/Controllers/Admin/Admin.php(95): view()
 7 SYSTEMPATH/CodeIgniter.php(919): App\Controllers\Admin\Admin->data_absen()
 8 SYSTEMPATH/CodeIgniter.php(494): CodeIgniter\CodeIgniter->runController()
 9 SYSTEMPATH/CodeIgniter.php(353): CodeIgniter\CodeIgniter->handleRequest()
10 FCPATH/index.php(79): CodeIgniter\CodeIgniter->run()
CRITICAL - 2024-02-07 08:35:38 --> Undefined array key 0
in APPPATH/Helpers/global_fungsi_helper.php on line 86.
 1 APPPATH/Helpers/global_fungsi_helper.php(86): CodeIgniter\Debug\Exceptions->errorHandler()
 2 APPPATH/Views/Admin/v_rekapSiswa.php(139): tanggal_indo()
 3 SYSTEMPATH/View/View.php(226): include('/var/www/html/server/app/Views/Admin/v_rekapSiswa.php')
 4 SYSTEMPATH/View/View.php(229): CodeIgniter\View\View->CodeIgniter\View\{closure}()
 5 SYSTEMPATH/Common.php(1188): CodeIgniter\View\View->render()
 6 APPPATH/Controllers/Admin/Admin.php(383): view()
 7 SYSTEMPATH/CodeIgniter.php(919): App\Controllers\Admin\Admin->rekap_siswa()
 8 SYSTEMPATH/CodeIgniter.php(494): CodeIgniter\CodeIgniter->runController()
 9 SYSTEMPATH/CodeIgniter.php(353): CodeIgniter\CodeIgniter->handleRequest()
10 FCPATH/index.php(79): CodeIgniter\CodeIgniter->run()
CRITICAL - 2024-02-07 08:35:50 --> Undefined array key 0
in APPPATH/Helpers/global_fungsi_helper.php on line 86.
 1 APPPATH/Helpers/global_fungsi_helper.php(86): CodeIgniter\Debug\Exceptions->errorHandler()
 2 APPPATH/Views/Admin/v_rekapSiswa.php(139): tanggal_indo()
 3 SYSTEMPATH/View/View.php(226): include('/var/www/html/server/app/Views/Admin/v_rekapSiswa.php')
 4 SYSTEMPATH/View/View.php(229): CodeIgniter\View\View->CodeIgniter\View\{closure}()
 5 SYSTEMPATH/Common.php(1188): CodeIgniter\View\View->render()
 6 APPPATH/Controllers/Admin/Admin.php(383): view()
 7 SYSTEMPATH/CodeIgniter.php(919): App\Controllers\Admin\Admin->rekap_siswa()
 8 SYSTEMPATH/CodeIgniter.php(494): CodeIgniter\CodeIgniter->runController()
 9 SYSTEMPATH/CodeIgniter.php(353): CodeIgniter\CodeIgniter->handleRequest()
10 FCPATH/index.php(79): CodeIgniter\CodeIgniter->run()
CRITICAL - 2024-02-07 08:37:42 --> Undefined array key 0
in APPPATH/Helpers/global_fungsi_helper.php on line 86.
 1 APPPATH/Helpers/global_fungsi_helper.php(86): CodeIgniter\Debug\Exceptions->errorHandler()
 2 APPPATH/Views/Admin/v_dataAbsen.php(129): tanggal_indo()
 3 SYSTEMPATH/View/View.php(226): include('/var/www/html/server/app/Views/Admin/v_dataAbsen.php')
 4 SYSTEMPATH/View/View.php(229): CodeIgniter\View\View->CodeIgniter\View\{closure}()
 5 SYSTEMPATH/Common.php(1188): CodeIgniter\View\View->render()
 6 APPPATH/Controllers/Admin/Admin.php(95): view()
 7 SYSTEMPATH/CodeIgniter.php(919): App\Controllers\Admin\Admin->data_absen()
 8 SYSTEMPATH/CodeIgniter.php(494): CodeIgniter\CodeIgniter->runController()
 9 SYSTEMPATH/CodeIgniter.php(353): CodeIgniter\CodeIgniter->handleRequest()
10 FCPATH/index.php(79): CodeIgniter\CodeIgniter->run()
CRITICAL - 2024-02-07 08:37:45 --> Undefined array key 0
in APPPATH/Helpers/global_fungsi_helper.php on line 86.
 1 APPPATH/Helpers/global_fungsi_helper.php(86): CodeIgniter\Debug\Exceptions->errorHandler()
 2 APPPATH/Views/Admin/v_dataAbsen.php(129): tanggal_indo()
 3 SYSTEMPATH/View/View.php(226): include('/var/www/html/server/app/Views/Admin/v_dataAbsen.php')
 4 SYSTEMPATH/View/View.php(229): CodeIgniter\View\View->CodeIgniter\View\{closure}()
 5 SYSTEMPATH/Common.php(1188): CodeIgniter\View\View->render()
 6 APPPATH/Controllers/Admin/Admin.php(95): view()
 7 SYSTEMPATH/CodeIgniter.php(919): App\Controllers\Admin\Admin->data_absen()
 8 SYSTEMPATH/CodeIgniter.php(494): CodeIgniter\CodeIgniter->runController()
 9 SYSTEMPATH/CodeIgniter.php(353): CodeIgniter\CodeIgniter->handleRequest()
10 FCPATH/index.php(79): CodeIgniter\CodeIgniter->run()
CRITICAL - 2024-02-07 08:38:17 --> Undefined array key 0
in APPPATH/Helpers/global_fungsi_helper.php on line 86.
 1 APPPATH/Helpers/global_fungsi_helper.php(86): CodeIgniter\Debug\Exceptions->errorHandler()
 2 APPPATH/Views/Admin/v_dataAbsen.php(129): tanggal_indo()
 3 SYSTEMPATH/View/View.php(226): include('/var/www/html/server/app/Views/Admin/v_dataAbsen.php')
 4 SYSTEMPATH/View/View.php(229): CodeIgniter\View\View->CodeIgniter\View\{closure}()
 5 SYSTEMPATH/Common.php(1188): CodeIgniter\View\View->render()
 6 APPPATH/Controllers/Admin/Admin.php(95): view()
 7 SYSTEMPATH/CodeIgniter.php(919): App\Controllers\Admin\Admin->data_absen()
 8 SYSTEMPATH/CodeIgniter.php(494): CodeIgniter\CodeIgniter->runController()
 9 SYSTEMPATH/CodeIgniter.php(353): CodeIgniter\CodeIgniter->handleRequest()
10 FCPATH/index.php(79): CodeIgniter\CodeIgniter->run()
CRITICAL - 2024-02-07 15:56:28 --> Undefined array key 0
in APPPATH/Helpers/global_fungsi_helper.php on line 86.
 1 APPPATH/Helpers/global_fungsi_helper.php(86): CodeIgniter\Debug\Exceptions->errorHandler()
 2 APPPATH/Views/Admin/v_dataAbsen.php(129): tanggal_indo()
 3 SYSTEMPATH/View/View.php(226): include('/var/www/html/server/app/Views/Admin/v_dataAbsen.php')
 4 SYSTEMPATH/View/View.php(229): CodeIgniter\View\View->CodeIgniter\View\{closure}()
 5 SYSTEMPATH/Common.php(1188): CodeIgniter\View\View->render()
 6 APPPATH/Controllers/Admin/Admin.php(95): view()
 7 SYSTEMPATH/CodeIgniter.php(919): App\Controllers\Admin\Admin->data_absen()
 8 SYSTEMPATH/CodeIgniter.php(494): CodeIgniter\CodeIgniter->runController()
 9 SYSTEMPATH/CodeIgniter.php(353): CodeIgniter\CodeIgniter->handleRequest()
10 FCPATH/index.php(79): CodeIgniter\CodeIgniter->run()
