INFO - 2024-08-13 10:27:51 --> Session: Class initialized using 'CodeIgniter\Session\Handlers\FileHandler' driver.
INFO - 2024-08-13 10:28:39 --> Session: Class initialized using 'CodeIgniter\Session\Handlers\FileHandler' driver.
INFO - 2024-08-13 10:28:39 --> Session: Class initialized using 'CodeIgniter\Session\Handlers\FileHandler' driver.
INFO - 2024-08-13 10:28:56 --> Session: Class initialized using 'CodeIgniter\Session\Handlers\FileHandler' driver.
CRITICAL - 2024-08-13 10:28:56 --> ErrorException: Undefined array key "nama_pembimbing"
in APPPATH\Controllers\User\Auth.php on line 178.
 1 APPPATH\Controllers\User\Auth.php(178): CodeIgniter\Debug\Exceptions->errorHandler(2, 'Undefined array key "nama_pembimbing"', 'C:\\Absensi-Prakerin-\\app\\Controllers\\User\\Auth.php', 178)
 2 SYSTEMPATH\CodeIgniter.php(943): App\Controllers\User\Auth->loginProcess()
 3 SYSTEMPATH\CodeIgniter.php(503): CodeIgniter\CodeIgniter->runController(Object(App\Controllers\User\Auth))
 4 SYSTEMPATH\CodeIgniter.php(361): CodeIgniter\CodeIgniter->handleRequest(null, Object(Config\Cache), false)
 5 FCPATH\index.php(79): CodeIgniter\CodeIgniter->run()
 6 SYSTEMPATH\Commands\Server\rewrite.php(47): require_once('C:\\Absensi-Prakerin-\\public\\index.php')
INFO - 2024-08-13 10:38:21 --> Session: Class initialized using 'CodeIgniter\Session\Handlers\FileHandler' driver.
ERROR - 2024-08-13 10:38:21 --> mysqli_sql_exception: Table 'ci4.member' doesn't exist in C:\Absensi-Prakerin-\vendor\codeigniter4\framework\system\Database\MySQLi\Connection.php:306
Stack trace:
#0 C:\Absensi-Prakerin-\vendor\codeigniter4\framework\system\Database\MySQLi\Connection.php(306): mysqli->query('SELECT *\nFROM `...', 0)
#1 C:\Absensi-Prakerin-\vendor\codeigniter4\framework\system\Database\BaseConnection.php(693): CodeIgniter\Database\MySQLi\Connection->execute('SELECT *\nFROM `...')
#2 C:\Absensi-Prakerin-\vendor\codeigniter4\framework\system\Database\BaseConnection.php(607): CodeIgniter\Database\BaseConnection->simpleQuery('SELECT *\nFROM `...')
#3 C:\Absensi-Prakerin-\vendor\codeigniter4\framework\system\Database\BaseBuilder.php(1616): CodeIgniter\Database\BaseConnection->query('SELECT *\nFROM `...', Array, false)
#4 C:\Absensi-Prakerin-\vendor\codeigniter4\framework\system\Model.php(271): CodeIgniter\Database\BaseBuilder->get()
#5 C:\Absensi-Prakerin-\vendor\codeigniter4\framework\system\BaseModel.php(679): CodeIgniter\Model->doFirst()
#6 C:\Absensi-Prakerin-\app\Filters\NoAuthFilter.php(17): CodeIgniter\BaseModel->first()
#7 C:\Absensi-Prakerin-\vendor\codeigniter4\framework\system\Filters\Filters.php(184): App\Filters\NoAuthFilter->before(Object(CodeIgniter\HTTP\IncomingRequest), NULL)
#8 C:\Absensi-Prakerin-\vendor\codeigniter4\framework\system\CodeIgniter.php(475): CodeIgniter\Filters\Filters->run('login', 'before')
#9 C:\Absensi-Prakerin-\vendor\codeigniter4\framework\system\CodeIgniter.php(361): CodeIgniter\CodeIgniter->handleRequest(NULL, Object(Config\Cache), false)
#10 C:\Absensi-Prakerin-\public\index.php(79): CodeIgniter\CodeIgniter->run()
#11 C:\Absensi-Prakerin-\vendor\codeigniter4\framework\system\Commands\Server\rewrite.php(47): require_once('C:\\Absensi-Prak...')
#12 {main}
CRITICAL - 2024-08-13 10:38:21 --> CodeIgniter\Database\Exceptions\DatabaseException: Table 'ci4.member' doesn't exist
in SYSTEMPATH\Database\BaseConnection.php on line 647.
 1 SYSTEMPATH\Database\BaseBuilder.php(1616): CodeIgniter\Database\BaseConnection->query('SELECT *
FROM `member`
WHERE `member_id` IS NULL
 LIMIT 1', [], false)
 2 SYSTEMPATH\Model.php(271): CodeIgniter\Database\BaseBuilder->get()
 3 SYSTEMPATH\BaseModel.php(679): CodeIgniter\Model->doFirst()
 4 APPPATH\Filters\NoAuthFilter.php(17): CodeIgniter\BaseModel->first()
 5 SYSTEMPATH\Filters\Filters.php(184): App\Filters\NoAuthFilter->before(Object(CodeIgniter\HTTP\IncomingRequest), null)
 6 SYSTEMPATH\CodeIgniter.php(475): CodeIgniter\Filters\Filters->run('login', 'before')
 7 SYSTEMPATH\CodeIgniter.php(361): CodeIgniter\CodeIgniter->handleRequest(null, Object(Config\Cache), false)
 8 FCPATH\index.php(79): CodeIgniter\CodeIgniter->run()
 9 SYSTEMPATH\Commands\Server\rewrite.php(47): require_once('C:\\Absensi-Prakerin-\\public\\index.php')
CRITICAL - 2024-08-13 10:38:21 --> [Caused by] CodeIgniter\Database\Exceptions\DatabaseException: Table 'ci4.member' doesn't exist
in SYSTEMPATH\Database\MySQLi\Connection.php on line 311.
 1 SYSTEMPATH\Database\BaseConnection.php(693): CodeIgniter\Database\MySQLi\Connection->execute('SELECT *
FROM `member`
WHERE `member_id` IS NULL
 LIMIT 1')
 2 SYSTEMPATH\Database\BaseConnection.php(607): CodeIgniter\Database\BaseConnection->simpleQuery('SELECT *
FROM `member`
WHERE `member_id` IS NULL
 LIMIT 1')
 3 SYSTEMPATH\Database\BaseBuilder.php(1616): CodeIgniter\Database\BaseConnection->query('SELECT *
FROM `member`
WHERE `member_id` IS NULL
 LIMIT 1', [], false)
 4 SYSTEMPATH\Model.php(271): CodeIgniter\Database\BaseBuilder->get()
 5 SYSTEMPATH\BaseModel.php(679): CodeIgniter\Model->doFirst()
 6 APPPATH\Filters\NoAuthFilter.php(17): CodeIgniter\BaseModel->first()
 7 SYSTEMPATH\Filters\Filters.php(184): App\Filters\NoAuthFilter->before(Object(CodeIgniter\HTTP\IncomingRequest), null)
 8 SYSTEMPATH\CodeIgniter.php(475): CodeIgniter\Filters\Filters->run('login', 'before')
 9 SYSTEMPATH\CodeIgniter.php(361): CodeIgniter\CodeIgniter->handleRequest(null, Object(Config\Cache), false)
10 FCPATH\index.php(79): CodeIgniter\CodeIgniter->run()
11 SYSTEMPATH\Commands\Server\rewrite.php(47): require_once('C:\\Absensi-Prakerin-\\public\\index.php')
CRITICAL - 2024-08-13 10:38:21 --> [Caused by] mysqli_sql_exception: Table 'ci4.member' doesn't exist
in SYSTEMPATH\Database\MySQLi\Connection.php on line 306.
 1 SYSTEMPATH\Database\MySQLi\Connection.php(306): mysqli->query('SELECT *
FROM `member`
WHERE `member_id` IS NULL
 LIMIT 1', 0)
 2 SYSTEMPATH\Database\BaseConnection.php(693): CodeIgniter\Database\MySQLi\Connection->execute('SELECT *
FROM `member`
WHERE `member_id` IS NULL
 LIMIT 1')
 3 SYSTEMPATH\Database\BaseConnection.php(607): CodeIgniter\Database\BaseConnection->simpleQuery('SELECT *
FROM `member`
WHERE `member_id` IS NULL
 LIMIT 1')
 4 SYSTEMPATH\Database\BaseBuilder.php(1616): CodeIgniter\Database\BaseConnection->query('SELECT *
FROM `member`
WHERE `member_id` IS NULL
 LIMIT 1', [], false)
 5 SYSTEMPATH\Model.php(271): CodeIgniter\Database\BaseBuilder->get()
 6 SYSTEMPATH\BaseModel.php(679): CodeIgniter\Model->doFirst()
 7 APPPATH\Filters\NoAuthFilter.php(17): CodeIgniter\BaseModel->first()
 8 SYSTEMPATH\Filters\Filters.php(184): App\Filters\NoAuthFilter->before(Object(CodeIgniter\HTTP\IncomingRequest), null)
 9 SYSTEMPATH\CodeIgniter.php(475): CodeIgniter\Filters\Filters->run('login', 'before')
10 SYSTEMPATH\CodeIgniter.php(361): CodeIgniter\CodeIgniter->handleRequest(null, Object(Config\Cache), false)
11 FCPATH\index.php(79): CodeIgniter\CodeIgniter->run()
12 SYSTEMPATH\Commands\Server\rewrite.php(47): require_once('C:\\Absensi-Prakerin-\\public\\index.php')
INFO - 2024-08-13 10:38:29 --> Session: Class initialized using 'CodeIgniter\Session\Handlers\FileHandler' driver.
ERROR - 2024-08-13 10:38:29 --> mysqli_sql_exception: Table 'ci4.member' doesn't exist in C:\Absensi-Prakerin-\vendor\codeigniter4\framework\system\Database\MySQLi\Connection.php:306
Stack trace:
#0 C:\Absensi-Prakerin-\vendor\codeigniter4\framework\system\Database\MySQLi\Connection.php(306): mysqli->query('SELECT *\nFROM `...', 0)
#1 C:\Absensi-Prakerin-\vendor\codeigniter4\framework\system\Database\BaseConnection.php(693): CodeIgniter\Database\MySQLi\Connection->execute('SELECT *\nFROM `...')
#2 C:\Absensi-Prakerin-\vendor\codeigniter4\framework\system\Database\BaseConnection.php(607): CodeIgniter\Database\BaseConnection->simpleQuery('SELECT *\nFROM `...')
#3 C:\Absensi-Prakerin-\vendor\codeigniter4\framework\system\Database\BaseBuilder.php(1616): CodeIgniter\Database\BaseConnection->query('SELECT *\nFROM `...', Array, false)
#4 C:\Absensi-Prakerin-\vendor\codeigniter4\framework\system\Model.php(271): CodeIgniter\Database\BaseBuilder->get()
#5 C:\Absensi-Prakerin-\vendor\codeigniter4\framework\system\BaseModel.php(679): CodeIgniter\Model->doFirst()
#6 C:\Absensi-Prakerin-\app\Filters\NoAuthFilter.php(17): CodeIgniter\BaseModel->first()
#7 C:\Absensi-Prakerin-\vendor\codeigniter4\framework\system\Filters\Filters.php(184): App\Filters\NoAuthFilter->before(Object(CodeIgniter\HTTP\IncomingRequest), NULL)
#8 C:\Absensi-Prakerin-\vendor\codeigniter4\framework\system\CodeIgniter.php(475): CodeIgniter\Filters\Filters->run('login', 'before')
#9 C:\Absensi-Prakerin-\vendor\codeigniter4\framework\system\CodeIgniter.php(361): CodeIgniter\CodeIgniter->handleRequest(NULL, Object(Config\Cache), false)
#10 C:\Absensi-Prakerin-\public\index.php(79): CodeIgniter\CodeIgniter->run()
#11 C:\Absensi-Prakerin-\vendor\codeigniter4\framework\system\Commands\Server\rewrite.php(47): require_once('C:\\Absensi-Prak...')
#12 {main}
CRITICAL - 2024-08-13 10:38:29 --> CodeIgniter\Database\Exceptions\DatabaseException: Table 'ci4.member' doesn't exist
in SYSTEMPATH\Database\BaseConnection.php on line 647.
 1 SYSTEMPATH\Database\BaseBuilder.php(1616): CodeIgniter\Database\BaseConnection->query('SELECT *
FROM `member`
WHERE `member_id` IS NULL
 LIMIT 1', [], false)
 2 SYSTEMPATH\Model.php(271): CodeIgniter\Database\BaseBuilder->get()
 3 SYSTEMPATH\BaseModel.php(679): CodeIgniter\Model->doFirst()
 4 APPPATH\Filters\NoAuthFilter.php(17): CodeIgniter\BaseModel->first()
 5 SYSTEMPATH\Filters\Filters.php(184): App\Filters\NoAuthFilter->before(Object(CodeIgniter\HTTP\IncomingRequest), null)
 6 SYSTEMPATH\CodeIgniter.php(475): CodeIgniter\Filters\Filters->run('login', 'before')
 7 SYSTEMPATH\CodeIgniter.php(361): CodeIgniter\CodeIgniter->handleRequest(null, Object(Config\Cache), false)
 8 FCPATH\index.php(79): CodeIgniter\CodeIgniter->run()
 9 SYSTEMPATH\Commands\Server\rewrite.php(47): require_once('C:\\Absensi-Prakerin-\\public\\index.php')
CRITICAL - 2024-08-13 10:38:29 --> [Caused by] CodeIgniter\Database\Exceptions\DatabaseException: Table 'ci4.member' doesn't exist
in SYSTEMPATH\Database\MySQLi\Connection.php on line 311.
 1 SYSTEMPATH\Database\BaseConnection.php(693): CodeIgniter\Database\MySQLi\Connection->execute('SELECT *
FROM `member`
WHERE `member_id` IS NULL
 LIMIT 1')
 2 SYSTEMPATH\Database\BaseConnection.php(607): CodeIgniter\Database\BaseConnection->simpleQuery('SELECT *
FROM `member`
WHERE `member_id` IS NULL
 LIMIT 1')
 3 SYSTEMPATH\Database\BaseBuilder.php(1616): CodeIgniter\Database\BaseConnection->query('SELECT *
FROM `member`
WHERE `member_id` IS NULL
 LIMIT 1', [], false)
 4 SYSTEMPATH\Model.php(271): CodeIgniter\Database\BaseBuilder->get()
 5 SYSTEMPATH\BaseModel.php(679): CodeIgniter\Model->doFirst()
 6 APPPATH\Filters\NoAuthFilter.php(17): CodeIgniter\BaseModel->first()
 7 SYSTEMPATH\Filters\Filters.php(184): App\Filters\NoAuthFilter->before(Object(CodeIgniter\HTTP\IncomingRequest), null)
 8 SYSTEMPATH\CodeIgniter.php(475): CodeIgniter\Filters\Filters->run('login', 'before')
 9 SYSTEMPATH\CodeIgniter.php(361): CodeIgniter\CodeIgniter->handleRequest(null, Object(Config\Cache), false)
10 FCPATH\index.php(79): CodeIgniter\CodeIgniter->run()
11 SYSTEMPATH\Commands\Server\rewrite.php(47): require_once('C:\\Absensi-Prakerin-\\public\\index.php')
CRITICAL - 2024-08-13 10:38:29 --> [Caused by] mysqli_sql_exception: Table 'ci4.member' doesn't exist
in SYSTEMPATH\Database\MySQLi\Connection.php on line 306.
 1 SYSTEMPATH\Database\MySQLi\Connection.php(306): mysqli->query('SELECT *
FROM `member`
WHERE `member_id` IS NULL
 LIMIT 1', 0)
 2 SYSTEMPATH\Database\BaseConnection.php(693): CodeIgniter\Database\MySQLi\Connection->execute('SELECT *
FROM `member`
WHERE `member_id` IS NULL
 LIMIT 1')
 3 SYSTEMPATH\Database\BaseConnection.php(607): CodeIgniter\Database\BaseConnection->simpleQuery('SELECT *
FROM `member`
WHERE `member_id` IS NULL
 LIMIT 1')
 4 SYSTEMPATH\Database\BaseBuilder.php(1616): CodeIgniter\Database\BaseConnection->query('SELECT *
FROM `member`
WHERE `member_id` IS NULL
 LIMIT 1', [], false)
 5 SYSTEMPATH\Model.php(271): CodeIgniter\Database\BaseBuilder->get()
 6 SYSTEMPATH\BaseModel.php(679): CodeIgniter\Model->doFirst()
 7 APPPATH\Filters\NoAuthFilter.php(17): CodeIgniter\BaseModel->first()
 8 SYSTEMPATH\Filters\Filters.php(184): App\Filters\NoAuthFilter->before(Object(CodeIgniter\HTTP\IncomingRequest), null)
 9 SYSTEMPATH\CodeIgniter.php(475): CodeIgniter\Filters\Filters->run('login', 'before')
10 SYSTEMPATH\CodeIgniter.php(361): CodeIgniter\CodeIgniter->handleRequest(null, Object(Config\Cache), false)
11 FCPATH\index.php(79): CodeIgniter\CodeIgniter->run()
12 SYSTEMPATH\Commands\Server\rewrite.php(47): require_once('C:\\Absensi-Prakerin-\\public\\index.php')
INFO - 2024-08-13 10:38:52 --> Session: Class initialized using 'CodeIgniter\Session\Handlers\FileHandler' driver.
ERROR - 2024-08-13 10:38:52 --> mysqli_sql_exception: Table 'ci4.member' doesn't exist in C:\Absensi-Prakerin-\vendor\codeigniter4\framework\system\Database\MySQLi\Connection.php:306
Stack trace:
#0 C:\Absensi-Prakerin-\vendor\codeigniter4\framework\system\Database\MySQLi\Connection.php(306): mysqli->query('SELECT *\nFROM `...', 0)
#1 C:\Absensi-Prakerin-\vendor\codeigniter4\framework\system\Database\BaseConnection.php(693): CodeIgniter\Database\MySQLi\Connection->execute('SELECT *\nFROM `...')
#2 C:\Absensi-Prakerin-\vendor\codeigniter4\framework\system\Database\BaseConnection.php(607): CodeIgniter\Database\BaseConnection->simpleQuery('SELECT *\nFROM `...')
#3 C:\Absensi-Prakerin-\vendor\codeigniter4\framework\system\Database\BaseBuilder.php(1616): CodeIgniter\Database\BaseConnection->query('SELECT *\nFROM `...', Array, false)
#4 C:\Absensi-Prakerin-\vendor\codeigniter4\framework\system\Model.php(271): CodeIgniter\Database\BaseBuilder->get()
#5 C:\Absensi-Prakerin-\vendor\codeigniter4\framework\system\BaseModel.php(679): CodeIgniter\Model->doFirst()
#6 C:\Absensi-Prakerin-\app\Filters\NoAuthFilter.php(17): CodeIgniter\BaseModel->first()
#7 C:\Absensi-Prakerin-\vendor\codeigniter4\framework\system\Filters\Filters.php(184): App\Filters\NoAuthFilter->before(Object(CodeIgniter\HTTP\IncomingRequest), NULL)
#8 C:\Absensi-Prakerin-\vendor\codeigniter4\framework\system\CodeIgniter.php(475): CodeIgniter\Filters\Filters->run('login', 'before')
#9 C:\Absensi-Prakerin-\vendor\codeigniter4\framework\system\CodeIgniter.php(361): CodeIgniter\CodeIgniter->handleRequest(NULL, Object(Config\Cache), false)
#10 C:\Absensi-Prakerin-\public\index.php(79): CodeIgniter\CodeIgniter->run()
#11 C:\Absensi-Prakerin-\vendor\codeigniter4\framework\system\Commands\Server\rewrite.php(47): require_once('C:\\Absensi-Prak...')
#12 {main}
CRITICAL - 2024-08-13 10:38:52 --> CodeIgniter\Database\Exceptions\DatabaseException: Table 'ci4.member' doesn't exist
in SYSTEMPATH\Database\BaseConnection.php on line 647.
 1 SYSTEMPATH\Database\BaseBuilder.php(1616): CodeIgniter\Database\BaseConnection->query('SELECT *
FROM `member`
WHERE `member_id` IS NULL
 LIMIT 1', [], false)
 2 SYSTEMPATH\Model.php(271): CodeIgniter\Database\BaseBuilder->get()
 3 SYSTEMPATH\BaseModel.php(679): CodeIgniter\Model->doFirst()
 4 APPPATH\Filters\NoAuthFilter.php(17): CodeIgniter\BaseModel->first()
 5 SYSTEMPATH\Filters\Filters.php(184): App\Filters\NoAuthFilter->before(Object(CodeIgniter\HTTP\IncomingRequest), null)
 6 SYSTEMPATH\CodeIgniter.php(475): CodeIgniter\Filters\Filters->run('login', 'before')
 7 SYSTEMPATH\CodeIgniter.php(361): CodeIgniter\CodeIgniter->handleRequest(null, Object(Config\Cache), false)
 8 FCPATH\index.php(79): CodeIgniter\CodeIgniter->run()
 9 SYSTEMPATH\Commands\Server\rewrite.php(47): require_once('C:\\Absensi-Prakerin-\\public\\index.php')
CRITICAL - 2024-08-13 10:38:52 --> [Caused by] CodeIgniter\Database\Exceptions\DatabaseException: Table 'ci4.member' doesn't exist
in SYSTEMPATH\Database\MySQLi\Connection.php on line 311.
 1 SYSTEMPATH\Database\BaseConnection.php(693): CodeIgniter\Database\MySQLi\Connection->execute('SELECT *
FROM `member`
WHERE `member_id` IS NULL
 LIMIT 1')
 2 SYSTEMPATH\Database\BaseConnection.php(607): CodeIgniter\Database\BaseConnection->simpleQuery('SELECT *
FROM `member`
WHERE `member_id` IS NULL
 LIMIT 1')
 3 SYSTEMPATH\Database\BaseBuilder.php(1616): CodeIgniter\Database\BaseConnection->query('SELECT *
FROM `member`
WHERE `member_id` IS NULL
 LIMIT 1', [], false)
 4 SYSTEMPATH\Model.php(271): CodeIgniter\Database\BaseBuilder->get()
 5 SYSTEMPATH\BaseModel.php(679): CodeIgniter\Model->doFirst()
 6 APPPATH\Filters\NoAuthFilter.php(17): CodeIgniter\BaseModel->first()
 7 SYSTEMPATH\Filters\Filters.php(184): App\Filters\NoAuthFilter->before(Object(CodeIgniter\HTTP\IncomingRequest), null)
 8 SYSTEMPATH\CodeIgniter.php(475): CodeIgniter\Filters\Filters->run('login', 'before')
 9 SYSTEMPATH\CodeIgniter.php(361): CodeIgniter\CodeIgniter->handleRequest(null, Object(Config\Cache), false)
10 FCPATH\index.php(79): CodeIgniter\CodeIgniter->run()
11 SYSTEMPATH\Commands\Server\rewrite.php(47): require_once('C:\\Absensi-Prakerin-\\public\\index.php')
CRITICAL - 2024-08-13 10:38:52 --> [Caused by] mysqli_sql_exception: Table 'ci4.member' doesn't exist
in SYSTEMPATH\Database\MySQLi\Connection.php on line 306.
 1 SYSTEMPATH\Database\MySQLi\Connection.php(306): mysqli->query('SELECT *
FROM `member`
WHERE `member_id` IS NULL
 LIMIT 1', 0)
 2 SYSTEMPATH\Database\BaseConnection.php(693): CodeIgniter\Database\MySQLi\Connection->execute('SELECT *
FROM `member`
WHERE `member_id` IS NULL
 LIMIT 1')
 3 SYSTEMPATH\Database\BaseConnection.php(607): CodeIgniter\Database\BaseConnection->simpleQuery('SELECT *
FROM `member`
WHERE `member_id` IS NULL
 LIMIT 1')
 4 SYSTEMPATH\Database\BaseBuilder.php(1616): CodeIgniter\Database\BaseConnection->query('SELECT *
FROM `member`
WHERE `member_id` IS NULL
 LIMIT 1', [], false)
 5 SYSTEMPATH\Model.php(271): CodeIgniter\Database\BaseBuilder->get()
 6 SYSTEMPATH\BaseModel.php(679): CodeIgniter\Model->doFirst()
 7 APPPATH\Filters\NoAuthFilter.php(17): CodeIgniter\BaseModel->first()
 8 SYSTEMPATH\Filters\Filters.php(184): App\Filters\NoAuthFilter->before(Object(CodeIgniter\HTTP\IncomingRequest), null)
 9 SYSTEMPATH\CodeIgniter.php(475): CodeIgniter\Filters\Filters->run('login', 'before')
10 SYSTEMPATH\CodeIgniter.php(361): CodeIgniter\CodeIgniter->handleRequest(null, Object(Config\Cache), false)
11 FCPATH\index.php(79): CodeIgniter\CodeIgniter->run()
12 SYSTEMPATH\Commands\Server\rewrite.php(47): require_once('C:\\Absensi-Prakerin-\\public\\index.php')
INFO - 2024-08-13 10:38:56 --> Session: Class initialized using 'CodeIgniter\Session\Handlers\FileHandler' driver.
ERROR - 2024-08-13 10:38:57 --> mysqli_sql_exception: Table 'ci4.member' doesn't exist in C:\Absensi-Prakerin-\vendor\codeigniter4\framework\system\Database\MySQLi\Connection.php:306
Stack trace:
#0 C:\Absensi-Prakerin-\vendor\codeigniter4\framework\system\Database\MySQLi\Connection.php(306): mysqli->query('SELECT *\nFROM `...', 0)
#1 C:\Absensi-Prakerin-\vendor\codeigniter4\framework\system\Database\BaseConnection.php(693): CodeIgniter\Database\MySQLi\Connection->execute('SELECT *\nFROM `...')
#2 C:\Absensi-Prakerin-\vendor\codeigniter4\framework\system\Database\BaseConnection.php(607): CodeIgniter\Database\BaseConnection->simpleQuery('SELECT *\nFROM `...')
#3 C:\Absensi-Prakerin-\vendor\codeigniter4\framework\system\Database\BaseBuilder.php(1616): CodeIgniter\Database\BaseConnection->query('SELECT *\nFROM `...', Array, false)
#4 C:\Absensi-Prakerin-\vendor\codeigniter4\framework\system\Model.php(271): CodeIgniter\Database\BaseBuilder->get()
#5 C:\Absensi-Prakerin-\vendor\codeigniter4\framework\system\BaseModel.php(679): CodeIgniter\Model->doFirst()
#6 C:\Absensi-Prakerin-\app\Filters\NoAuthFilter.php(17): CodeIgniter\BaseModel->first()
#7 C:\Absensi-Prakerin-\vendor\codeigniter4\framework\system\Filters\Filters.php(184): App\Filters\NoAuthFilter->before(Object(CodeIgniter\HTTP\IncomingRequest), NULL)
#8 C:\Absensi-Prakerin-\vendor\codeigniter4\framework\system\CodeIgniter.php(475): CodeIgniter\Filters\Filters->run('', 'before')
#9 C:\Absensi-Prakerin-\vendor\codeigniter4\framework\system\CodeIgniter.php(361): CodeIgniter\CodeIgniter->handleRequest(NULL, Object(Config\Cache), false)
#10 C:\Absensi-Prakerin-\public\index.php(79): CodeIgniter\CodeIgniter->run()
#11 C:\Absensi-Prakerin-\vendor\codeigniter4\framework\system\Commands\Server\rewrite.php(47): require_once('C:\\Absensi-Prak...')
#12 {main}
CRITICAL - 2024-08-13 10:38:57 --> CodeIgniter\Database\Exceptions\DatabaseException: Table 'ci4.member' doesn't exist
in SYSTEMPATH\Database\BaseConnection.php on line 647.
 1 SYSTEMPATH\Database\BaseBuilder.php(1616): CodeIgniter\Database\BaseConnection->query('SELECT *
FROM `member`
WHERE `member_id` IS NULL
 LIMIT 1', [], false)
 2 SYSTEMPATH\Model.php(271): CodeIgniter\Database\BaseBuilder->get()
 3 SYSTEMPATH\BaseModel.php(679): CodeIgniter\Model->doFirst()
 4 APPPATH\Filters\NoAuthFilter.php(17): CodeIgniter\BaseModel->first()
 5 SYSTEMPATH\Filters\Filters.php(184): App\Filters\NoAuthFilter->before(Object(CodeIgniter\HTTP\IncomingRequest), null)
 6 SYSTEMPATH\CodeIgniter.php(475): CodeIgniter\Filters\Filters->run('', 'before')
 7 SYSTEMPATH\CodeIgniter.php(361): CodeIgniter\CodeIgniter->handleRequest(null, Object(Config\Cache), false)
 8 FCPATH\index.php(79): CodeIgniter\CodeIgniter->run()
 9 SYSTEMPATH\Commands\Server\rewrite.php(47): require_once('C:\\Absensi-Prakerin-\\public\\index.php')
CRITICAL - 2024-08-13 10:38:57 --> [Caused by] CodeIgniter\Database\Exceptions\DatabaseException: Table 'ci4.member' doesn't exist
in SYSTEMPATH\Database\MySQLi\Connection.php on line 311.
 1 SYSTEMPATH\Database\BaseConnection.php(693): CodeIgniter\Database\MySQLi\Connection->execute('SELECT *
FROM `member`
WHERE `member_id` IS NULL
 LIMIT 1')
 2 SYSTEMPATH\Database\BaseConnection.php(607): CodeIgniter\Database\BaseConnection->simpleQuery('SELECT *
FROM `member`
WHERE `member_id` IS NULL
 LIMIT 1')
 3 SYSTEMPATH\Database\BaseBuilder.php(1616): CodeIgniter\Database\BaseConnection->query('SELECT *
FROM `member`
WHERE `member_id` IS NULL
 LIMIT 1', [], false)
 4 SYSTEMPATH\Model.php(271): CodeIgniter\Database\BaseBuilder->get()
 5 SYSTEMPATH\BaseModel.php(679): CodeIgniter\Model->doFirst()
 6 APPPATH\Filters\NoAuthFilter.php(17): CodeIgniter\BaseModel->first()
 7 SYSTEMPATH\Filters\Filters.php(184): App\Filters\NoAuthFilter->before(Object(CodeIgniter\HTTP\IncomingRequest), null)
 8 SYSTEMPATH\CodeIgniter.php(475): CodeIgniter\Filters\Filters->run('', 'before')
 9 SYSTEMPATH\CodeIgniter.php(361): CodeIgniter\CodeIgniter->handleRequest(null, Object(Config\Cache), false)
10 FCPATH\index.php(79): CodeIgniter\CodeIgniter->run()
11 SYSTEMPATH\Commands\Server\rewrite.php(47): require_once('C:\\Absensi-Prakerin-\\public\\index.php')
CRITICAL - 2024-08-13 10:38:57 --> [Caused by] mysqli_sql_exception: Table 'ci4.member' doesn't exist
in SYSTEMPATH\Database\MySQLi\Connection.php on line 306.
 1 SYSTEMPATH\Database\MySQLi\Connection.php(306): mysqli->query('SELECT *
FROM `member`
WHERE `member_id` IS NULL
 LIMIT 1', 0)
 2 SYSTEMPATH\Database\BaseConnection.php(693): CodeIgniter\Database\MySQLi\Connection->execute('SELECT *
FROM `member`
WHERE `member_id` IS NULL
 LIMIT 1')
 3 SYSTEMPATH\Database\BaseConnection.php(607): CodeIgniter\Database\BaseConnection->simpleQuery('SELECT *
FROM `member`
WHERE `member_id` IS NULL
 LIMIT 1')
 4 SYSTEMPATH\Database\BaseBuilder.php(1616): CodeIgniter\Database\BaseConnection->query('SELECT *
FROM `member`
WHERE `member_id` IS NULL
 LIMIT 1', [], false)
 5 SYSTEMPATH\Model.php(271): CodeIgniter\Database\BaseBuilder->get()
 6 SYSTEMPATH\BaseModel.php(679): CodeIgniter\Model->doFirst()
 7 APPPATH\Filters\NoAuthFilter.php(17): CodeIgniter\BaseModel->first()
 8 SYSTEMPATH\Filters\Filters.php(184): App\Filters\NoAuthFilter->before(Object(CodeIgniter\HTTP\IncomingRequest), null)
 9 SYSTEMPATH\CodeIgniter.php(475): CodeIgniter\Filters\Filters->run('', 'before')
10 SYSTEMPATH\CodeIgniter.php(361): CodeIgniter\CodeIgniter->handleRequest(null, Object(Config\Cache), false)
11 FCPATH\index.php(79): CodeIgniter\CodeIgniter->run()
12 SYSTEMPATH\Commands\Server\rewrite.php(47): require_once('C:\\Absensi-Prakerin-\\public\\index.php')
INFO - 2024-08-13 10:39:01 --> Session: Class initialized using 'CodeIgniter\Session\Handlers\FileHandler' driver.
ERROR - 2024-08-13 10:39:01 --> mysqli_sql_exception: Table 'ci4.member' doesn't exist in C:\Absensi-Prakerin-\vendor\codeigniter4\framework\system\Database\MySQLi\Connection.php:306
Stack trace:
#0 C:\Absensi-Prakerin-\vendor\codeigniter4\framework\system\Database\MySQLi\Connection.php(306): mysqli->query('SELECT *\nFROM `...', 0)
#1 C:\Absensi-Prakerin-\vendor\codeigniter4\framework\system\Database\BaseConnection.php(693): CodeIgniter\Database\MySQLi\Connection->execute('SELECT *\nFROM `...')
#2 C:\Absensi-Prakerin-\vendor\codeigniter4\framework\system\Database\BaseConnection.php(607): CodeIgniter\Database\BaseConnection->simpleQuery('SELECT *\nFROM `...')
#3 C:\Absensi-Prakerin-\vendor\codeigniter4\framework\system\Database\BaseBuilder.php(1616): CodeIgniter\Database\BaseConnection->query('SELECT *\nFROM `...', Array, false)
#4 C:\Absensi-Prakerin-\vendor\codeigniter4\framework\system\Model.php(271): CodeIgniter\Database\BaseBuilder->get()
#5 C:\Absensi-Prakerin-\vendor\codeigniter4\framework\system\BaseModel.php(679): CodeIgniter\Model->doFirst()
#6 C:\Absensi-Prakerin-\app\Filters\NoAuthFilter.php(17): CodeIgniter\BaseModel->first()
#7 C:\Absensi-Prakerin-\vendor\codeigniter4\framework\system\Filters\Filters.php(184): App\Filters\NoAuthFilter->before(Object(CodeIgniter\HTTP\IncomingRequest), NULL)
#8 C:\Absensi-Prakerin-\vendor\codeigniter4\framework\system\CodeIgniter.php(475): CodeIgniter\Filters\Filters->run('', 'before')
#9 C:\Absensi-Prakerin-\vendor\codeigniter4\framework\system\CodeIgniter.php(361): CodeIgniter\CodeIgniter->handleRequest(NULL, Object(Config\Cache), false)
#10 C:\Absensi-Prakerin-\public\index.php(79): CodeIgniter\CodeIgniter->run()
#11 C:\Absensi-Prakerin-\vendor\codeigniter4\framework\system\Commands\Server\rewrite.php(47): require_once('C:\\Absensi-Prak...')
#12 {main}
CRITICAL - 2024-08-13 10:39:01 --> CodeIgniter\Database\Exceptions\DatabaseException: Table 'ci4.member' doesn't exist
in SYSTEMPATH\Database\BaseConnection.php on line 647.
 1 SYSTEMPATH\Database\BaseBuilder.php(1616): CodeIgniter\Database\BaseConnection->query('SELECT *
FROM `member`
WHERE `member_id` IS NULL
 LIMIT 1', [], false)
 2 SYSTEMPATH\Model.php(271): CodeIgniter\Database\BaseBuilder->get()
 3 SYSTEMPATH\BaseModel.php(679): CodeIgniter\Model->doFirst()
 4 APPPATH\Filters\NoAuthFilter.php(17): CodeIgniter\BaseModel->first()
 5 SYSTEMPATH\Filters\Filters.php(184): App\Filters\NoAuthFilter->before(Object(CodeIgniter\HTTP\IncomingRequest), null)
 6 SYSTEMPATH\CodeIgniter.php(475): CodeIgniter\Filters\Filters->run('', 'before')
 7 SYSTEMPATH\CodeIgniter.php(361): CodeIgniter\CodeIgniter->handleRequest(null, Object(Config\Cache), false)
 8 FCPATH\index.php(79): CodeIgniter\CodeIgniter->run()
 9 SYSTEMPATH\Commands\Server\rewrite.php(47): require_once('C:\\Absensi-Prakerin-\\public\\index.php')
CRITICAL - 2024-08-13 10:39:01 --> [Caused by] CodeIgniter\Database\Exceptions\DatabaseException: Table 'ci4.member' doesn't exist
in SYSTEMPATH\Database\MySQLi\Connection.php on line 311.
 1 SYSTEMPATH\Database\BaseConnection.php(693): CodeIgniter\Database\MySQLi\Connection->execute('SELECT *
FROM `member`
WHERE `member_id` IS NULL
 LIMIT 1')
 2 SYSTEMPATH\Database\BaseConnection.php(607): CodeIgniter\Database\BaseConnection->simpleQuery('SELECT *
FROM `member`
WHERE `member_id` IS NULL
 LIMIT 1')
 3 SYSTEMPATH\Database\BaseBuilder.php(1616): CodeIgniter\Database\BaseConnection->query('SELECT *
FROM `member`
WHERE `member_id` IS NULL
 LIMIT 1', [], false)
 4 SYSTEMPATH\Model.php(271): CodeIgniter\Database\BaseBuilder->get()
 5 SYSTEMPATH\BaseModel.php(679): CodeIgniter\Model->doFirst()
 6 APPPATH\Filters\NoAuthFilter.php(17): CodeIgniter\BaseModel->first()
 7 SYSTEMPATH\Filters\Filters.php(184): App\Filters\NoAuthFilter->before(Object(CodeIgniter\HTTP\IncomingRequest), null)
 8 SYSTEMPATH\CodeIgniter.php(475): CodeIgniter\Filters\Filters->run('', 'before')
 9 SYSTEMPATH\CodeIgniter.php(361): CodeIgniter\CodeIgniter->handleRequest(null, Object(Config\Cache), false)
10 FCPATH\index.php(79): CodeIgniter\CodeIgniter->run()
11 SYSTEMPATH\Commands\Server\rewrite.php(47): require_once('C:\\Absensi-Prakerin-\\public\\index.php')
CRITICAL - 2024-08-13 10:39:01 --> [Caused by] mysqli_sql_exception: Table 'ci4.member' doesn't exist
in SYSTEMPATH\Database\MySQLi\Connection.php on line 306.
 1 SYSTEMPATH\Database\MySQLi\Connection.php(306): mysqli->query('SELECT *
FROM `member`
WHERE `member_id` IS NULL
 LIMIT 1', 0)
 2 SYSTEMPATH\Database\BaseConnection.php(693): CodeIgniter\Database\MySQLi\Connection->execute('SELECT *
FROM `member`
WHERE `member_id` IS NULL
 LIMIT 1')
 3 SYSTEMPATH\Database\BaseConnection.php(607): CodeIgniter\Database\BaseConnection->simpleQuery('SELECT *
FROM `member`
WHERE `member_id` IS NULL
 LIMIT 1')
 4 SYSTEMPATH\Database\BaseBuilder.php(1616): CodeIgniter\Database\BaseConnection->query('SELECT *
FROM `member`
WHERE `member_id` IS NULL
 LIMIT 1', [], false)
 5 SYSTEMPATH\Model.php(271): CodeIgniter\Database\BaseBuilder->get()
 6 SYSTEMPATH\BaseModel.php(679): CodeIgniter\Model->doFirst()
 7 APPPATH\Filters\NoAuthFilter.php(17): CodeIgniter\BaseModel->first()
 8 SYSTEMPATH\Filters\Filters.php(184): App\Filters\NoAuthFilter->before(Object(CodeIgniter\HTTP\IncomingRequest), null)
 9 SYSTEMPATH\CodeIgniter.php(475): CodeIgniter\Filters\Filters->run('', 'before')
10 SYSTEMPATH\CodeIgniter.php(361): CodeIgniter\CodeIgniter->handleRequest(null, Object(Config\Cache), false)
11 FCPATH\index.php(79): CodeIgniter\CodeIgniter->run()
12 SYSTEMPATH\Commands\Server\rewrite.php(47): require_once('C:\\Absensi-Prakerin-\\public\\index.php')
INFO - 2024-08-13 10:41:26 --> Session: Class initialized using 'CodeIgniter\Session\Handlers\FileHandler' driver.
ERROR - 2024-08-13 10:41:26 --> mysqli_sql_exception: Table 'ci4.member' doesn't exist in C:\Absensi-Prakerin-\vendor\codeigniter4\framework\system\Database\MySQLi\Connection.php:306
Stack trace:
#0 C:\Absensi-Prakerin-\vendor\codeigniter4\framework\system\Database\MySQLi\Connection.php(306): mysqli->query('SELECT *\nFROM `...', 0)
#1 C:\Absensi-Prakerin-\vendor\codeigniter4\framework\system\Database\BaseConnection.php(693): CodeIgniter\Database\MySQLi\Connection->execute('SELECT *\nFROM `...')
#2 C:\Absensi-Prakerin-\vendor\codeigniter4\framework\system\Database\BaseConnection.php(607): CodeIgniter\Database\BaseConnection->simpleQuery('SELECT *\nFROM `...')
#3 C:\Absensi-Prakerin-\vendor\codeigniter4\framework\system\Database\BaseBuilder.php(1616): CodeIgniter\Database\BaseConnection->query('SELECT *\nFROM `...', Array, false)
#4 C:\Absensi-Prakerin-\vendor\codeigniter4\framework\system\Model.php(271): CodeIgniter\Database\BaseBuilder->get()
#5 C:\Absensi-Prakerin-\vendor\codeigniter4\framework\system\BaseModel.php(679): CodeIgniter\Model->doFirst()
#6 C:\Absensi-Prakerin-\app\Filters\NoAuthFilter.php(17): CodeIgniter\BaseModel->first()
#7 C:\Absensi-Prakerin-\vendor\codeigniter4\framework\system\Filters\Filters.php(184): App\Filters\NoAuthFilter->before(Object(CodeIgniter\HTTP\IncomingRequest), NULL)
#8 C:\Absensi-Prakerin-\vendor\codeigniter4\framework\system\CodeIgniter.php(475): CodeIgniter\Filters\Filters->run('login', 'before')
#9 C:\Absensi-Prakerin-\vendor\codeigniter4\framework\system\CodeIgniter.php(361): CodeIgniter\CodeIgniter->handleRequest(NULL, Object(Config\Cache), false)
#10 C:\Absensi-Prakerin-\public\index.php(79): CodeIgniter\CodeIgniter->run()
#11 C:\Absensi-Prakerin-\vendor\codeigniter4\framework\system\Commands\Server\rewrite.php(47): require_once('C:\\Absensi-Prak...')
#12 {main}
CRITICAL - 2024-08-13 10:41:26 --> CodeIgniter\Database\Exceptions\DatabaseException: Table 'ci4.member' doesn't exist
in SYSTEMPATH\Database\BaseConnection.php on line 647.
 1 SYSTEMPATH\Database\BaseBuilder.php(1616): CodeIgniter\Database\BaseConnection->query('SELECT *
FROM `member`
WHERE `member_id` IS NULL
 LIMIT 1', [], false)
 2 SYSTEMPATH\Model.php(271): CodeIgniter\Database\BaseBuilder->get()
 3 SYSTEMPATH\BaseModel.php(679): CodeIgniter\Model->doFirst()
 4 APPPATH\Filters\NoAuthFilter.php(17): CodeIgniter\BaseModel->first()
 5 SYSTEMPATH\Filters\Filters.php(184): App\Filters\NoAuthFilter->before(Object(CodeIgniter\HTTP\IncomingRequest), null)
 6 SYSTEMPATH\CodeIgniter.php(475): CodeIgniter\Filters\Filters->run('login', 'before')
 7 SYSTEMPATH\CodeIgniter.php(361): CodeIgniter\CodeIgniter->handleRequest(null, Object(Config\Cache), false)
 8 FCPATH\index.php(79): CodeIgniter\CodeIgniter->run()
 9 SYSTEMPATH\Commands\Server\rewrite.php(47): require_once('C:\\Absensi-Prakerin-\\public\\index.php')
CRITICAL - 2024-08-13 10:41:26 --> [Caused by] CodeIgniter\Database\Exceptions\DatabaseException: Table 'ci4.member' doesn't exist
in SYSTEMPATH\Database\MySQLi\Connection.php on line 311.
 1 SYSTEMPATH\Database\BaseConnection.php(693): CodeIgniter\Database\MySQLi\Connection->execute('SELECT *
FROM `member`
WHERE `member_id` IS NULL
 LIMIT 1')
 2 SYSTEMPATH\Database\BaseConnection.php(607): CodeIgniter\Database\BaseConnection->simpleQuery('SELECT *
FROM `member`
WHERE `member_id` IS NULL
 LIMIT 1')
 3 SYSTEMPATH\Database\BaseBuilder.php(1616): CodeIgniter\Database\BaseConnection->query('SELECT *
FROM `member`
WHERE `member_id` IS NULL
 LIMIT 1', [], false)
 4 SYSTEMPATH\Model.php(271): CodeIgniter\Database\BaseBuilder->get()
 5 SYSTEMPATH\BaseModel.php(679): CodeIgniter\Model->doFirst()
 6 APPPATH\Filters\NoAuthFilter.php(17): CodeIgniter\BaseModel->first()
 7 SYSTEMPATH\Filters\Filters.php(184): App\Filters\NoAuthFilter->before(Object(CodeIgniter\HTTP\IncomingRequest), null)
 8 SYSTEMPATH\CodeIgniter.php(475): CodeIgniter\Filters\Filters->run('login', 'before')
 9 SYSTEMPATH\CodeIgniter.php(361): CodeIgniter\CodeIgniter->handleRequest(null, Object(Config\Cache), false)
10 FCPATH\index.php(79): CodeIgniter\CodeIgniter->run()
11 SYSTEMPATH\Commands\Server\rewrite.php(47): require_once('C:\\Absensi-Prakerin-\\public\\index.php')
CRITICAL - 2024-08-13 10:41:26 --> [Caused by] mysqli_sql_exception: Table 'ci4.member' doesn't exist
in SYSTEMPATH\Database\MySQLi\Connection.php on line 306.
 1 SYSTEMPATH\Database\MySQLi\Connection.php(306): mysqli->query('SELECT *
FROM `member`
WHERE `member_id` IS NULL
 LIMIT 1', 0)
 2 SYSTEMPATH\Database\BaseConnection.php(693): CodeIgniter\Database\MySQLi\Connection->execute('SELECT *
FROM `member`
WHERE `member_id` IS NULL
 LIMIT 1')
 3 SYSTEMPATH\Database\BaseConnection.php(607): CodeIgniter\Database\BaseConnection->simpleQuery('SELECT *
FROM `member`
WHERE `member_id` IS NULL
 LIMIT 1')
 4 SYSTEMPATH\Database\BaseBuilder.php(1616): CodeIgniter\Database\BaseConnection->query('SELECT *
FROM `member`
WHERE `member_id` IS NULL
 LIMIT 1', [], false)
 5 SYSTEMPATH\Model.php(271): CodeIgniter\Database\BaseBuilder->get()
 6 SYSTEMPATH\BaseModel.php(679): CodeIgniter\Model->doFirst()
 7 APPPATH\Filters\NoAuthFilter.php(17): CodeIgniter\BaseModel->first()
 8 SYSTEMPATH\Filters\Filters.php(184): App\Filters\NoAuthFilter->before(Object(CodeIgniter\HTTP\IncomingRequest), null)
 9 SYSTEMPATH\CodeIgniter.php(475): CodeIgniter\Filters\Filters->run('login', 'before')
10 SYSTEMPATH\CodeIgniter.php(361): CodeIgniter\CodeIgniter->handleRequest(null, Object(Config\Cache), false)
11 FCPATH\index.php(79): CodeIgniter\CodeIgniter->run()
12 SYSTEMPATH\Commands\Server\rewrite.php(47): require_once('C:\\Absensi-Prakerin-\\public\\index.php')
INFO - 2024-08-13 10:42:00 --> Session: Class initialized using 'CodeIgniter\Session\Handlers\FileHandler' driver.
ERROR - 2024-08-13 10:42:00 --> mysqli_sql_exception: Table 'ci4.member' doesn't exist in C:\Absensi-Prakerin-\vendor\codeigniter4\framework\system\Database\MySQLi\Connection.php:306
Stack trace:
#0 C:\Absensi-Prakerin-\vendor\codeigniter4\framework\system\Database\MySQLi\Connection.php(306): mysqli->query('SELECT *\nFROM `...', 0)
#1 C:\Absensi-Prakerin-\vendor\codeigniter4\framework\system\Database\BaseConnection.php(693): CodeIgniter\Database\MySQLi\Connection->execute('SELECT *\nFROM `...')
#2 C:\Absensi-Prakerin-\vendor\codeigniter4\framework\system\Database\BaseConnection.php(607): CodeIgniter\Database\BaseConnection->simpleQuery('SELECT *\nFROM `...')
#3 C:\Absensi-Prakerin-\vendor\codeigniter4\framework\system\Database\BaseBuilder.php(1616): CodeIgniter\Database\BaseConnection->query('SELECT *\nFROM `...', Array, false)
#4 C:\Absensi-Prakerin-\vendor\codeigniter4\framework\system\Model.php(271): CodeIgniter\Database\BaseBuilder->get()
#5 C:\Absensi-Prakerin-\vendor\codeigniter4\framework\system\BaseModel.php(679): CodeIgniter\Model->doFirst()
#6 C:\Absensi-Prakerin-\app\Filters\NoAuthFilter.php(17): CodeIgniter\BaseModel->first()
#7 C:\Absensi-Prakerin-\vendor\codeigniter4\framework\system\Filters\Filters.php(184): App\Filters\NoAuthFilter->before(Object(CodeIgniter\HTTP\IncomingRequest), NULL)
#8 C:\Absensi-Prakerin-\vendor\codeigniter4\framework\system\CodeIgniter.php(475): CodeIgniter\Filters\Filters->run('', 'before')
#9 C:\Absensi-Prakerin-\vendor\codeigniter4\framework\system\CodeIgniter.php(361): CodeIgniter\CodeIgniter->handleRequest(NULL, Object(Config\Cache), false)
#10 C:\Absensi-Prakerin-\public\index.php(79): CodeIgniter\CodeIgniter->run()
#11 C:\Absensi-Prakerin-\vendor\codeigniter4\framework\system\Commands\Server\rewrite.php(47): require_once('C:\\Absensi-Prak...')
#12 {main}
CRITICAL - 2024-08-13 10:42:00 --> CodeIgniter\Database\Exceptions\DatabaseException: Table 'ci4.member' doesn't exist
in SYSTEMPATH\Database\BaseConnection.php on line 647.
 1 SYSTEMPATH\Database\BaseBuilder.php(1616): CodeIgniter\Database\BaseConnection->query('SELECT *
FROM `member`
WHERE `member_id` IS NULL
 LIMIT 1', [], false)
 2 SYSTEMPATH\Model.php(271): CodeIgniter\Database\BaseBuilder->get()
 3 SYSTEMPATH\BaseModel.php(679): CodeIgniter\Model->doFirst()
 4 APPPATH\Filters\NoAuthFilter.php(17): CodeIgniter\BaseModel->first()
 5 SYSTEMPATH\Filters\Filters.php(184): App\Filters\NoAuthFilter->before(Object(CodeIgniter\HTTP\IncomingRequest), null)
 6 SYSTEMPATH\CodeIgniter.php(475): CodeIgniter\Filters\Filters->run('', 'before')
 7 SYSTEMPATH\CodeIgniter.php(361): CodeIgniter\CodeIgniter->handleRequest(null, Object(Config\Cache), false)
 8 FCPATH\index.php(79): CodeIgniter\CodeIgniter->run()
 9 SYSTEMPATH\Commands\Server\rewrite.php(47): require_once('C:\\Absensi-Prakerin-\\public\\index.php')
CRITICAL - 2024-08-13 10:42:00 --> [Caused by] CodeIgniter\Database\Exceptions\DatabaseException: Table 'ci4.member' doesn't exist
in SYSTEMPATH\Database\MySQLi\Connection.php on line 311.
 1 SYSTEMPATH\Database\BaseConnection.php(693): CodeIgniter\Database\MySQLi\Connection->execute('SELECT *
FROM `member`
WHERE `member_id` IS NULL
 LIMIT 1')
 2 SYSTEMPATH\Database\BaseConnection.php(607): CodeIgniter\Database\BaseConnection->simpleQuery('SELECT *
FROM `member`
WHERE `member_id` IS NULL
 LIMIT 1')
 3 SYSTEMPATH\Database\BaseBuilder.php(1616): CodeIgniter\Database\BaseConnection->query('SELECT *
FROM `member`
WHERE `member_id` IS NULL
 LIMIT 1', [], false)
 4 SYSTEMPATH\Model.php(271): CodeIgniter\Database\BaseBuilder->get()
 5 SYSTEMPATH\BaseModel.php(679): CodeIgniter\Model->doFirst()
 6 APPPATH\Filters\NoAuthFilter.php(17): CodeIgniter\BaseModel->first()
 7 SYSTEMPATH\Filters\Filters.php(184): App\Filters\NoAuthFilter->before(Object(CodeIgniter\HTTP\IncomingRequest), null)
 8 SYSTEMPATH\CodeIgniter.php(475): CodeIgniter\Filters\Filters->run('', 'before')
 9 SYSTEMPATH\CodeIgniter.php(361): CodeIgniter\CodeIgniter->handleRequest(null, Object(Config\Cache), false)
10 FCPATH\index.php(79): CodeIgniter\CodeIgniter->run()
11 SYSTEMPATH\Commands\Server\rewrite.php(47): require_once('C:\\Absensi-Prakerin-\\public\\index.php')
CRITICAL - 2024-08-13 10:42:00 --> [Caused by] mysqli_sql_exception: Table 'ci4.member' doesn't exist
in SYSTEMPATH\Database\MySQLi\Connection.php on line 306.
 1 SYSTEMPATH\Database\MySQLi\Connection.php(306): mysqli->query('SELECT *
FROM `member`
WHERE `member_id` IS NULL
 LIMIT 1', 0)
 2 SYSTEMPATH\Database\BaseConnection.php(693): CodeIgniter\Database\MySQLi\Connection->execute('SELECT *
FROM `member`
WHERE `member_id` IS NULL
 LIMIT 1')
 3 SYSTEMPATH\Database\BaseConnection.php(607): CodeIgniter\Database\BaseConnection->simpleQuery('SELECT *
FROM `member`
WHERE `member_id` IS NULL
 LIMIT 1')
 4 SYSTEMPATH\Database\BaseBuilder.php(1616): CodeIgniter\Database\BaseConnection->query('SELECT *
FROM `member`
WHERE `member_id` IS NULL
 LIMIT 1', [], false)
 5 SYSTEMPATH\Model.php(271): CodeIgniter\Database\BaseBuilder->get()
 6 SYSTEMPATH\BaseModel.php(679): CodeIgniter\Model->doFirst()
 7 APPPATH\Filters\NoAuthFilter.php(17): CodeIgniter\BaseModel->first()
 8 SYSTEMPATH\Filters\Filters.php(184): App\Filters\NoAuthFilter->before(Object(CodeIgniter\HTTP\IncomingRequest), null)
 9 SYSTEMPATH\CodeIgniter.php(475): CodeIgniter\Filters\Filters->run('', 'before')
10 SYSTEMPATH\CodeIgniter.php(361): CodeIgniter\CodeIgniter->handleRequest(null, Object(Config\Cache), false)
11 FCPATH\index.php(79): CodeIgniter\CodeIgniter->run()
12 SYSTEMPATH\Commands\Server\rewrite.php(47): require_once('C:\\Absensi-Prakerin-\\public\\index.php')
INFO - 2024-08-13 11:10:03 --> Session: Class initialized using 'CodeIgniter\Session\Handlers\FileHandler' driver.
ERROR - 2024-08-13 11:10:03 --> mysqli_sql_exception: Table 'ci4.member' doesn't exist in C:\Absensi-Prakerin-\vendor\codeigniter4\framework\system\Database\MySQLi\Connection.php:306
Stack trace:
#0 C:\Absensi-Prakerin-\vendor\codeigniter4\framework\system\Database\MySQLi\Connection.php(306): mysqli->query('SELECT *\nFROM `...', 0)
#1 C:\Absensi-Prakerin-\vendor\codeigniter4\framework\system\Database\BaseConnection.php(693): CodeIgniter\Database\MySQLi\Connection->execute('SELECT *\nFROM `...')
#2 C:\Absensi-Prakerin-\vendor\codeigniter4\framework\system\Database\BaseConnection.php(607): CodeIgniter\Database\BaseConnection->simpleQuery('SELECT *\nFROM `...')
#3 C:\Absensi-Prakerin-\vendor\codeigniter4\framework\system\Database\BaseBuilder.php(1616): CodeIgniter\Database\BaseConnection->query('SELECT *\nFROM `...', Array, false)
#4 C:\Absensi-Prakerin-\vendor\codeigniter4\framework\system\Model.php(271): CodeIgniter\Database\BaseBuilder->get()
#5 C:\Absensi-Prakerin-\vendor\codeigniter4\framework\system\BaseModel.php(679): CodeIgniter\Model->doFirst()
#6 C:\Absensi-Prakerin-\app\Filters\NoAuthFilter.php(17): CodeIgniter\BaseModel->first()
#7 C:\Absensi-Prakerin-\vendor\codeigniter4\framework\system\Filters\Filters.php(184): App\Filters\NoAuthFilter->before(Object(CodeIgniter\HTTP\IncomingRequest), NULL)
#8 C:\Absensi-Prakerin-\vendor\codeigniter4\framework\system\CodeIgniter.php(475): CodeIgniter\Filters\Filters->run('', 'before')
#9 C:\Absensi-Prakerin-\vendor\codeigniter4\framework\system\CodeIgniter.php(361): CodeIgniter\CodeIgniter->handleRequest(NULL, Object(Config\Cache), false)
#10 C:\Absensi-Prakerin-\public\index.php(79): CodeIgniter\CodeIgniter->run()
#11 C:\Absensi-Prakerin-\vendor\codeigniter4\framework\system\Commands\Server\rewrite.php(47): require_once('C:\\Absensi-Prak...')
#12 {main}
CRITICAL - 2024-08-13 11:10:03 --> CodeIgniter\Database\Exceptions\DatabaseException: Table 'ci4.member' doesn't exist
in SYSTEMPATH\Database\BaseConnection.php on line 647.
 1 SYSTEMPATH\Database\BaseBuilder.php(1616): CodeIgniter\Database\BaseConnection->query('SELECT *
FROM `member`
WHERE `member_id` IS NULL
 LIMIT 1', [], false)
 2 SYSTEMPATH\Model.php(271): CodeIgniter\Database\BaseBuilder->get()
 3 SYSTEMPATH\BaseModel.php(679): CodeIgniter\Model->doFirst()
 4 APPPATH\Filters\NoAuthFilter.php(17): CodeIgniter\BaseModel->first()
 5 SYSTEMPATH\Filters\Filters.php(184): App\Filters\NoAuthFilter->before(Object(CodeIgniter\HTTP\IncomingRequest), null)
 6 SYSTEMPATH\CodeIgniter.php(475): CodeIgniter\Filters\Filters->run('', 'before')
 7 SYSTEMPATH\CodeIgniter.php(361): CodeIgniter\CodeIgniter->handleRequest(null, Object(Config\Cache), false)
 8 FCPATH\index.php(79): CodeIgniter\CodeIgniter->run()
 9 SYSTEMPATH\Commands\Server\rewrite.php(47): require_once('C:\\Absensi-Prakerin-\\public\\index.php')
CRITICAL - 2024-08-13 11:10:03 --> [Caused by] CodeIgniter\Database\Exceptions\DatabaseException: Table 'ci4.member' doesn't exist
in SYSTEMPATH\Database\MySQLi\Connection.php on line 311.
 1 SYSTEMPATH\Database\BaseConnection.php(693): CodeIgniter\Database\MySQLi\Connection->execute('SELECT *
FROM `member`
WHERE `member_id` IS NULL
 LIMIT 1')
 2 SYSTEMPATH\Database\BaseConnection.php(607): CodeIgniter\Database\BaseConnection->simpleQuery('SELECT *
FROM `member`
WHERE `member_id` IS NULL
 LIMIT 1')
 3 SYSTEMPATH\Database\BaseBuilder.php(1616): CodeIgniter\Database\BaseConnection->query('SELECT *
FROM `member`
WHERE `member_id` IS NULL
 LIMIT 1', [], false)
 4 SYSTEMPATH\Model.php(271): CodeIgniter\Database\BaseBuilder->get()
 5 SYSTEMPATH\BaseModel.php(679): CodeIgniter\Model->doFirst()
 6 APPPATH\Filters\NoAuthFilter.php(17): CodeIgniter\BaseModel->first()
 7 SYSTEMPATH\Filters\Filters.php(184): App\Filters\NoAuthFilter->before(Object(CodeIgniter\HTTP\IncomingRequest), null)
 8 SYSTEMPATH\CodeIgniter.php(475): CodeIgniter\Filters\Filters->run('', 'before')
 9 SYSTEMPATH\CodeIgniter.php(361): CodeIgniter\CodeIgniter->handleRequest(null, Object(Config\Cache), false)
10 FCPATH\index.php(79): CodeIgniter\CodeIgniter->run()
11 SYSTEMPATH\Commands\Server\rewrite.php(47): require_once('C:\\Absensi-Prakerin-\\public\\index.php')
CRITICAL - 2024-08-13 11:10:03 --> [Caused by] mysqli_sql_exception: Table 'ci4.member' doesn't exist
in SYSTEMPATH\Database\MySQLi\Connection.php on line 306.
 1 SYSTEMPATH\Database\MySQLi\Connection.php(306): mysqli->query('SELECT *
FROM `member`
WHERE `member_id` IS NULL
 LIMIT 1', 0)
 2 SYSTEMPATH\Database\BaseConnection.php(693): CodeIgniter\Database\MySQLi\Connection->execute('SELECT *
FROM `member`
WHERE `member_id` IS NULL
 LIMIT 1')
 3 SYSTEMPATH\Database\BaseConnection.php(607): CodeIgniter\Database\BaseConnection->simpleQuery('SELECT *
FROM `member`
WHERE `member_id` IS NULL
 LIMIT 1')
 4 SYSTEMPATH\Database\BaseBuilder.php(1616): CodeIgniter\Database\BaseConnection->query('SELECT *
FROM `member`
WHERE `member_id` IS NULL
 LIMIT 1', [], false)
 5 SYSTEMPATH\Model.php(271): CodeIgniter\Database\BaseBuilder->get()
 6 SYSTEMPATH\BaseModel.php(679): CodeIgniter\Model->doFirst()
 7 APPPATH\Filters\NoAuthFilter.php(17): CodeIgniter\BaseModel->first()
 8 SYSTEMPATH\Filters\Filters.php(184): App\Filters\NoAuthFilter->before(Object(CodeIgniter\HTTP\IncomingRequest), null)
 9 SYSTEMPATH\CodeIgniter.php(475): CodeIgniter\Filters\Filters->run('', 'before')
10 SYSTEMPATH\CodeIgniter.php(361): CodeIgniter\CodeIgniter->handleRequest(null, Object(Config\Cache), false)
11 FCPATH\index.php(79): CodeIgniter\CodeIgniter->run()
12 SYSTEMPATH\Commands\Server\rewrite.php(47): require_once('C:\\Absensi-Prakerin-\\public\\index.php')
INFO - 2024-08-13 13:52:08 --> Session: Class initialized using 'CodeIgniter\Session\Handlers\FileHandler' driver.
INFO - 2024-08-13 13:53:11 --> Session: Class initialized using 'CodeIgniter\Session\Handlers\FileHandler' driver.
INFO - 2024-08-13 13:54:04 --> Session: Class initialized using 'CodeIgniter\Session\Handlers\FileHandler' driver.
INFO - 2024-08-13 13:54:04 --> Session: Class initialized using 'CodeIgniter\Session\Handlers\FileHandler' driver.
INFO - 2024-08-13 13:54:34 --> Session: Class initialized using 'CodeIgniter\Session\Handlers\FileHandler' driver.
