INFO - 2024-09-10 10:06:38 --> Session: Class initialized using 'CodeIgniter\Session\Handlers\FileHandler' driver.
INFO - 2024-09-10 10:06:41 --> Session: Class initialized using 'CodeIgniter\Session\Handlers\FileHandler' driver.
INFO - 2024-09-10 10:07:54 --> Session: Class initialized using 'CodeIgniter\Session\Handlers\FileHandler' driver.
CRITICAL - 2024-09-10 10:59:00 --> ErrorException: Undefined variable $mounth
in APPPATH\Views\Admin\v_rekapData.php on line 115.
 1 APPPATH\Views\Admin\v_rekapData.php(115): CodeIgniter\Debug\Exceptions->errorHandler(2, 'Undefined variable $mounth', 'C:\\Absensi-Prakerin-\\app\\Views\\Admin\\v_rekapData.php', 115)
 2 SYSTEMPATH\View\View.php(228): include('C:\\Absensi-Prakerin-\\app\\Views\\Admin\\v_rekapData.php')
 3 SYSTEMPATH\View\View.php(231): CodeIgniter\View\View->CodeIgniter\View\{closure}()
 4 SYSTEMPATH\Common.php(1178): CodeIgniter\View\View->render('admin/v_rekapData', [], true)
 5 APPPATH\Controllers\Print\Pdf.php(88): view('admin/v_rekapData', [...])
 6 SYSTEMPATH\CodeIgniter.php(943): App\Controllers\Print\Pdf->generatePDF()
 7 SYSTEMPATH\CodeIgniter.php(503): CodeIgniter\CodeIgniter->runController(Object(App\Controllers\Print\Pdf))
 8 SYSTEMPATH\CodeIgniter.php(361): CodeIgniter\CodeIgniter->handleRequest(null, Object(Config\Cache), false)
 9 FCPATH\index.php(79): CodeIgniter\CodeIgniter->run()
10 SYSTEMPATH\Commands\Server\rewrite.php(47): require_once('C:\\Absensi-Prakerin-\\public\\index.php')
INFO - 2024-09-10 10:59:07 --> Session: Class initialized using 'CodeIgniter\Session\Handlers\FileHandler' driver.
CRITICAL - 2024-09-10 10:59:12 --> ErrorException: Undefined variable $mounth
in APPPATH\Views\Admin\v_rekapData.php on line 115.
 1 APPPATH\Views\Admin\v_rekapData.php(115): CodeIgniter\Debug\Exceptions->errorHandler(2, 'Undefined variable $mounth', 'C:\\Absensi-Prakerin-\\app\\Views\\Admin\\v_rekapData.php', 115)
 2 SYSTEMPATH\View\View.php(228): include('C:\\Absensi-Prakerin-\\app\\Views\\Admin\\v_rekapData.php')
 3 SYSTEMPATH\View\View.php(231): CodeIgniter\View\View->CodeIgniter\View\{closure}()
 4 SYSTEMPATH\Common.php(1178): CodeIgniter\View\View->render('admin/v_rekapData', [], true)
 5 APPPATH\Controllers\Print\Pdf.php(88): view('admin/v_rekapData', [...])
 6 SYSTEMPATH\CodeIgniter.php(943): App\Controllers\Print\Pdf->generatePDF()
 7 SYSTEMPATH\CodeIgniter.php(503): CodeIgniter\CodeIgniter->runController(Object(App\Controllers\Print\Pdf))
 8 SYSTEMPATH\CodeIgniter.php(361): CodeIgniter\CodeIgniter->handleRequest(null, Object(Config\Cache), false)
 9 FCPATH\index.php(79): CodeIgniter\CodeIgniter->run()
10 SYSTEMPATH\Commands\Server\rewrite.php(47): require_once('C:\\Absensi-Prakerin-\\public\\index.php')
INFO - 2024-09-10 11:00:45 --> Session: Class initialized using 'CodeIgniter\Session\Handlers\FileHandler' driver.
INFO - 2024-09-10 11:07:25 --> Session: Class initialized using 'CodeIgniter\Session\Handlers\FileHandler' driver.
INFO - 2024-09-10 11:07:25 --> Session: Class initialized using 'CodeIgniter\Session\Handlers\FileHandler' driver.
INFO - 2024-09-10 11:07:38 --> Session: Class initialized using 'CodeIgniter\Session\Handlers\FileHandler' driver.
CRITICAL - 2024-09-10 11:10:12 --> Error: Call to undefined function 10 September 2024()
in APPPATH\Views\Admin\v_rekapData.php on line 115.
 1 SYSTEMPATH\View\View.php(228): include()
 2 SYSTEMPATH\View\View.php(231): CodeIgniter\View\View->CodeIgniter\View\{closure}()
 3 SYSTEMPATH\Common.php(1178): CodeIgniter\View\View->render('admin/v_rekapData', [], true)
 4 APPPATH\Controllers\Print\Pdf.php(88): view('admin/v_rekapData', [...])
 5 SYSTEMPATH\CodeIgniter.php(943): App\Controllers\Print\Pdf->generatePDF()
 6 SYSTEMPATH\CodeIgniter.php(503): CodeIgniter\CodeIgniter->runController(Object(App\Controllers\Print\Pdf))
 7 SYSTEMPATH\CodeIgniter.php(361): CodeIgniter\CodeIgniter->handleRequest(null, Object(Config\Cache), false)
 8 FCPATH\index.php(79): CodeIgniter\CodeIgniter->run()
 9 SYSTEMPATH\Commands\Server\rewrite.php(47): require_once('C:\\Absensi-Prakerin-\\public\\index.php')
CRITICAL - 2024-09-10 11:11:49 --> Error: Call to undefined function 10 September 2024()
in APPPATH\Views\Admin\v_rekapData.php on line 115.
 1 SYSTEMPATH\View\View.php(228): include()
 2 SYSTEMPATH\View\View.php(231): CodeIgniter\View\View->CodeIgniter\View\{closure}()
 3 SYSTEMPATH\Common.php(1178): CodeIgniter\View\View->render('admin/v_rekapData', [], true)
 4 APPPATH\Controllers\Print\Pdf.php(88): view('admin/v_rekapData', [...])
 5 SYSTEMPATH\CodeIgniter.php(943): App\Controllers\Print\Pdf->generatePDF()
 6 SYSTEMPATH\CodeIgniter.php(503): CodeIgniter\CodeIgniter->runController(Object(App\Controllers\Print\Pdf))
 7 SYSTEMPATH\CodeIgniter.php(361): CodeIgniter\CodeIgniter->handleRequest(null, Object(Config\Cache), false)
 8 FCPATH\index.php(79): CodeIgniter\CodeIgniter->run()
 9 SYSTEMPATH\Commands\Server\rewrite.php(47): require_once('C:\\Absensi-Prakerin-\\public\\index.php')
CRITICAL - 2024-09-10 11:11:56 --> Error: Call to undefined function 10 September 2024()
in APPPATH\Views\Admin\v_rekapData.php on line 115.
 1 SYSTEMPATH\View\View.php(228): include()
 2 SYSTEMPATH\View\View.php(231): CodeIgniter\View\View->CodeIgniter\View\{closure}()
 3 SYSTEMPATH\Common.php(1178): CodeIgniter\View\View->render('admin/v_rekapData', [], true)
 4 APPPATH\Controllers\Print\Pdf.php(88): view('admin/v_rekapData', [...])
 5 SYSTEMPATH\CodeIgniter.php(943): App\Controllers\Print\Pdf->generatePDF()
 6 SYSTEMPATH\CodeIgniter.php(503): CodeIgniter\CodeIgniter->runController(Object(App\Controllers\Print\Pdf))
 7 SYSTEMPATH\CodeIgniter.php(361): CodeIgniter\CodeIgniter->handleRequest(null, Object(Config\Cache), false)
 8 FCPATH\index.php(79): CodeIgniter\CodeIgniter->run()
 9 SYSTEMPATH\Commands\Server\rewrite.php(47): require_once('C:\\Absensi-Prakerin-\\public\\index.php')
CRITICAL - 2024-09-10 11:12:59 --> Error: Call to undefined function 10 September 2024()
in APPPATH\Views\Admin\v_rekapData.php on line 115.
 1 SYSTEMPATH\View\View.php(228): include()
 2 SYSTEMPATH\View\View.php(231): CodeIgniter\View\View->CodeIgniter\View\{closure}()
 3 SYSTEMPATH\Common.php(1178): CodeIgniter\View\View->render('admin/v_rekapData', [], true)
 4 APPPATH\Controllers\Print\Pdf.php(88): view('admin/v_rekapData', [...])
 5 SYSTEMPATH\CodeIgniter.php(943): App\Controllers\Print\Pdf->generatePDF()
 6 SYSTEMPATH\CodeIgniter.php(503): CodeIgniter\CodeIgniter->runController(Object(App\Controllers\Print\Pdf))
 7 SYSTEMPATH\CodeIgniter.php(361): CodeIgniter\CodeIgniter->handleRequest(null, Object(Config\Cache), false)
 8 FCPATH\index.php(79): CodeIgniter\CodeIgniter->run()
 9 SYSTEMPATH\Commands\Server\rewrite.php(47): require_once('C:\\Absensi-Prakerin-\\public\\index.php')
INFO - 2024-09-10 11:21:31 --> Session: Class initialized using 'CodeIgniter\Session\Handlers\FileHandler' driver.
