INFO - 2024-09-23 10:25:38 --> Session: Class initialized using 'CodeIgniter\Session\Handlers\FileHandler' driver.
INFO - 2024-09-23 10:25:42 --> Session: Class initialized using 'CodeIgniter\Session\Handlers\FileHandler' driver.
INFO - 2024-09-23 10:28:36 --> Session: Class initialized using 'CodeIgniter\Session\Handlers\FileHandler' driver.
INFO - 2024-09-23 10:28:44 --> Session: Class initialized using 'CodeIgniter\Session\Handlers\FileHandler' driver.
INFO - 2024-09-23 10:28:45 --> Session: Class initialized using 'CodeIgniter\Session\Handlers\FileHandler' driver.
INFO - 2024-09-23 10:28:57 --> Session: Class initialized using 'CodeIgniter\Session\Handlers\FileHandler' driver.
INFO - 2024-09-23 10:30:12 --> Session: Class initialized using 'CodeIgniter\Session\Handlers\FileHandler' driver.
INFO - 2024-09-23 10:40:42 --> Session: Class initialized using 'CodeIgniter\Session\Handlers\FileHandler' driver.
ERROR - 2024-09-23 10:40:48 --> Error connecting to the database: mysqli_sql_exception: No connection could be made because the target machine actively refused it in C:\Absensi-Prakerin-\vendor\codeigniter4\framework\system\Database\MySQLi\Connection.php:185
Stack trace:
#0 C:\Absensi-Prakerin-\vendor\codeigniter4\framework\system\Database\MySQLi\Connection.php(185): mysqli->real_connect('localhost', 'root', '', 'ci4', 3306, '', 0)
#1 C:\Absensi-Prakerin-\vendor\codeigniter4\framework\system\Database\BaseConnection.php(392): CodeIgniter\Database\MySQLi\Connection->connect(false)
#2 C:\Absensi-Prakerin-\vendor\codeigniter4\framework\system\Database\BaseConnection.php(575): CodeIgniter\Database\BaseConnection->initialize()
#3 C:\Absensi-Prakerin-\vendor\codeigniter4\framework\system\Database\BaseBuilder.php(1616): CodeIgniter\Database\BaseConnection->query('SELECT *\nFROM `...', Array, false)
#4 C:\Absensi-Prakerin-\vendor\codeigniter4\framework\system\Model.php(271): CodeIgniter\Database\BaseBuilder->get()
#5 C:\Absensi-Prakerin-\vendor\codeigniter4\framework\system\BaseModel.php(679): CodeIgniter\Model->doFirst()
#6 C:\Absensi-Prakerin-\app\Filters\NoAuthFilter.php(17): CodeIgniter\BaseModel->first()
#7 C:\Absensi-Prakerin-\vendor\codeigniter4\framework\system\Filters\Filters.php(184): App\Filters\NoAuthFilter->before(Object(CodeIgniter\HTTP\IncomingRequest), NULL)
#8 C:\Absensi-Prakerin-\vendor\codeigniter4\framework\system\CodeIgniter.php(475): CodeIgniter\Filters\Filters->run('', 'before')
#9 C:\Absensi-Prakerin-\vendor\codeigniter4\framework\system\CodeIgniter.php(361): CodeIgniter\CodeIgniter->handleRequest(NULL, Object(Config\Cache), false)
#10 C:\Absensi-Prakerin-\public\index.php(79): CodeIgniter\CodeIgniter->run()
#11 C:\Absensi-Prakerin-\vendor\codeigniter4\framework\system\Commands\Server\rewrite.php(47): require_once('C:\\Absensi-Prak...')
#12 {main}

Next CodeIgniter\Database\Exceptions\DatabaseException: No connection could be made because the target machine actively refused it in C:\Absensi-Prakerin-\vendor\codeigniter4\framework\system\Database\MySQLi\Connection.php:229
Stack trace:
#0 C:\Absensi-Prakerin-\vendor\codeigniter4\framework\system\Database\BaseConnection.php(392): CodeIgniter\Database\MySQLi\Connection->connect(false)
#1 C:\Absensi-Prakerin-\vendor\codeigniter4\framework\system\Database\BaseConnection.php(575): CodeIgniter\Database\BaseConnection->initialize()
#2 C:\Absensi-Prakerin-\vendor\codeigniter4\framework\system\Database\BaseBuilder.php(1616): CodeIgniter\Database\BaseConnection->query('SELECT *\nFROM `...', Array, false)
#3 C:\Absensi-Prakerin-\vendor\codeigniter4\framework\system\Model.php(271): CodeIgniter\Database\BaseBuilder->get()
#4 C:\Absensi-Prakerin-\vendor\codeigniter4\framework\system\BaseModel.php(679): CodeIgniter\Model->doFirst()
#5 C:\Absensi-Prakerin-\app\Filters\NoAuthFilter.php(17): CodeIgniter\BaseModel->first()
#6 C:\Absensi-Prakerin-\vendor\codeigniter4\framework\system\Filters\Filters.php(184): App\Filters\NoAuthFilter->before(Object(CodeIgniter\HTTP\IncomingRequest), NULL)
#7 C:\Absensi-Prakerin-\vendor\codeigniter4\framework\system\CodeIgniter.php(475): CodeIgniter\Filters\Filters->run('', 'before')
#8 C:\Absensi-Prakerin-\vendor\codeigniter4\framework\system\CodeIgniter.php(361): CodeIgniter\CodeIgniter->handleRequest(NULL, Object(Config\Cache), false)
#9 C:\Absensi-Prakerin-\public\index.php(79): CodeIgniter\CodeIgniter->run()
#10 C:\Absensi-Prakerin-\vendor\codeigniter4\framework\system\Commands\Server\rewrite.php(47): require_once('C:\\Absensi-Prak...')
#11 {main}
CRITICAL - 2024-09-23 10:40:48 --> CodeIgniter\Database\Exceptions\DatabaseException: Unable to connect to the database.
Main connection [MySQLi]: No connection could be made because the target machine actively refused it
in SYSTEMPATH\Database\BaseConnection.php on line 428.
 1 SYSTEMPATH\Database\BaseConnection.php(575): CodeIgniter\Database\BaseConnection->initialize()
 2 SYSTEMPATH\Database\BaseBuilder.php(1616): CodeIgniter\Database\BaseConnection->query('SELECT *
FROM `member`
WHERE `member_id` = :member_id:
 LIMIT 1', [...], false)
 3 SYSTEMPATH\Model.php(271): CodeIgniter\Database\BaseBuilder->get()
 4 SYSTEMPATH\BaseModel.php(679): CodeIgniter\Model->doFirst()
 5 APPPATH\Filters\NoAuthFilter.php(17): CodeIgniter\BaseModel->first()
 6 SYSTEMPATH\Filters\Filters.php(184): App\Filters\NoAuthFilter->before(Object(CodeIgniter\HTTP\IncomingRequest), null)
 7 SYSTEMPATH\CodeIgniter.php(475): CodeIgniter\Filters\Filters->run('', 'before')
 8 SYSTEMPATH\CodeIgniter.php(361): CodeIgniter\CodeIgniter->handleRequest(null, Object(Config\Cache), false)
 9 FCPATH\index.php(79): CodeIgniter\CodeIgniter->run()
10 SYSTEMPATH\Commands\Server\rewrite.php(47): require_once('C:\\Absensi-Prakerin-\\public\\index.php')
INFO - 2024-09-23 10:41:33 --> Session: Class initialized using 'CodeIgniter\Session\Handlers\FileHandler' driver.
INFO - 2024-09-23 10:41:37 --> Session: Class initialized using 'CodeIgniter\Session\Handlers\FileHandler' driver.
INFO - 2024-09-23 10:42:30 --> Session: Class initialized using 'CodeIgniter\Session\Handlers\FileHandler' driver.
INFO - 2024-09-23 10:43:14 --> Session: Class initialized using 'CodeIgniter\Session\Handlers\FileHandler' driver.
INFO - 2024-09-23 10:43:55 --> Session: Class initialized using 'CodeIgniter\Session\Handlers\FileHandler' driver.
INFO - 2024-09-23 10:43:58 --> Session: Class initialized using 'CodeIgniter\Session\Handlers\FileHandler' driver.
INFO - 2024-09-23 10:44:01 --> Session: Class initialized using 'CodeIgniter\Session\Handlers\FileHandler' driver.
INFO - 2024-09-23 10:44:03 --> Session: Class initialized using 'CodeIgniter\Session\Handlers\FileHandler' driver.
INFO - 2024-09-23 10:44:06 --> Session: Class initialized using 'CodeIgniter\Session\Handlers\FileHandler' driver.
INFO - 2024-09-23 10:44:09 --> Session: Class initialized using 'CodeIgniter\Session\Handlers\FileHandler' driver.
INFO - 2024-09-23 10:44:45 --> Session: Class initialized using 'CodeIgniter\Session\Handlers\FileHandler' driver.
INFO - 2024-09-23 10:50:39 --> Session: Class initialized using 'CodeIgniter\Session\Handlers\FileHandler' driver.
INFO - 2024-09-23 10:50:41 --> Session: Class initialized using 'CodeIgniter\Session\Handlers\FileHandler' driver.
INFO - 2024-09-23 10:50:53 --> Session: Class initialized using 'CodeIgniter\Session\Handlers\FileHandler' driver.
CRITICAL - 2024-09-23 10:51:01 --> ErrorException: Undefined variable $statusHari
in APPPATH\Views\Admin\v_rekapData.php on line 162.
 1 APPPATH\Views\Admin\v_rekapData.php(162): CodeIgniter\Debug\Exceptions->errorHandler(2, 'Undefined variable $statusHari', 'C:\\Absensi-Prakerin-\\app\\Views\\Admin\\v_rekapData.php', 162)
 2 SYSTEMPATH\View\View.php(228): include('C:\\Absensi-Prakerin-\\app\\Views\\Admin\\v_rekapData.php')
 3 SYSTEMPATH\View\View.php(231): CodeIgniter\View\View->CodeIgniter\View\{closure}()
 4 SYSTEMPATH\Common.php(1178): CodeIgniter\View\View->render('admin/v_rekapData', [], true)
 5 APPPATH\Controllers\Print\Pdf.php(88): view('admin/v_rekapData', [...])
 6 SYSTEMPATH\CodeIgniter.php(943): App\Controllers\Print\Pdf->generatePDF()
 7 SYSTEMPATH\CodeIgniter.php(503): CodeIgniter\CodeIgniter->runController(Object(App\Controllers\Print\Pdf))
 8 SYSTEMPATH\CodeIgniter.php(361): CodeIgniter\CodeIgniter->handleRequest(null, Object(Config\Cache), false)
 9 FCPATH\index.php(79): CodeIgniter\CodeIgniter->run()
10 SYSTEMPATH\Commands\Server\rewrite.php(47): require_once('C:\\Absensi-Prakerin-\\public\\index.php')
INFO - 2024-09-23 10:56:53 --> Session: Class initialized using 'CodeIgniter\Session\Handlers\FileHandler' driver.
INFO - 2024-09-23 11:19:04 --> Session: Class initialized using 'CodeIgniter\Session\Handlers\FileHandler' driver.
CRITICAL - 2024-09-23 11:19:13 --> ErrorException: Undefined variable $numDays
in APPPATH\Views\Admin\v_rekapData.php on line 125.
 1 APPPATH\Views\Admin\v_rekapData.php(125): CodeIgniter\Debug\Exceptions->errorHandler(2, 'Undefined variable $numDays', 'C:\\Absensi-Prakerin-\\app\\Views\\Admin\\v_rekapData.php', 125)
 2 SYSTEMPATH\View\View.php(228): include('C:\\Absensi-Prakerin-\\app\\Views\\Admin\\v_rekapData.php')
 3 SYSTEMPATH\View\View.php(231): CodeIgniter\View\View->CodeIgniter\View\{closure}()
 4 SYSTEMPATH\Common.php(1178): CodeIgniter\View\View->render('admin/v_rekapData', [], true)
 5 APPPATH\Controllers\Print\Pdf.php(90): view('admin/v_rekapData', [...])
 6 SYSTEMPATH\CodeIgniter.php(943): App\Controllers\Print\Pdf->generatePDF()
 7 SYSTEMPATH\CodeIgniter.php(503): CodeIgniter\CodeIgniter->runController(Object(App\Controllers\Print\Pdf))
 8 SYSTEMPATH\CodeIgniter.php(361): CodeIgniter\CodeIgniter->handleRequest(null, Object(Config\Cache), false)
 9 FCPATH\index.php(79): CodeIgniter\CodeIgniter->run()
10 SYSTEMPATH\Commands\Server\rewrite.php(47): require_once('C:\\Absensi-Prakerin-\\public\\index.php')
INFO - 2024-09-23 11:21:25 --> Session: Class initialized using 'CodeIgniter\Session\Handlers\FileHandler' driver.
CRITICAL - 2024-09-23 11:30:50 --> Error: Cannot use object of type App\Models\Absensi as array
in APPPATH\Views\Admin\v_rekapData.php on line 185.
 1 SYSTEMPATH\View\View.php(228): include()
 2 SYSTEMPATH\View\View.php(231): CodeIgniter\View\View->CodeIgniter\View\{closure}()
 3 SYSTEMPATH\Common.php(1178): CodeIgniter\View\View->render('admin/v_rekapData', [], true)
 4 APPPATH\Controllers\Print\Pdf.php(90): view('admin/v_rekapData', [...])
 5 SYSTEMPATH\CodeIgniter.php(943): App\Controllers\Print\Pdf->generatePDF()
 6 SYSTEMPATH\CodeIgniter.php(503): CodeIgniter\CodeIgniter->runController(Object(App\Controllers\Print\Pdf))
 7 SYSTEMPATH\CodeIgniter.php(361): CodeIgniter\CodeIgniter->handleRequest(null, Object(Config\Cache), false)
 8 FCPATH\index.php(79): CodeIgniter\CodeIgniter->run()
 9 SYSTEMPATH\Commands\Server\rewrite.php(47): require_once('C:\\Absensi-Prakerin-\\public\\index.php')
INFO - 2024-09-23 11:37:43 --> Session: Class initialized using 'CodeIgniter\Session\Handlers\FileHandler' driver.
CRITICAL - 2024-09-23 11:37:53 --> Error: Cannot use object of type App\Models\Absensi as array
in APPPATH\Views\Admin\v_rekapData.php on line 170.
 1 SYSTEMPATH\View\View.php(228): include()
 2 SYSTEMPATH\View\View.php(231): CodeIgniter\View\View->CodeIgniter\View\{closure}()
 3 SYSTEMPATH\Common.php(1178): CodeIgniter\View\View->render('admin/v_rekapData', [], true)
 4 APPPATH\Controllers\Print\Pdf.php(90): view('admin/v_rekapData', [...])
 5 SYSTEMPATH\CodeIgniter.php(943): App\Controllers\Print\Pdf->generatePDF()
 6 SYSTEMPATH\CodeIgniter.php(503): CodeIgniter\CodeIgniter->runController(Object(App\Controllers\Print\Pdf))
 7 SYSTEMPATH\CodeIgniter.php(361): CodeIgniter\CodeIgniter->handleRequest(null, Object(Config\Cache), false)
 8 FCPATH\index.php(79): CodeIgniter\CodeIgniter->run()
 9 SYSTEMPATH\Commands\Server\rewrite.php(47): require_once('C:\\Absensi-Prakerin-\\public\\index.php')
INFO - 2024-09-23 11:38:49 --> Session: Class initialized using 'CodeIgniter\Session\Handlers\FileHandler' driver.
INFO - 2024-09-23 11:57:44 --> Session: Class initialized using 'CodeIgniter\Session\Handlers\FileHandler' driver.
INFO - 2024-09-23 11:57:51 --> Session: Class initialized using 'CodeIgniter\Session\Handlers\FileHandler' driver.
INFO - 2024-09-23 11:58:02 --> Session: Class initialized using 'CodeIgniter\Session\Handlers\FileHandler' driver.
INFO - 2024-09-23 12:14:14 --> Session: Class initialized using 'CodeIgniter\Session\Handlers\FileHandler' driver.
INFO - 2024-09-23 12:14:24 --> Session: Class initialized using 'CodeIgniter\Session\Handlers\FileHandler' driver.
INFO - 2024-09-23 12:14:42 --> Session: Class initialized using 'CodeIgniter\Session\Handlers\FileHandler' driver.
INFO - 2024-09-23 13:16:45 --> Session: Class initialized using 'CodeIgniter\Session\Handlers\FileHandler' driver.
INFO - 2024-09-23 13:17:09 --> Session: Class initialized using 'CodeIgniter\Session\Handlers\FileHandler' driver.
INFO - 2024-09-23 22:28:26 --> Session: Class initialized using 'CodeIgniter\Session\Handlers\FileHandler' driver.
INFO - 2024-09-23 22:28:41 --> Session: Class initialized using 'CodeIgniter\Session\Handlers\FileHandler' driver.
INFO - 2024-09-23 22:28:43 --> Session: Class initialized using 'CodeIgniter\Session\Handlers\FileHandler' driver.
INFO - 2024-09-23 22:28:59 --> Session: Class initialized using 'CodeIgniter\Session\Handlers\FileHandler' driver.
CRITICAL - 2024-09-23 22:38:44 --> ErrorException: Undefined variable $numDays
in APPPATH\Views\Admin\v_rekapData.php on line 140.
 1 APPPATH\Views\Admin\v_rekapData.php(140): CodeIgniter\Debug\Exceptions->errorHandler(2, 'Undefined variable $numDays', 'C:\\Absensi-Prakerin-\\app\\Views\\Admin\\v_rekapData.php', 140)
 2 SYSTEMPATH\View\View.php(228): include('C:\\Absensi-Prakerin-\\app\\Views\\Admin\\v_rekapData.php')
 3 SYSTEMPATH\View\View.php(231): CodeIgniter\View\View->CodeIgniter\View\{closure}()
 4 SYSTEMPATH\Common.php(1178): CodeIgniter\View\View->render('admin/v_rekapData', [], true)
 5 APPPATH\Controllers\Print\Pdf.php(90): view('admin/v_rekapData', [...])
 6 SYSTEMPATH\CodeIgniter.php(943): App\Controllers\Print\Pdf->generatePDF()
 7 SYSTEMPATH\CodeIgniter.php(503): CodeIgniter\CodeIgniter->runController(Object(App\Controllers\Print\Pdf))
 8 SYSTEMPATH\CodeIgniter.php(361): CodeIgniter\CodeIgniter->handleRequest(null, Object(Config\Cache), false)
 9 FCPATH\index.php(79): CodeIgniter\CodeIgniter->run()
10 SYSTEMPATH\Commands\Server\rewrite.php(47): require_once('C:\\Absensi-Prakerin-\\public\\index.php')
INFO - 2024-09-23 22:41:17 --> Session: Class initialized using 'CodeIgniter\Session\Handlers\FileHandler' driver.
INFO - 2024-09-23 23:00:31 --> Session: Class initialized using 'CodeIgniter\Session\Handlers\FileHandler' driver.
CRITICAL - 2024-09-23 23:00:40 --> ParseError: syntax error, unexpected token "."
in APPPATH\Views\Admin\v_rekapData.php on line 164.
 1 SYSTEMPATH\View\View.php(231): CodeIgniter\View\View->CodeIgniter\View\{closure}()
 2 SYSTEMPATH\Common.php(1178): CodeIgniter\View\View->render('admin/v_rekapData', [], true)
 3 APPPATH\Controllers\Print\Pdf.php(90): view('admin/v_rekapData', [...])
 4 SYSTEMPATH\CodeIgniter.php(943): App\Controllers\Print\Pdf->generatePDF()
 5 SYSTEMPATH\CodeIgniter.php(503): CodeIgniter\CodeIgniter->runController(Object(App\Controllers\Print\Pdf))
 6 SYSTEMPATH\CodeIgniter.php(361): CodeIgniter\CodeIgniter->handleRequest(null, Object(Config\Cache), false)
 7 FCPATH\index.php(79): CodeIgniter\CodeIgniter->run()
 8 SYSTEMPATH\Commands\Server\rewrite.php(47): require_once('C:\\Absensi-Prakerin-\\public\\index.php')
INFO - 2024-09-23 23:02:41 --> Session: Class initialized using 'CodeIgniter\Session\Handlers\FileHandler' driver.
CRITICAL - 2024-09-23 23:02:47 --> TypeError: Unsupported operand types: string - string
in APPPATH\Views\Admin\v_rekapData.php on line 164.
 1 SYSTEMPATH\View\View.php(228): include()
 2 SYSTEMPATH\View\View.php(231): CodeIgniter\View\View->CodeIgniter\View\{closure}()
 3 SYSTEMPATH\Common.php(1178): CodeIgniter\View\View->render('admin/v_rekapData', [], true)
 4 APPPATH\Controllers\Print\Pdf.php(90): view('admin/v_rekapData', [...])
 5 SYSTEMPATH\CodeIgniter.php(943): App\Controllers\Print\Pdf->generatePDF()
 6 SYSTEMPATH\CodeIgniter.php(503): CodeIgniter\CodeIgniter->runController(Object(App\Controllers\Print\Pdf))
 7 SYSTEMPATH\CodeIgniter.php(361): CodeIgniter\CodeIgniter->handleRequest(null, Object(Config\Cache), false)
 8 FCPATH\index.php(79): CodeIgniter\CodeIgniter->run()
 9 SYSTEMPATH\Commands\Server\rewrite.php(47): require_once('C:\\Absensi-Prakerin-\\public\\index.php')
INFO - 2024-09-23 23:03:37 --> Session: Class initialized using 'CodeIgniter\Session\Handlers\FileHandler' driver.
CRITICAL - 2024-09-23 23:03:43 --> Error: Cannot use object of type App\Models\Absensi as array
in APPPATH\Views\Admin\v_rekapData.php on line 156.
 1 SYSTEMPATH\View\View.php(228): include()
 2 SYSTEMPATH\View\View.php(231): CodeIgniter\View\View->CodeIgniter\View\{closure}()
 3 SYSTEMPATH\Common.php(1178): CodeIgniter\View\View->render('admin/v_rekapData', [], true)
 4 APPPATH\Controllers\Print\Pdf.php(90): view('admin/v_rekapData', [...])
 5 SYSTEMPATH\CodeIgniter.php(943): App\Controllers\Print\Pdf->generatePDF()
 6 SYSTEMPATH\CodeIgniter.php(503): CodeIgniter\CodeIgniter->runController(Object(App\Controllers\Print\Pdf))
 7 SYSTEMPATH\CodeIgniter.php(361): CodeIgniter\CodeIgniter->handleRequest(null, Object(Config\Cache), false)
 8 FCPATH\index.php(79): CodeIgniter\CodeIgniter->run()
 9 SYSTEMPATH\Commands\Server\rewrite.php(47): require_once('C:\\Absensi-Prakerin-\\public\\index.php')
INFO - 2024-09-23 23:05:45 --> Session: Class initialized using 'CodeIgniter\Session\Handlers\FileHandler' driver.
CRITICAL - 2024-09-23 23:05:51 --> TypeError: Unsupported operand types: string - string
in APPPATH\Views\Admin\v_rekapData.php on line 164.
 1 SYSTEMPATH\View\View.php(228): include()
 2 SYSTEMPATH\View\View.php(231): CodeIgniter\View\View->CodeIgniter\View\{closure}()
 3 SYSTEMPATH\Common.php(1178): CodeIgniter\View\View->render('admin/v_rekapData', [], true)
 4 APPPATH\Controllers\Print\Pdf.php(90): view('admin/v_rekapData', [...])
 5 SYSTEMPATH\CodeIgniter.php(943): App\Controllers\Print\Pdf->generatePDF()
 6 SYSTEMPATH\CodeIgniter.php(503): CodeIgniter\CodeIgniter->runController(Object(App\Controllers\Print\Pdf))
 7 SYSTEMPATH\CodeIgniter.php(361): CodeIgniter\CodeIgniter->handleRequest(null, Object(Config\Cache), false)
 8 FCPATH\index.php(79): CodeIgniter\CodeIgniter->run()
 9 SYSTEMPATH\Commands\Server\rewrite.php(47): require_once('C:\\Absensi-Prakerin-\\public\\index.php')
INFO - 2024-09-23 23:12:13 --> Session: Class initialized using 'CodeIgniter\Session\Handlers\FileHandler' driver.
CRITICAL - 2024-09-23 23:12:21 --> TypeError: Unsupported operand types: string - string
in APPPATH\Views\Admin\v_rekapData.php on line 164.
 1 SYSTEMPATH\View\View.php(228): include()
 2 SYSTEMPATH\View\View.php(231): CodeIgniter\View\View->CodeIgniter\View\{closure}()
 3 SYSTEMPATH\Common.php(1178): CodeIgniter\View\View->render('admin/v_rekapData', [], true)
 4 APPPATH\Controllers\Print\Pdf.php(90): view('admin/v_rekapData', [...])
 5 SYSTEMPATH\CodeIgniter.php(943): App\Controllers\Print\Pdf->generatePDF()
 6 SYSTEMPATH\CodeIgniter.php(503): CodeIgniter\CodeIgniter->runController(Object(App\Controllers\Print\Pdf))
 7 SYSTEMPATH\CodeIgniter.php(361): CodeIgniter\CodeIgniter->handleRequest(null, Object(Config\Cache), false)
 8 FCPATH\index.php(79): CodeIgniter\CodeIgniter->run()
 9 SYSTEMPATH\Commands\Server\rewrite.php(47): require_once('C:\\Absensi-Prakerin-\\public\\index.php')
INFO - 2024-09-23 23:12:58 --> Session: Class initialized using 'CodeIgniter\Session\Handlers\FileHandler' driver.
