INFO - 2024-09-16 10:53:24 --> Session: Class initialized using 'CodeIgniter\Session\Handlers\FileHandler' driver.
ERROR - 2024-09-16 10:53:33 --> mysqli_sql_exception: MySQL server has gone away in C:\Absensi-Prakerin-\vendor\codeigniter4\framework\system\Database\MySQLi\Connection.php:306
Stack trace:
#0 C:\Absensi-Prakerin-\vendor\codeigniter4\framework\system\Database\MySQLi\Connection.php(306): mysqli->query('SELECT *\nFROM `...', 0)
#1 C:\Absensi-Prakerin-\vendor\codeigniter4\framework\system\Database\BaseConnection.php(693): CodeIgniter\Database\MySQLi\Connection->execute('SELECT *\nFROM `...')
#2 C:\Absensi-Prakerin-\vendor\codeigniter4\framework\system\Database\BaseConnection.php(607): CodeIgniter\Database\BaseConnection->simpleQuery('SELECT *\nFROM `...')
#3 C:\Absensi-Prakerin-\vendor\codeigniter4\framework\system\Database\BaseBuilder.php(1616): CodeIgniter\Database\BaseConnection->query('SELECT *\nFROM `...', Array, false)
#4 C:\Absensi-Prakerin-\vendor\codeigniter4\framework\system\Model.php(271): CodeIgniter\Database\BaseBuilder->get()
#5 C:\Absensi-Prakerin-\vendor\codeigniter4\framework\system\BaseModel.php(679): CodeIgniter\Model->doFirst()
#6 C:\Absensi-Prakerin-\app\Filters\NoAuthFilter.php(17): CodeIgniter\BaseModel->first()
#7 C:\Absensi-Prakerin-\vendor\codeigniter4\framework\system\Filters\Filters.php(184): App\Filters\NoAuthFilter->before(Object(CodeIgniter\HTTP\IncomingRequest), NULL)
#8 C:\Absensi-Prakerin-\vendor\codeigniter4\framework\system\CodeIgniter.php(475): CodeIgniter\Filters\Filters->run('', 'before')
#9 C:\Absensi-Prakerin-\vendor\codeigniter4\framework\system\CodeIgniter.php(361): CodeIgniter\CodeIgniter->handleRequest(NULL, Object(Config\Cache), false)
#10 C:\Absensi-Prakerin-\public\index.php(79): CodeIgniter\CodeIgniter->run()
#11 C:\Absensi-Prakerin-\vendor\codeigniter4\framework\system\Commands\Server\rewrite.php(47): require_once('C:\\Absensi-Prak...')
#12 {main}
CRITICAL - 2024-09-16 10:53:33 --> CodeIgniter\Database\Exceptions\DatabaseException: MySQL server has gone away
in SYSTEMPATH\Database\BaseConnection.php on line 647.
 1 SYSTEMPATH\Database\BaseBuilder.php(1616): CodeIgniter\Database\BaseConnection->query('SELECT *
FROM `member`
WHERE `member_id` IS NULL
 LIMIT 1', [], false)
 2 SYSTEMPATH\Model.php(271): CodeIgniter\Database\BaseBuilder->get()
 3 SYSTEMPATH\BaseModel.php(679): CodeIgniter\Model->doFirst()
 4 APPPATH\Filters\NoAuthFilter.php(17): CodeIgniter\BaseModel->first()
 5 SYSTEMPATH\Filters\Filters.php(184): App\Filters\NoAuthFilter->before(Object(CodeIgniter\HTTP\IncomingRequest), null)
 6 SYSTEMPATH\CodeIgniter.php(475): CodeIgniter\Filters\Filters->run('', 'before')
 7 SYSTEMPATH\CodeIgniter.php(361): CodeIgniter\CodeIgniter->handleRequest(null, Object(Config\Cache), false)
 8 FCPATH\index.php(79): CodeIgniter\CodeIgniter->run()
 9 SYSTEMPATH\Commands\Server\rewrite.php(47): require_once('C:\\Absensi-Prakerin-\\public\\index.php')
CRITICAL - 2024-09-16 10:53:33 --> [Caused by] CodeIgniter\Database\Exceptions\DatabaseException: MySQL server has gone away
in SYSTEMPATH\Database\MySQLi\Connection.php on line 311.
 1 SYSTEMPATH\Database\BaseConnection.php(693): CodeIgniter\Database\MySQLi\Connection->execute('SELECT *
FROM `member`
WHERE `member_id` IS NULL
 LIMIT 1')
 2 SYSTEMPATH\Database\BaseConnection.php(607): CodeIgniter\Database\BaseConnection->simpleQuery('SELECT *
FROM `member`
WHERE `member_id` IS NULL
 LIMIT 1')
 3 SYSTEMPATH\Database\BaseBuilder.php(1616): CodeIgniter\Database\BaseConnection->query('SELECT *
FROM `member`
WHERE `member_id` IS NULL
 LIMIT 1', [], false)
 4 SYSTEMPATH\Model.php(271): CodeIgniter\Database\BaseBuilder->get()
 5 SYSTEMPATH\BaseModel.php(679): CodeIgniter\Model->doFirst()
 6 APPPATH\Filters\NoAuthFilter.php(17): CodeIgniter\BaseModel->first()
 7 SYSTEMPATH\Filters\Filters.php(184): App\Filters\NoAuthFilter->before(Object(CodeIgniter\HTTP\IncomingRequest), null)
 8 SYSTEMPATH\CodeIgniter.php(475): CodeIgniter\Filters\Filters->run('', 'before')
 9 SYSTEMPATH\CodeIgniter.php(361): CodeIgniter\CodeIgniter->handleRequest(null, Object(Config\Cache), false)
10 FCPATH\index.php(79): CodeIgniter\CodeIgniter->run()
11 SYSTEMPATH\Commands\Server\rewrite.php(47): require_once('C:\\Absensi-Prakerin-\\public\\index.php')
CRITICAL - 2024-09-16 10:53:33 --> [Caused by] mysqli_sql_exception: MySQL server has gone away
in SYSTEMPATH\Database\MySQLi\Connection.php on line 306.
 1 SYSTEMPATH\Database\MySQLi\Connection.php(306): mysqli->query('SELECT *
FROM `member`
WHERE `member_id` IS NULL
 LIMIT 1', 0)
 2 SYSTEMPATH\Database\BaseConnection.php(693): CodeIgniter\Database\MySQLi\Connection->execute('SELECT *
FROM `member`
WHERE `member_id` IS NULL
 LIMIT 1')
 3 SYSTEMPATH\Database\BaseConnection.php(607): CodeIgniter\Database\BaseConnection->simpleQuery('SELECT *
FROM `member`
WHERE `member_id` IS NULL
 LIMIT 1')
 4 SYSTEMPATH\Database\BaseBuilder.php(1616): CodeIgniter\Database\BaseConnection->query('SELECT *
FROM `member`
WHERE `member_id` IS NULL
 LIMIT 1', [], false)
 5 SYSTEMPATH\Model.php(271): CodeIgniter\Database\BaseBuilder->get()
 6 SYSTEMPATH\BaseModel.php(679): CodeIgniter\Model->doFirst()
 7 APPPATH\Filters\NoAuthFilter.php(17): CodeIgniter\BaseModel->first()
 8 SYSTEMPATH\Filters\Filters.php(184): App\Filters\NoAuthFilter->before(Object(CodeIgniter\HTTP\IncomingRequest), null)
 9 SYSTEMPATH\CodeIgniter.php(475): CodeIgniter\Filters\Filters->run('', 'before')
10 SYSTEMPATH\CodeIgniter.php(361): CodeIgniter\CodeIgniter->handleRequest(null, Object(Config\Cache), false)
11 FCPATH\index.php(79): CodeIgniter\CodeIgniter->run()
12 SYSTEMPATH\Commands\Server\rewrite.php(47): require_once('C:\\Absensi-Prakerin-\\public\\index.php')
INFO - 2024-09-16 10:55:32 --> Session: Class initialized using 'CodeIgniter\Session\Handlers\FileHandler' driver.
ERROR - 2024-09-16 10:55:36 --> Error connecting to the database: mysqli_sql_exception: No connection could be made because the target machine actively refused it in C:\Absensi-Prakerin-\vendor\codeigniter4\framework\system\Database\MySQLi\Connection.php:185
Stack trace:
#0 C:\Absensi-Prakerin-\vendor\codeigniter4\framework\system\Database\MySQLi\Connection.php(185): mysqli->real_connect('localhost', 'root', '', 'ci4', 3306, '', 0)
#1 C:\Absensi-Prakerin-\vendor\codeigniter4\framework\system\Database\BaseConnection.php(392): CodeIgniter\Database\MySQLi\Connection->connect(false)
#2 C:\Absensi-Prakerin-\vendor\codeigniter4\framework\system\Database\BaseConnection.php(575): CodeIgniter\Database\BaseConnection->initialize()
#3 C:\Absensi-Prakerin-\vendor\codeigniter4\framework\system\Database\BaseBuilder.php(1616): CodeIgniter\Database\BaseConnection->query('SELECT *\nFROM `...', Array, false)
#4 C:\Absensi-Prakerin-\vendor\codeigniter4\framework\system\Model.php(271): CodeIgniter\Database\BaseBuilder->get()
#5 C:\Absensi-Prakerin-\vendor\codeigniter4\framework\system\BaseModel.php(679): CodeIgniter\Model->doFirst()
#6 C:\Absensi-Prakerin-\app\Filters\NoAuthFilter.php(17): CodeIgniter\BaseModel->first()
#7 C:\Absensi-Prakerin-\vendor\codeigniter4\framework\system\Filters\Filters.php(184): App\Filters\NoAuthFilter->before(Object(CodeIgniter\HTTP\IncomingRequest), NULL)
#8 C:\Absensi-Prakerin-\vendor\codeigniter4\framework\system\CodeIgniter.php(475): CodeIgniter\Filters\Filters->run('', 'before')
#9 C:\Absensi-Prakerin-\vendor\codeigniter4\framework\system\CodeIgniter.php(361): CodeIgniter\CodeIgniter->handleRequest(NULL, Object(Config\Cache), false)
#10 C:\Absensi-Prakerin-\public\index.php(79): CodeIgniter\CodeIgniter->run()
#11 C:\Absensi-Prakerin-\vendor\codeigniter4\framework\system\Commands\Server\rewrite.php(47): require_once('C:\\Absensi-Prak...')
#12 {main}

Next CodeIgniter\Database\Exceptions\DatabaseException: No connection could be made because the target machine actively refused it in C:\Absensi-Prakerin-\vendor\codeigniter4\framework\system\Database\MySQLi\Connection.php:229
Stack trace:
#0 C:\Absensi-Prakerin-\vendor\codeigniter4\framework\system\Database\BaseConnection.php(392): CodeIgniter\Database\MySQLi\Connection->connect(false)
#1 C:\Absensi-Prakerin-\vendor\codeigniter4\framework\system\Database\BaseConnection.php(575): CodeIgniter\Database\BaseConnection->initialize()
#2 C:\Absensi-Prakerin-\vendor\codeigniter4\framework\system\Database\BaseBuilder.php(1616): CodeIgniter\Database\BaseConnection->query('SELECT *\nFROM `...', Array, false)
#3 C:\Absensi-Prakerin-\vendor\codeigniter4\framework\system\Model.php(271): CodeIgniter\Database\BaseBuilder->get()
#4 C:\Absensi-Prakerin-\vendor\codeigniter4\framework\system\BaseModel.php(679): CodeIgniter\Model->doFirst()
#5 C:\Absensi-Prakerin-\app\Filters\NoAuthFilter.php(17): CodeIgniter\BaseModel->first()
#6 C:\Absensi-Prakerin-\vendor\codeigniter4\framework\system\Filters\Filters.php(184): App\Filters\NoAuthFilter->before(Object(CodeIgniter\HTTP\IncomingRequest), NULL)
#7 C:\Absensi-Prakerin-\vendor\codeigniter4\framework\system\CodeIgniter.php(475): CodeIgniter\Filters\Filters->run('', 'before')
#8 C:\Absensi-Prakerin-\vendor\codeigniter4\framework\system\CodeIgniter.php(361): CodeIgniter\CodeIgniter->handleRequest(NULL, Object(Config\Cache), false)
#9 C:\Absensi-Prakerin-\public\index.php(79): CodeIgniter\CodeIgniter->run()
#10 C:\Absensi-Prakerin-\vendor\codeigniter4\framework\system\Commands\Server\rewrite.php(47): require_once('C:\\Absensi-Prak...')
#11 {main}
CRITICAL - 2024-09-16 10:55:36 --> CodeIgniter\Database\Exceptions\DatabaseException: Unable to connect to the database.
Main connection [MySQLi]: No connection could be made because the target machine actively refused it
in SYSTEMPATH\Database\BaseConnection.php on line 428.
 1 SYSTEMPATH\Database\BaseConnection.php(575): CodeIgniter\Database\BaseConnection->initialize()
 2 SYSTEMPATH\Database\BaseBuilder.php(1616): CodeIgniter\Database\BaseConnection->query('SELECT *
FROM `member`
WHERE `member_id` IS NULL
 LIMIT 1', [], false)
 3 SYSTEMPATH\Model.php(271): CodeIgniter\Database\BaseBuilder->get()
 4 SYSTEMPATH\BaseModel.php(679): CodeIgniter\Model->doFirst()
 5 APPPATH\Filters\NoAuthFilter.php(17): CodeIgniter\BaseModel->first()
 6 SYSTEMPATH\Filters\Filters.php(184): App\Filters\NoAuthFilter->before(Object(CodeIgniter\HTTP\IncomingRequest), null)
 7 SYSTEMPATH\CodeIgniter.php(475): CodeIgniter\Filters\Filters->run('', 'before')
 8 SYSTEMPATH\CodeIgniter.php(361): CodeIgniter\CodeIgniter->handleRequest(null, Object(Config\Cache), false)
 9 FCPATH\index.php(79): CodeIgniter\CodeIgniter->run()
10 SYSTEMPATH\Commands\Server\rewrite.php(47): require_once('C:\\Absensi-Prakerin-\\public\\index.php')
INFO - 2024-09-16 10:57:17 --> Session: Class initialized using 'CodeIgniter\Session\Handlers\FileHandler' driver.
ERROR - 2024-09-16 10:57:21 --> Error connecting to the database: mysqli_sql_exception: No connection could be made because the target machine actively refused it in C:\Absensi-Prakerin-\vendor\codeigniter4\framework\system\Database\MySQLi\Connection.php:185
Stack trace:
#0 C:\Absensi-Prakerin-\vendor\codeigniter4\framework\system\Database\MySQLi\Connection.php(185): mysqli->real_connect('localhost', 'root', '', 'ci4', 3306, '', 0)
#1 C:\Absensi-Prakerin-\vendor\codeigniter4\framework\system\Database\BaseConnection.php(392): CodeIgniter\Database\MySQLi\Connection->connect(false)
#2 C:\Absensi-Prakerin-\vendor\codeigniter4\framework\system\Database\BaseConnection.php(575): CodeIgniter\Database\BaseConnection->initialize()
#3 C:\Absensi-Prakerin-\vendor\codeigniter4\framework\system\Database\BaseBuilder.php(1616): CodeIgniter\Database\BaseConnection->query('SELECT *\nFROM `...', Array, false)
#4 C:\Absensi-Prakerin-\vendor\codeigniter4\framework\system\Model.php(271): CodeIgniter\Database\BaseBuilder->get()
#5 C:\Absensi-Prakerin-\vendor\codeigniter4\framework\system\BaseModel.php(679): CodeIgniter\Model->doFirst()
#6 C:\Absensi-Prakerin-\app\Filters\NoAuthFilter.php(17): CodeIgniter\BaseModel->first()
#7 C:\Absensi-Prakerin-\vendor\codeigniter4\framework\system\Filters\Filters.php(184): App\Filters\NoAuthFilter->before(Object(CodeIgniter\HTTP\IncomingRequest), NULL)
#8 C:\Absensi-Prakerin-\vendor\codeigniter4\framework\system\CodeIgniter.php(475): CodeIgniter\Filters\Filters->run('', 'before')
#9 C:\Absensi-Prakerin-\vendor\codeigniter4\framework\system\CodeIgniter.php(361): CodeIgniter\CodeIgniter->handleRequest(NULL, Object(Config\Cache), false)
#10 C:\Absensi-Prakerin-\public\index.php(79): CodeIgniter\CodeIgniter->run()
#11 C:\Absensi-Prakerin-\vendor\codeigniter4\framework\system\Commands\Server\rewrite.php(47): require_once('C:\\Absensi-Prak...')
#12 {main}

Next CodeIgniter\Database\Exceptions\DatabaseException: No connection could be made because the target machine actively refused it in C:\Absensi-Prakerin-\vendor\codeigniter4\framework\system\Database\MySQLi\Connection.php:229
Stack trace:
#0 C:\Absensi-Prakerin-\vendor\codeigniter4\framework\system\Database\BaseConnection.php(392): CodeIgniter\Database\MySQLi\Connection->connect(false)
#1 C:\Absensi-Prakerin-\vendor\codeigniter4\framework\system\Database\BaseConnection.php(575): CodeIgniter\Database\BaseConnection->initialize()
#2 C:\Absensi-Prakerin-\vendor\codeigniter4\framework\system\Database\BaseBuilder.php(1616): CodeIgniter\Database\BaseConnection->query('SELECT *\nFROM `...', Array, false)
#3 C:\Absensi-Prakerin-\vendor\codeigniter4\framework\system\Model.php(271): CodeIgniter\Database\BaseBuilder->get()
#4 C:\Absensi-Prakerin-\vendor\codeigniter4\framework\system\BaseModel.php(679): CodeIgniter\Model->doFirst()
#5 C:\Absensi-Prakerin-\app\Filters\NoAuthFilter.php(17): CodeIgniter\BaseModel->first()
#6 C:\Absensi-Prakerin-\vendor\codeigniter4\framework\system\Filters\Filters.php(184): App\Filters\NoAuthFilter->before(Object(CodeIgniter\HTTP\IncomingRequest), NULL)
#7 C:\Absensi-Prakerin-\vendor\codeigniter4\framework\system\CodeIgniter.php(475): CodeIgniter\Filters\Filters->run('', 'before')
#8 C:\Absensi-Prakerin-\vendor\codeigniter4\framework\system\CodeIgniter.php(361): CodeIgniter\CodeIgniter->handleRequest(NULL, Object(Config\Cache), false)
#9 C:\Absensi-Prakerin-\public\index.php(79): CodeIgniter\CodeIgniter->run()
#10 C:\Absensi-Prakerin-\vendor\codeigniter4\framework\system\Commands\Server\rewrite.php(47): require_once('C:\\Absensi-Prak...')
#11 {main}
CRITICAL - 2024-09-16 10:57:21 --> CodeIgniter\Database\Exceptions\DatabaseException: Unable to connect to the database.
Main connection [MySQLi]: No connection could be made because the target machine actively refused it
in SYSTEMPATH\Database\BaseConnection.php on line 428.
 1 SYSTEMPATH\Database\BaseConnection.php(575): CodeIgniter\Database\BaseConnection->initialize()
 2 SYSTEMPATH\Database\BaseBuilder.php(1616): CodeIgniter\Database\BaseConnection->query('SELECT *
FROM `member`
WHERE `member_id` IS NULL
 LIMIT 1', [], false)
 3 SYSTEMPATH\Model.php(271): CodeIgniter\Database\BaseBuilder->get()
 4 SYSTEMPATH\BaseModel.php(679): CodeIgniter\Model->doFirst()
 5 APPPATH\Filters\NoAuthFilter.php(17): CodeIgniter\BaseModel->first()
 6 SYSTEMPATH\Filters\Filters.php(184): App\Filters\NoAuthFilter->before(Object(CodeIgniter\HTTP\IncomingRequest), null)
 7 SYSTEMPATH\CodeIgniter.php(475): CodeIgniter\Filters\Filters->run('', 'before')
 8 SYSTEMPATH\CodeIgniter.php(361): CodeIgniter\CodeIgniter->handleRequest(null, Object(Config\Cache), false)
 9 FCPATH\index.php(79): CodeIgniter\CodeIgniter->run()
10 SYSTEMPATH\Commands\Server\rewrite.php(47): require_once('C:\\Absensi-Prakerin-\\public\\index.php')
INFO - 2024-09-16 10:58:17 --> Session: Class initialized using 'CodeIgniter\Session\Handlers\FileHandler' driver.
ERROR - 2024-09-16 10:58:21 --> Error connecting to the database: mysqli_sql_exception: No connection could be made because the target machine actively refused it in C:\Absensi-Prakerin-\vendor\codeigniter4\framework\system\Database\MySQLi\Connection.php:185
Stack trace:
#0 C:\Absensi-Prakerin-\vendor\codeigniter4\framework\system\Database\MySQLi\Connection.php(185): mysqli->real_connect('localhost', 'root', '', 'ci4', 3306, '', 0)
#1 C:\Absensi-Prakerin-\vendor\codeigniter4\framework\system\Database\BaseConnection.php(392): CodeIgniter\Database\MySQLi\Connection->connect(false)
#2 C:\Absensi-Prakerin-\vendor\codeigniter4\framework\system\Database\BaseConnection.php(575): CodeIgniter\Database\BaseConnection->initialize()
#3 C:\Absensi-Prakerin-\vendor\codeigniter4\framework\system\Database\BaseBuilder.php(1616): CodeIgniter\Database\BaseConnection->query('SELECT *\nFROM `...', Array, false)
#4 C:\Absensi-Prakerin-\vendor\codeigniter4\framework\system\Model.php(271): CodeIgniter\Database\BaseBuilder->get()
#5 C:\Absensi-Prakerin-\vendor\codeigniter4\framework\system\BaseModel.php(679): CodeIgniter\Model->doFirst()
#6 C:\Absensi-Prakerin-\app\Filters\NoAuthFilter.php(17): CodeIgniter\BaseModel->first()
#7 C:\Absensi-Prakerin-\vendor\codeigniter4\framework\system\Filters\Filters.php(184): App\Filters\NoAuthFilter->before(Object(CodeIgniter\HTTP\IncomingRequest), NULL)
#8 C:\Absensi-Prakerin-\vendor\codeigniter4\framework\system\CodeIgniter.php(475): CodeIgniter\Filters\Filters->run('', 'before')
#9 C:\Absensi-Prakerin-\vendor\codeigniter4\framework\system\CodeIgniter.php(361): CodeIgniter\CodeIgniter->handleRequest(NULL, Object(Config\Cache), false)
#10 C:\Absensi-Prakerin-\public\index.php(79): CodeIgniter\CodeIgniter->run()
#11 C:\Absensi-Prakerin-\vendor\codeigniter4\framework\system\Commands\Server\rewrite.php(47): require_once('C:\\Absensi-Prak...')
#12 {main}

Next CodeIgniter\Database\Exceptions\DatabaseException: No connection could be made because the target machine actively refused it in C:\Absensi-Prakerin-\vendor\codeigniter4\framework\system\Database\MySQLi\Connection.php:229
Stack trace:
#0 C:\Absensi-Prakerin-\vendor\codeigniter4\framework\system\Database\BaseConnection.php(392): CodeIgniter\Database\MySQLi\Connection->connect(false)
#1 C:\Absensi-Prakerin-\vendor\codeigniter4\framework\system\Database\BaseConnection.php(575): CodeIgniter\Database\BaseConnection->initialize()
#2 C:\Absensi-Prakerin-\vendor\codeigniter4\framework\system\Database\BaseBuilder.php(1616): CodeIgniter\Database\BaseConnection->query('SELECT *\nFROM `...', Array, false)
#3 C:\Absensi-Prakerin-\vendor\codeigniter4\framework\system\Model.php(271): CodeIgniter\Database\BaseBuilder->get()
#4 C:\Absensi-Prakerin-\vendor\codeigniter4\framework\system\BaseModel.php(679): CodeIgniter\Model->doFirst()
#5 C:\Absensi-Prakerin-\app\Filters\NoAuthFilter.php(17): CodeIgniter\BaseModel->first()
#6 C:\Absensi-Prakerin-\vendor\codeigniter4\framework\system\Filters\Filters.php(184): App\Filters\NoAuthFilter->before(Object(CodeIgniter\HTTP\IncomingRequest), NULL)
#7 C:\Absensi-Prakerin-\vendor\codeigniter4\framework\system\CodeIgniter.php(475): CodeIgniter\Filters\Filters->run('', 'before')
#8 C:\Absensi-Prakerin-\vendor\codeigniter4\framework\system\CodeIgniter.php(361): CodeIgniter\CodeIgniter->handleRequest(NULL, Object(Config\Cache), false)
#9 C:\Absensi-Prakerin-\public\index.php(79): CodeIgniter\CodeIgniter->run()
#10 C:\Absensi-Prakerin-\vendor\codeigniter4\framework\system\Commands\Server\rewrite.php(47): require_once('C:\\Absensi-Prak...')
#11 {main}
CRITICAL - 2024-09-16 10:58:21 --> CodeIgniter\Database\Exceptions\DatabaseException: Unable to connect to the database.
Main connection [MySQLi]: No connection could be made because the target machine actively refused it
in SYSTEMPATH\Database\BaseConnection.php on line 428.
 1 SYSTEMPATH\Database\BaseConnection.php(575): CodeIgniter\Database\BaseConnection->initialize()
 2 SYSTEMPATH\Database\BaseBuilder.php(1616): CodeIgniter\Database\BaseConnection->query('SELECT *
FROM `member`
WHERE `member_id` IS NULL
 LIMIT 1', [], false)
 3 SYSTEMPATH\Model.php(271): CodeIgniter\Database\BaseBuilder->get()
 4 SYSTEMPATH\BaseModel.php(679): CodeIgniter\Model->doFirst()
 5 APPPATH\Filters\NoAuthFilter.php(17): CodeIgniter\BaseModel->first()
 6 SYSTEMPATH\Filters\Filters.php(184): App\Filters\NoAuthFilter->before(Object(CodeIgniter\HTTP\IncomingRequest), null)
 7 SYSTEMPATH\CodeIgniter.php(475): CodeIgniter\Filters\Filters->run('', 'before')
 8 SYSTEMPATH\CodeIgniter.php(361): CodeIgniter\CodeIgniter->handleRequest(null, Object(Config\Cache), false)
 9 FCPATH\index.php(79): CodeIgniter\CodeIgniter->run()
10 SYSTEMPATH\Commands\Server\rewrite.php(47): require_once('C:\\Absensi-Prakerin-\\public\\index.php')
INFO - 2024-09-16 11:01:21 --> Session: Class initialized using 'CodeIgniter\Session\Handlers\FileHandler' driver.
INFO - 2024-09-16 11:01:24 --> Session: Class initialized using 'CodeIgniter\Session\Handlers\FileHandler' driver.
INFO - 2024-09-16 11:03:15 --> Session: Class initialized using 'CodeIgniter\Session\Handlers\FileHandler' driver.
INFO - 2024-09-16 11:16:08 --> Session: Class initialized using 'CodeIgniter\Session\Handlers\FileHandler' driver.
INFO - 2024-09-16 11:16:08 --> Session: Class initialized using 'CodeIgniter\Session\Handlers\FileHandler' driver.
INFO - 2024-09-16 11:35:13 --> Session: Class initialized using 'CodeIgniter\Session\Handlers\FileHandler' driver.
INFO - 2024-09-16 12:01:39 --> Session: Class initialized using 'CodeIgniter\Session\Handlers\FileHandler' driver.
ERROR - 2024-09-16 12:01:39 --> mysqli_sql_exception: Unknown column 'waktu_absen' in 'order clause' in C:\Absensi-Prakerin-\vendor\codeigniter4\framework\system\Database\MySQLi\Connection.php:306
Stack trace:
#0 C:\Absensi-Prakerin-\vendor\codeigniter4\framework\system\Database\MySQLi\Connection.php(306): mysqli->query('SELECT *\nFROM `...', 0)
#1 C:\Absensi-Prakerin-\vendor\codeigniter4\framework\system\Database\BaseConnection.php(693): CodeIgniter\Database\MySQLi\Connection->execute('SELECT *\nFROM `...')
#2 C:\Absensi-Prakerin-\vendor\codeigniter4\framework\system\Database\BaseConnection.php(607): CodeIgniter\Database\BaseConnection->simpleQuery('SELECT *\nFROM `...')
#3 C:\Absensi-Prakerin-\vendor\codeigniter4\framework\system\Database\BaseBuilder.php(1616): CodeIgniter\Database\BaseConnection->query('SELECT *\nFROM `...', Array, false)
#4 C:\Absensi-Prakerin-\vendor\codeigniter4\framework\system\Model.php(877): CodeIgniter\Database\BaseBuilder->get()
#5 C:\Absensi-Prakerin-\app\Models\Laporan.php(37): CodeIgniter\Model->__call('get', Array)
#6 C:\Absensi-Prakerin-\app\Controllers\Admin\Admin.php(596): App\Models\Laporan->getDataByDateRangeSSW('2024-05-29', '2024-09-17')
#7 C:\Absensi-Prakerin-\vendor\codeigniter4\framework\system\CodeIgniter.php(943): App\Controllers\Admin\Admin->rekap_aktifitasSiswaFilter()
#8 C:\Absensi-Prakerin-\vendor\codeigniter4\framework\system\CodeIgniter.php(503): CodeIgniter\CodeIgniter->runController(Object(App\Controllers\Admin\Admin))
#9 C:\Absensi-Prakerin-\vendor\codeigniter4\framework\system\CodeIgniter.php(361): CodeIgniter\CodeIgniter->handleRequest(NULL, Object(Config\Cache), false)
#10 C:\Absensi-Prakerin-\public\index.php(79): CodeIgniter\CodeIgniter->run()
#11 C:\Absensi-Prakerin-\vendor\codeigniter4\framework\system\Commands\Server\rewrite.php(47): require_once('C:\\Absensi-Prak...')
#12 {main}
CRITICAL - 2024-09-16 12:01:39 --> CodeIgniter\Database\Exceptions\DatabaseException: Unknown column 'waktu_absen' in 'order clause'
in SYSTEMPATH\Database\BaseConnection.php on line 647.
 1 SYSTEMPATH\Database\BaseBuilder.php(1616): CodeIgniter\Database\BaseConnection->query('SELECT *
FROM `laporan`
WHERE `waktu_laporan` >= :waktu_laporan:
AND `waktu_laporan` <= :waktu_laporan.1:
AND `jenis_user` = :jenis_user:
ORDER BY `waktu_absen` ASC, `laporan_id` ASC', [...], false)
 2 SYSTEMPATH\Model.php(877): CodeIgniter\Database\BaseBuilder->get()
 3 APPPATH\Models\Laporan.php(37): CodeIgniter\Model->__call('get', [])
 4 APPPATH\Controllers\Admin\Admin.php(596): App\Models\Laporan->getDataByDateRangeSSW('2024-05-29', '2024-09-17')
 5 SYSTEMPATH\CodeIgniter.php(943): App\Controllers\Admin\Admin->rekap_aktifitasSiswaFilter()
 6 SYSTEMPATH\CodeIgniter.php(503): CodeIgniter\CodeIgniter->runController(Object(App\Controllers\Admin\Admin))
 7 SYSTEMPATH\CodeIgniter.php(361): CodeIgniter\CodeIgniter->handleRequest(null, Object(Config\Cache), false)
 8 FCPATH\index.php(79): CodeIgniter\CodeIgniter->run()
 9 SYSTEMPATH\Commands\Server\rewrite.php(47): require_once('C:\\Absensi-Prakerin-\\public\\index.php')
CRITICAL - 2024-09-16 12:01:39 --> [Caused by] CodeIgniter\Database\Exceptions\DatabaseException: Unknown column 'waktu_absen' in 'order clause'
in SYSTEMPATH\Database\MySQLi\Connection.php on line 311.
 1 SYSTEMPATH\Database\BaseConnection.php(693): CodeIgniter\Database\MySQLi\Connection->execute('SELECT *
FROM `laporan`
WHERE `waktu_laporan` >= \'2024-05-29\'
AND `waktu_laporan` <= \'2024-09-17\'
AND `jenis_user` = \'Siswa\'
ORDER BY `waktu_absen` ASC, `laporan_id` ASC')
 2 SYSTEMPATH\Database\BaseConnection.php(607): CodeIgniter\Database\BaseConnection->simpleQuery('SELECT *
FROM `laporan`
WHERE `waktu_laporan` >= \'2024-05-29\'
AND `waktu_laporan` <= \'2024-09-17\'
AND `jenis_user` = \'Siswa\'
ORDER BY `waktu_absen` ASC, `laporan_id` ASC')
 3 SYSTEMPATH\Database\BaseBuilder.php(1616): CodeIgniter\Database\BaseConnection->query('SELECT *
FROM `laporan`
WHERE `waktu_laporan` >= :waktu_laporan:
AND `waktu_laporan` <= :waktu_laporan.1:
AND `jenis_user` = :jenis_user:
ORDER BY `waktu_absen` ASC, `laporan_id` ASC', [...], false)
 4 SYSTEMPATH\Model.php(877): CodeIgniter\Database\BaseBuilder->get()
 5 APPPATH\Models\Laporan.php(37): CodeIgniter\Model->__call('get', [])
 6 APPPATH\Controllers\Admin\Admin.php(596): App\Models\Laporan->getDataByDateRangeSSW('2024-05-29', '2024-09-17')
 7 SYSTEMPATH\CodeIgniter.php(943): App\Controllers\Admin\Admin->rekap_aktifitasSiswaFilter()
 8 SYSTEMPATH\CodeIgniter.php(503): CodeIgniter\CodeIgniter->runController(Object(App\Controllers\Admin\Admin))
 9 SYSTEMPATH\CodeIgniter.php(361): CodeIgniter\CodeIgniter->handleRequest(null, Object(Config\Cache), false)
10 FCPATH\index.php(79): CodeIgniter\CodeIgniter->run()
11 SYSTEMPATH\Commands\Server\rewrite.php(47): require_once('C:\\Absensi-Prakerin-\\public\\index.php')
CRITICAL - 2024-09-16 12:01:39 --> [Caused by] mysqli_sql_exception: Unknown column 'waktu_absen' in 'order clause'
in SYSTEMPATH\Database\MySQLi\Connection.php on line 306.
 1 SYSTEMPATH\Database\MySQLi\Connection.php(306): mysqli->query('SELECT *
FROM `laporan`
WHERE `waktu_laporan` >= \'2024-05-29\'
AND `waktu_laporan` <= \'2024-09-17\'
AND `jenis_user` = \'Siswa\'
ORDER BY `waktu_absen` ASC, `laporan_id` ASC', 0)
 2 SYSTEMPATH\Database\BaseConnection.php(693): CodeIgniter\Database\MySQLi\Connection->execute('SELECT *
FROM `laporan`
WHERE `waktu_laporan` >= \'2024-05-29\'
AND `waktu_laporan` <= \'2024-09-17\'
AND `jenis_user` = \'Siswa\'
ORDER BY `waktu_absen` ASC, `laporan_id` ASC')
 3 SYSTEMPATH\Database\BaseConnection.php(607): CodeIgniter\Database\BaseConnection->simpleQuery('SELECT *
FROM `laporan`
WHERE `waktu_laporan` >= \'2024-05-29\'
AND `waktu_laporan` <= \'2024-09-17\'
AND `jenis_user` = \'Siswa\'
ORDER BY `waktu_absen` ASC, `laporan_id` ASC')
 4 SYSTEMPATH\Database\BaseBuilder.php(1616): CodeIgniter\Database\BaseConnection->query('SELECT *
FROM `laporan`
WHERE `waktu_laporan` >= :waktu_laporan:
AND `waktu_laporan` <= :waktu_laporan.1:
AND `jenis_user` = :jenis_user:
ORDER BY `waktu_absen` ASC, `laporan_id` ASC', [...], false)
 5 SYSTEMPATH\Model.php(877): CodeIgniter\Database\BaseBuilder->get()
 6 APPPATH\Models\Laporan.php(37): CodeIgniter\Model->__call('get', [])
 7 APPPATH\Controllers\Admin\Admin.php(596): App\Models\Laporan->getDataByDateRangeSSW('2024-05-29', '2024-09-17')
 8 SYSTEMPATH\CodeIgniter.php(943): App\Controllers\Admin\Admin->rekap_aktifitasSiswaFilter()
 9 SYSTEMPATH\CodeIgniter.php(503): CodeIgniter\CodeIgniter->runController(Object(App\Controllers\Admin\Admin))
10 SYSTEMPATH\CodeIgniter.php(361): CodeIgniter\CodeIgniter->handleRequest(null, Object(Config\Cache), false)
11 FCPATH\index.php(79): CodeIgniter\CodeIgniter->run()
12 SYSTEMPATH\Commands\Server\rewrite.php(47): require_once('C:\\Absensi-Prakerin-\\public\\index.php')
INFO - 2024-09-16 13:25:48 --> Session: Class initialized using 'CodeIgniter\Session\Handlers\FileHandler' driver.
INFO - 2024-09-16 13:25:48 --> Session: Class initialized using 'CodeIgniter\Session\Handlers\FileHandler' driver.
INFO - 2024-09-16 13:26:01 --> Session: Class initialized using 'CodeIgniter\Session\Handlers\FileHandler' driver.
CRITICAL - 2024-09-16 13:56:33 --> ErrorException: Undefined variable $numDays
in APPPATH\Views\Admin\v_rekapData.php on line 129.
 1 APPPATH\Views\Admin\v_rekapData.php(129): CodeIgniter\Debug\Exceptions->errorHandler(2, 'Undefined variable $numDays', 'C:\\Absensi-Prakerin-\\app\\Views\\Admin\\v_rekapData.php', 129)
 2 SYSTEMPATH\View\View.php(228): include('C:\\Absensi-Prakerin-\\app\\Views\\Admin\\v_rekapData.php')
 3 SYSTEMPATH\View\View.php(231): CodeIgniter\View\View->CodeIgniter\View\{closure}()
 4 SYSTEMPATH\Common.php(1178): CodeIgniter\View\View->render('admin/v_rekapData', [], true)
 5 APPPATH\Controllers\Print\Pdf.php(88): view('admin/v_rekapData', [...])
 6 SYSTEMPATH\CodeIgniter.php(943): App\Controllers\Print\Pdf->generatePDF()
 7 SYSTEMPATH\CodeIgniter.php(503): CodeIgniter\CodeIgniter->runController(Object(App\Controllers\Print\Pdf))
 8 SYSTEMPATH\CodeIgniter.php(361): CodeIgniter\CodeIgniter->handleRequest(null, Object(Config\Cache), false)
 9 FCPATH\index.php(79): CodeIgniter\CodeIgniter->run()
10 SYSTEMPATH\Commands\Server\rewrite.php(47): require_once('C:\\Absensi-Prakerin-\\public\\index.php')
INFO - 2024-09-16 14:02:14 --> Session: Class initialized using 'CodeIgniter\Session\Handlers\FileHandler' driver.
CRITICAL - 2024-09-16 14:35:12 --> ErrorException: Undefined variable $numDays
in APPPATH\Views\Admin\v_rekapData.php on line 125.
 1 APPPATH\Views\Admin\v_rekapData.php(125): CodeIgniter\Debug\Exceptions->errorHandler(2, 'Undefined variable $numDays', 'C:\\Absensi-Prakerin-\\app\\Views\\Admin\\v_rekapData.php', 125)
 2 SYSTEMPATH\View\View.php(228): include('C:\\Absensi-Prakerin-\\app\\Views\\Admin\\v_rekapData.php')
 3 SYSTEMPATH\View\View.php(231): CodeIgniter\View\View->CodeIgniter\View\{closure}()
 4 SYSTEMPATH\Common.php(1178): CodeIgniter\View\View->render('admin/v_rekapData', [], true)
 5 APPPATH\Controllers\Print\Pdf.php(88): view('admin/v_rekapData', [...])
 6 SYSTEMPATH\CodeIgniter.php(943): App\Controllers\Print\Pdf->generatePDF()
 7 SYSTEMPATH\CodeIgniter.php(503): CodeIgniter\CodeIgniter->runController(Object(App\Controllers\Print\Pdf))
 8 SYSTEMPATH\CodeIgniter.php(361): CodeIgniter\CodeIgniter->handleRequest(null, Object(Config\Cache), false)
 9 FCPATH\index.php(79): CodeIgniter\CodeIgniter->run()
10 SYSTEMPATH\Commands\Server\rewrite.php(47): require_once('C:\\Absensi-Prakerin-\\public\\index.php')
INFO - 2024-09-16 14:35:26 --> Session: Class initialized using 'CodeIgniter\Session\Handlers\FileHandler' driver.
